#-----------------------------------------------------------
# Vivado v2019.1 (64-bit)
# SW Build 2552052 on Fri May 24 14:47:09 MDT 2019
# IP Build 2548770 on Fri May 24 18:01:18 MDT 2019
# Start of session at: Sun Aug  9 05:12:09 2020
# Process ID: 1247169
# Current directory: /afs/cern.ch/user/p/piyush/work/bitonic64/bitonicSort64/solution1/sim/verilog
# Command line: vivado -source open_wave.tcl
# Log file: /afs/cern.ch/user/p/piyush/work/bitonic64/bitonicSort64/solution1/sim/verilog/vivado.log
# Journal file: /afs/cern.ch/user/p/piyush/work/bitonic64/bitonicSort64/solution1/sim/verilog/vivado.jou
#-----------------------------------------------------------
start_gui
Warning: locale not supported by Xlib, locale set to C
source open_wave.tcl
# current_fileset
INFO: [IP_Flow 19-234] Refreshing IP repositories
INFO: [IP_Flow 19-1704] No user IP repositories specified
INFO: [IP_Flow 19-2313] Loaded Vivado IP repository '/data/tools/Xilinx/Vivado/2019.1/data/ip'.
# open_wave_database bitonicSort64.wdb
open_wave_config /afs/cern.ch/user/p/piyush/work/bitonic64/bitonicSort64/solution1/sim/verilog/bitonicSort64.wcfg
close_sim
INFO: [Simtcl 6-16] Simulation closed
exit
INFO: [Common 17-206] Exiting Vivado at Sun Aug  9 05:12:43 2020...
