INFO: [SIM 2] *************** CSIM start ***************
INFO: [SIM 4] CSIM will launch GCC as the compiler.
   Compiling ../../../../src/bitonicSort64_tb.cpp in debug mode
   Compiling ../../../../src/bitonic32Dec.cpp in debug mode
   Compiling ../../../../src/bitonic32Inc.cpp in debug mode
   Compiling ../../../../src/bitonicFun.cpp in debug mode
   Compiling ../../../../src/bitonicSort64.cpp in debug mode
   Generating csim.exe
numbers are: 12
numbers are: 80
numbers are: 86
numbers are: 16
numbers are: 11
numbers are: 64
numbers are: 63
numbers are: 39
numbers are: 35
numbers are: 81
numbers are: 51
numbers are: 58
numbers are: 67
numbers are: 48
numbers are: 97
numbers are: 18
numbers are: 81
numbers are: 34
numbers are: 18
numbers are: 56
numbers are: 80
numbers are: 99
numbers are: 91
numbers are: 43
numbers are: 68
numbers are: 1
numbers are: 9
numbers are: 41
numbers are: 16
numbers are: 88
numbers are: 53
numbers are: 28
numbers are: 21
numbers are: 39
numbers are: 97
numbers are: 84
numbers are: 3
numbers are: 60
numbers are: 23
numbers are: 90
numbers are: 41
numbers are: 26
numbers are: 1
numbers are: 60
numbers are: 74
numbers are: 98
numbers are: 30
numbers are: 55
numbers are: 84
numbers are: 49
numbers are: 64
numbers are: 16
numbers are: 0
numbers are: 7
numbers are: 59
numbers are: 68
numbers are: 60
numbers are: 69
numbers are: 10
numbers are: 77
numbers are: 9
numbers are: 15
numbers are: 5
numbers are: 82
12 80 86 16 11 64 63 39 35 81 51 58 67 48 97 18 81 34 18 56 80 99 91 43 68 1 9 41 16 88 53 28 
21 39 97 84 3 60 23 90 41 26 1 60 74 98 30 55 84 49 64 16 0 7 59 68 60 69 10 77 9 15 5 82 
1 9 11 12 16 16 18 18 28 34 35 39 41 43 48 51 53 56 58 63 64 67 68 80 80 81 81 86 88 91 97 99 98 97 90 84 84 82 77 74 69 68 64 60 60 60 59 55 49 41 39 30 26 23 21 16 15 10 9 7 5 3 1 0 
0
1
1
3
5
7
9
9
10
11
12
15
16
16
16
18
18
21
23
26
28
30
34
35
39
39
41
41
43
48
49
51
53
55
56
58
59
60
60
60
63
64
64
67
68
68
69
74
77
80
80
81
81
82
84
84
86
88
90
91
97
97
98
99

INFO: [SIM 1] CSim done with 0 errors.
INFO: [SIM 3] *************** CSIM finish ***************
