

================================================================
== Vivado HLS Report for 'bitonicSort64'
================================================================
* Date:           Sun Aug  9 05:07:28 2020

* Version:        2019.1 (Build 2552052 on Fri May 24 15:28:33 MDT 2019)
* Project:        bitonicSort64
* Solution:       solution1
* Product family: virtexuplus
* Target device:  xcvu9p-flgc2104-1-e


================================================================
== Performance Estimates
================================================================
+ Timing (ns): 
    * Summary: 
    +--------+-------+----------+------------+
    |  Clock | Target| Estimated| Uncertainty|
    +--------+-------+----------+------------+
    |ap_clk  |   2.78|     1.890|        0.83|
    +--------+-------+----------+------------+

+ Latency (clock cycles): 
    * Summary: 
    +-----+-----+-----+-----+----------+
    |  Latency  |  Interval | Pipeline |
    | min | max | min | max |   Type   |
    +-----+-----+-----+-----+----------+
    |   13|   13|    9|    9| function |
    +-----+-----+-----+-----+----------+

    + Detail: 
        * Instance: 
        +--------------------------+--------------+-----+-----+-----+-----+----------+
        |                          |              |  Latency  |  Interval | Pipeline |
        |         Instance         |    Module    | min | max | min | max |   Type   |
        +--------------------------+--------------+-----+-----+-----+-----+----------+
        |grp_bitonic32Inc_fu_1112  |bitonic32Inc  |    9|    9|    9|    9| function |
        |grp_bitonic32Dec_fu_1180  |bitonic32Dec  |    9|    9|    9|    9| function |
        +--------------------------+--------------+-----+-----+-----+-----+----------+

        * Loop: 
        N/A



================================================================
== Utilization Estimates
================================================================
* Summary: 
+---------------------+---------+-------+---------+---------+-----+
|         Name        | BRAM_18K| DSP48E|    FF   |   LUT   | URAM|
+---------------------+---------+-------+---------+---------+-----+
|DSP                  |        -|      -|        -|        -|    -|
|Expression           |        -|      -|        0|    16132|    -|
|FIFO                 |        -|      -|        -|        -|    -|
|Instance             |        -|      -|    18614|    40458|    -|
|Memory               |        -|      -|        -|        -|    -|
|Multiplexer          |        -|      -|        -|       65|    -|
|Register             |        -|      -|     8267|        -|    -|
+---------------------+---------+-------+---------+---------+-----+
|Total                |        0|      0|    26881|    56655|    0|
+---------------------+---------+-------+---------+---------+-----+
|Available SLR        |     1440|   2280|   788160|   394080|  320|
+---------------------+---------+-------+---------+---------+-----+
|Utilization SLR (%)  |        0|      0|        3|       14|    0|
+---------------------+---------+-------+---------+---------+-----+
|Available            |     4320|   6840|  2364480|  1182240|  960|
+---------------------+---------+-------+---------+---------+-----+
|Utilization (%)      |        0|      0|        1|        4|    0|
+---------------------+---------+-------+---------+---------+-----+

+ Detail: 
    * Instance: 
    +--------------------------+--------------+---------+-------+------+-------+-----+
    |         Instance         |    Module    | BRAM_18K| DSP48E|  FF  |  LUT  | URAM|
    +--------------------------+--------------+---------+-------+------+-------+-----+
    |grp_bitonic32Dec_fu_1180  |bitonic32Dec  |        0|      0|  9307|  20229|    0|
    |grp_bitonic32Inc_fu_1112  |bitonic32Inc  |        0|      0|  9307|  20229|    0|
    +--------------------------+--------------+---------+-------+------+-------+-----+
    |Total                     |              |        0|      0| 18614|  40458|    0|
    +--------------------------+--------------+---------+-------+------+-------+-----+

    * DSP48E: 
    N/A

    * Memory: 
    N/A

    * FIFO: 
    N/A

    * Expression: 
    +---------------------------+----------+-------+---+-----+------------+------------+
    |       Variable Name       | Operation| DSP48E| FF| LUT | Bitwidth P0| Bitwidth P1|
    +---------------------------+----------+-------+---+-----+------------+------------+
    |ap_block_pp0_stage0_11001  |    and   |      0|  0|    2|           1|           1|
    |icmp_ln895_100_fu_3296_p2  |   icmp   |      0|  0|   20|          32|          32|
    |icmp_ln895_101_fu_3312_p2  |   icmp   |      0|  0|   20|          32|          32|
    |icmp_ln895_102_fu_3328_p2  |   icmp   |      0|  0|   20|          32|          32|
    |icmp_ln895_103_fu_3344_p2  |   icmp   |      0|  0|   20|          32|          32|
    |icmp_ln895_104_fu_3360_p2  |   icmp   |      0|  0|   20|          32|          32|
    |icmp_ln895_105_fu_3376_p2  |   icmp   |      0|  0|   20|          32|          32|
    |icmp_ln895_106_fu_3392_p2  |   icmp   |      0|  0|   20|          32|          32|
    |icmp_ln895_107_fu_3408_p2  |   icmp   |      0|  0|   20|          32|          32|
    |icmp_ln895_108_fu_3424_p2  |   icmp   |      0|  0|   20|          32|          32|
    |icmp_ln895_109_fu_3440_p2  |   icmp   |      0|  0|   20|          32|          32|
    |icmp_ln895_10_fu_1664_p2   |   icmp   |      0|  0|   20|          32|          32|
    |icmp_ln895_110_fu_3456_p2  |   icmp   |      0|  0|   20|          32|          32|
    |icmp_ln895_111_fu_3472_p2  |   icmp   |      0|  0|   20|          32|          32|
    |icmp_ln895_112_fu_3488_p2  |   icmp   |      0|  0|   20|          32|          32|
    |icmp_ln895_113_fu_3504_p2  |   icmp   |      0|  0|   20|          32|          32|
    |icmp_ln895_114_fu_3520_p2  |   icmp   |      0|  0|   20|          32|          32|
    |icmp_ln895_115_fu_3536_p2  |   icmp   |      0|  0|   20|          32|          32|
    |icmp_ln895_116_fu_3552_p2  |   icmp   |      0|  0|   20|          32|          32|
    |icmp_ln895_117_fu_3568_p2  |   icmp   |      0|  0|   20|          32|          32|
    |icmp_ln895_118_fu_3584_p2  |   icmp   |      0|  0|   20|          32|          32|
    |icmp_ln895_119_fu_3600_p2  |   icmp   |      0|  0|   20|          32|          32|
    |icmp_ln895_11_fu_1680_p2   |   icmp   |      0|  0|   20|          32|          32|
    |icmp_ln895_120_fu_3616_p2  |   icmp   |      0|  0|   20|          32|          32|
    |icmp_ln895_121_fu_3632_p2  |   icmp   |      0|  0|   20|          32|          32|
    |icmp_ln895_122_fu_3648_p2  |   icmp   |      0|  0|   20|          32|          32|
    |icmp_ln895_123_fu_3664_p2  |   icmp   |      0|  0|   20|          32|          32|
    |icmp_ln895_124_fu_3680_p2  |   icmp   |      0|  0|   20|          32|          32|
    |icmp_ln895_125_fu_3696_p2  |   icmp   |      0|  0|   20|          32|          32|
    |icmp_ln895_126_fu_3712_p2  |   icmp   |      0|  0|   20|          32|          32|
    |icmp_ln895_127_fu_3728_p2  |   icmp   |      0|  0|   20|          32|          32|
    |icmp_ln895_128_fu_3744_p2  |   icmp   |      0|  0|   20|          32|          32|
    |icmp_ln895_129_fu_3750_p2  |   icmp   |      0|  0|   20|          32|          32|
    |icmp_ln895_12_fu_1696_p2   |   icmp   |      0|  0|   20|          32|          32|
    |icmp_ln895_130_fu_3756_p2  |   icmp   |      0|  0|   20|          32|          32|
    |icmp_ln895_131_fu_3762_p2  |   icmp   |      0|  0|   20|          32|          32|
    |icmp_ln895_132_fu_3768_p2  |   icmp   |      0|  0|   20|          32|          32|
    |icmp_ln895_133_fu_3774_p2  |   icmp   |      0|  0|   20|          32|          32|
    |icmp_ln895_134_fu_3780_p2  |   icmp   |      0|  0|   20|          32|          32|
    |icmp_ln895_135_fu_3786_p2  |   icmp   |      0|  0|   20|          32|          32|
    |icmp_ln895_136_fu_3792_p2  |   icmp   |      0|  0|   20|          32|          32|
    |icmp_ln895_137_fu_3798_p2  |   icmp   |      0|  0|   20|          32|          32|
    |icmp_ln895_138_fu_3804_p2  |   icmp   |      0|  0|   20|          32|          32|
    |icmp_ln895_139_fu_3810_p2  |   icmp   |      0|  0|   20|          32|          32|
    |icmp_ln895_13_fu_1712_p2   |   icmp   |      0|  0|   20|          32|          32|
    |icmp_ln895_140_fu_3816_p2  |   icmp   |      0|  0|   20|          32|          32|
    |icmp_ln895_141_fu_3822_p2  |   icmp   |      0|  0|   20|          32|          32|
    |icmp_ln895_142_fu_3828_p2  |   icmp   |      0|  0|   20|          32|          32|
    |icmp_ln895_143_fu_3834_p2  |   icmp   |      0|  0|   20|          32|          32|
    |icmp_ln895_144_fu_3840_p2  |   icmp   |      0|  0|   20|          32|          32|
    |icmp_ln895_145_fu_3846_p2  |   icmp   |      0|  0|   20|          32|          32|
    |icmp_ln895_146_fu_3852_p2  |   icmp   |      0|  0|   20|          32|          32|
    |icmp_ln895_147_fu_3858_p2  |   icmp   |      0|  0|   20|          32|          32|
    |icmp_ln895_148_fu_3864_p2  |   icmp   |      0|  0|   20|          32|          32|
    |icmp_ln895_149_fu_3870_p2  |   icmp   |      0|  0|   20|          32|          32|
    |icmp_ln895_14_fu_1728_p2   |   icmp   |      0|  0|   20|          32|          32|
    |icmp_ln895_150_fu_3876_p2  |   icmp   |      0|  0|   20|          32|          32|
    |icmp_ln895_151_fu_3882_p2  |   icmp   |      0|  0|   20|          32|          32|
    |icmp_ln895_152_fu_3888_p2  |   icmp   |      0|  0|   20|          32|          32|
    |icmp_ln895_153_fu_3894_p2  |   icmp   |      0|  0|   20|          32|          32|
    |icmp_ln895_154_fu_3900_p2  |   icmp   |      0|  0|   20|          32|          32|
    |icmp_ln895_155_fu_3906_p2  |   icmp   |      0|  0|   20|          32|          32|
    |icmp_ln895_156_fu_3912_p2  |   icmp   |      0|  0|   20|          32|          32|
    |icmp_ln895_157_fu_3918_p2  |   icmp   |      0|  0|   20|          32|          32|
    |icmp_ln895_158_fu_3924_p2  |   icmp   |      0|  0|   20|          32|          32|
    |icmp_ln895_159_fu_3930_p2  |   icmp   |      0|  0|   20|          32|          32|
    |icmp_ln895_15_fu_1744_p2   |   icmp   |      0|  0|   20|          32|          32|
    |icmp_ln895_160_fu_4256_p2  |   icmp   |      0|  0|   20|          32|          32|
    |icmp_ln895_161_fu_4280_p2  |   icmp   |      0|  0|   20|          32|          32|
    |icmp_ln895_162_fu_4304_p2  |   icmp   |      0|  0|   20|          32|          32|
    |icmp_ln895_163_fu_4328_p2  |   icmp   |      0|  0|   20|          32|          32|
    |icmp_ln895_164_fu_4352_p2  |   icmp   |      0|  0|   20|          32|          32|
    |icmp_ln895_165_fu_4376_p2  |   icmp   |      0|  0|   20|          32|          32|
    |icmp_ln895_166_fu_4400_p2  |   icmp   |      0|  0|   20|          32|          32|
    |icmp_ln895_167_fu_4424_p2  |   icmp   |      0|  0|   20|          32|          32|
    |icmp_ln895_168_fu_4448_p2  |   icmp   |      0|  0|   20|          32|          32|
    |icmp_ln895_169_fu_4472_p2  |   icmp   |      0|  0|   20|          32|          32|
    |icmp_ln895_16_fu_1760_p2   |   icmp   |      0|  0|   20|          32|          32|
    |icmp_ln895_170_fu_4496_p2  |   icmp   |      0|  0|   20|          32|          32|
    |icmp_ln895_171_fu_4520_p2  |   icmp   |      0|  0|   20|          32|          32|
    |icmp_ln895_172_fu_4544_p2  |   icmp   |      0|  0|   20|          32|          32|
    |icmp_ln895_173_fu_4568_p2  |   icmp   |      0|  0|   20|          32|          32|
    |icmp_ln895_174_fu_4592_p2  |   icmp   |      0|  0|   20|          32|          32|
    |icmp_ln895_175_fu_4616_p2  |   icmp   |      0|  0|   20|          32|          32|
    |icmp_ln895_176_fu_4640_p2  |   icmp   |      0|  0|   20|          32|          32|
    |icmp_ln895_177_fu_4664_p2  |   icmp   |      0|  0|   20|          32|          32|
    |icmp_ln895_178_fu_4688_p2  |   icmp   |      0|  0|   20|          32|          32|
    |icmp_ln895_179_fu_4712_p2  |   icmp   |      0|  0|   20|          32|          32|
    |icmp_ln895_17_fu_1776_p2   |   icmp   |      0|  0|   20|          32|          32|
    |icmp_ln895_180_fu_4736_p2  |   icmp   |      0|  0|   20|          32|          32|
    |icmp_ln895_181_fu_4760_p2  |   icmp   |      0|  0|   20|          32|          32|
    |icmp_ln895_182_fu_4784_p2  |   icmp   |      0|  0|   20|          32|          32|
    |icmp_ln895_183_fu_4808_p2  |   icmp   |      0|  0|   20|          32|          32|
    |icmp_ln895_184_fu_4832_p2  |   icmp   |      0|  0|   20|          32|          32|
    |icmp_ln895_185_fu_4856_p2  |   icmp   |      0|  0|   20|          32|          32|
    |icmp_ln895_186_fu_4880_p2  |   icmp   |      0|  0|   20|          32|          32|
    |icmp_ln895_187_fu_4904_p2  |   icmp   |      0|  0|   20|          32|          32|
    |icmp_ln895_188_fu_4928_p2  |   icmp   |      0|  0|   20|          32|          32|
    |icmp_ln895_189_fu_4952_p2  |   icmp   |      0|  0|   20|          32|          32|
    |icmp_ln895_18_fu_1792_p2   |   icmp   |      0|  0|   20|          32|          32|
    |icmp_ln895_190_fu_4976_p2  |   icmp   |      0|  0|   20|          32|          32|
    |icmp_ln895_191_fu_5000_p2  |   icmp   |      0|  0|   20|          32|          32|
    |icmp_ln895_19_fu_1808_p2   |   icmp   |      0|  0|   20|          32|          32|
    |icmp_ln895_1_fu_1520_p2    |   icmp   |      0|  0|   20|          32|          32|
    |icmp_ln895_20_fu_1824_p2   |   icmp   |      0|  0|   20|          32|          32|
    |icmp_ln895_21_fu_1840_p2   |   icmp   |      0|  0|   20|          32|          32|
    |icmp_ln895_22_fu_1856_p2   |   icmp   |      0|  0|   20|          32|          32|
    |icmp_ln895_23_fu_1872_p2   |   icmp   |      0|  0|   20|          32|          32|
    |icmp_ln895_24_fu_1888_p2   |   icmp   |      0|  0|   20|          32|          32|
    |icmp_ln895_25_fu_1904_p2   |   icmp   |      0|  0|   20|          32|          32|
    |icmp_ln895_26_fu_1920_p2   |   icmp   |      0|  0|   20|          32|          32|
    |icmp_ln895_27_fu_1936_p2   |   icmp   |      0|  0|   20|          32|          32|
    |icmp_ln895_28_fu_1952_p2   |   icmp   |      0|  0|   20|          32|          32|
    |icmp_ln895_29_fu_1968_p2   |   icmp   |      0|  0|   20|          32|          32|
    |icmp_ln895_2_fu_1536_p2    |   icmp   |      0|  0|   20|          32|          32|
    |icmp_ln895_30_fu_1984_p2   |   icmp   |      0|  0|   20|          32|          32|
    |icmp_ln895_31_fu_2000_p2   |   icmp   |      0|  0|   20|          32|          32|
    |icmp_ln895_32_fu_2016_p2   |   icmp   |      0|  0|   20|          32|          32|
    |icmp_ln895_33_fu_2022_p2   |   icmp   |      0|  0|   20|          32|          32|
    |icmp_ln895_34_fu_2028_p2   |   icmp   |      0|  0|   20|          32|          32|
    |icmp_ln895_35_fu_2034_p2   |   icmp   |      0|  0|   20|          32|          32|
    |icmp_ln895_36_fu_2040_p2   |   icmp   |      0|  0|   20|          32|          32|
    |icmp_ln895_37_fu_2046_p2   |   icmp   |      0|  0|   20|          32|          32|
    |icmp_ln895_38_fu_2052_p2   |   icmp   |      0|  0|   20|          32|          32|
    |icmp_ln895_39_fu_2058_p2   |   icmp   |      0|  0|   20|          32|          32|
    |icmp_ln895_3_fu_1552_p2    |   icmp   |      0|  0|   20|          32|          32|
    |icmp_ln895_40_fu_2064_p2   |   icmp   |      0|  0|   20|          32|          32|
    |icmp_ln895_41_fu_2070_p2   |   icmp   |      0|  0|   20|          32|          32|
    |icmp_ln895_42_fu_2076_p2   |   icmp   |      0|  0|   20|          32|          32|
    |icmp_ln895_43_fu_2082_p2   |   icmp   |      0|  0|   20|          32|          32|
    |icmp_ln895_44_fu_2088_p2   |   icmp   |      0|  0|   20|          32|          32|
    |icmp_ln895_45_fu_2094_p2   |   icmp   |      0|  0|   20|          32|          32|
    |icmp_ln895_46_fu_2100_p2   |   icmp   |      0|  0|   20|          32|          32|
    |icmp_ln895_47_fu_2106_p2   |   icmp   |      0|  0|   20|          32|          32|
    |icmp_ln895_48_fu_2112_p2   |   icmp   |      0|  0|   20|          32|          32|
    |icmp_ln895_49_fu_2118_p2   |   icmp   |      0|  0|   20|          32|          32|
    |icmp_ln895_4_fu_1568_p2    |   icmp   |      0|  0|   20|          32|          32|
    |icmp_ln895_50_fu_2124_p2   |   icmp   |      0|  0|   20|          32|          32|
    |icmp_ln895_51_fu_2130_p2   |   icmp   |      0|  0|   20|          32|          32|
    |icmp_ln895_52_fu_2136_p2   |   icmp   |      0|  0|   20|          32|          32|
    |icmp_ln895_53_fu_2142_p2   |   icmp   |      0|  0|   20|          32|          32|
    |icmp_ln895_54_fu_2148_p2   |   icmp   |      0|  0|   20|          32|          32|
    |icmp_ln895_55_fu_2154_p2   |   icmp   |      0|  0|   20|          32|          32|
    |icmp_ln895_56_fu_2160_p2   |   icmp   |      0|  0|   20|          32|          32|
    |icmp_ln895_57_fu_2166_p2   |   icmp   |      0|  0|   20|          32|          32|
    |icmp_ln895_58_fu_2172_p2   |   icmp   |      0|  0|   20|          32|          32|
    |icmp_ln895_59_fu_2178_p2   |   icmp   |      0|  0|   20|          32|          32|
    |icmp_ln895_5_fu_1584_p2    |   icmp   |      0|  0|   20|          32|          32|
    |icmp_ln895_60_fu_2184_p2   |   icmp   |      0|  0|   20|          32|          32|
    |icmp_ln895_61_fu_2190_p2   |   icmp   |      0|  0|   20|          32|          32|
    |icmp_ln895_62_fu_2196_p2   |   icmp   |      0|  0|   20|          32|          32|
    |icmp_ln895_63_fu_2202_p2   |   icmp   |      0|  0|   20|          32|          32|
    |icmp_ln895_64_fu_2528_p2   |   icmp   |      0|  0|   20|          32|          32|
    |icmp_ln895_65_fu_2550_p2   |   icmp   |      0|  0|   20|          32|          32|
    |icmp_ln895_66_fu_2572_p2   |   icmp   |      0|  0|   20|          32|          32|
    |icmp_ln895_67_fu_2594_p2   |   icmp   |      0|  0|   20|          32|          32|
    |icmp_ln895_68_fu_2616_p2   |   icmp   |      0|  0|   20|          32|          32|
    |icmp_ln895_69_fu_2638_p2   |   icmp   |      0|  0|   20|          32|          32|
    |icmp_ln895_6_fu_1600_p2    |   icmp   |      0|  0|   20|          32|          32|
    |icmp_ln895_70_fu_2660_p2   |   icmp   |      0|  0|   20|          32|          32|
    |icmp_ln895_71_fu_2682_p2   |   icmp   |      0|  0|   20|          32|          32|
    |icmp_ln895_72_fu_2704_p2   |   icmp   |      0|  0|   20|          32|          32|
    |icmp_ln895_73_fu_2726_p2   |   icmp   |      0|  0|   20|          32|          32|
    |icmp_ln895_74_fu_2748_p2   |   icmp   |      0|  0|   20|          32|          32|
    |icmp_ln895_75_fu_2770_p2   |   icmp   |      0|  0|   20|          32|          32|
    |icmp_ln895_76_fu_2792_p2   |   icmp   |      0|  0|   20|          32|          32|
    |icmp_ln895_77_fu_2814_p2   |   icmp   |      0|  0|   20|          32|          32|
    |icmp_ln895_78_fu_2836_p2   |   icmp   |      0|  0|   20|          32|          32|
    |icmp_ln895_79_fu_2858_p2   |   icmp   |      0|  0|   20|          32|          32|
    |icmp_ln895_7_fu_1616_p2    |   icmp   |      0|  0|   20|          32|          32|
    |icmp_ln895_80_fu_2880_p2   |   icmp   |      0|  0|   20|          32|          32|
    |icmp_ln895_81_fu_2902_p2   |   icmp   |      0|  0|   20|          32|          32|
    |icmp_ln895_82_fu_2924_p2   |   icmp   |      0|  0|   20|          32|          32|
    |icmp_ln895_83_fu_2946_p2   |   icmp   |      0|  0|   20|          32|          32|
    |icmp_ln895_84_fu_2968_p2   |   icmp   |      0|  0|   20|          32|          32|
    |icmp_ln895_85_fu_2990_p2   |   icmp   |      0|  0|   20|          32|          32|
    |icmp_ln895_86_fu_3012_p2   |   icmp   |      0|  0|   20|          32|          32|
    |icmp_ln895_87_fu_3034_p2   |   icmp   |      0|  0|   20|          32|          32|
    |icmp_ln895_88_fu_3056_p2   |   icmp   |      0|  0|   20|          32|          32|
    |icmp_ln895_89_fu_3078_p2   |   icmp   |      0|  0|   20|          32|          32|
    |icmp_ln895_8_fu_1632_p2    |   icmp   |      0|  0|   20|          32|          32|
    |icmp_ln895_90_fu_3100_p2   |   icmp   |      0|  0|   20|          32|          32|
    |icmp_ln895_91_fu_3122_p2   |   icmp   |      0|  0|   20|          32|          32|
    |icmp_ln895_92_fu_3144_p2   |   icmp   |      0|  0|   20|          32|          32|
    |icmp_ln895_93_fu_3166_p2   |   icmp   |      0|  0|   20|          32|          32|
    |icmp_ln895_94_fu_3188_p2   |   icmp   |      0|  0|   20|          32|          32|
    |icmp_ln895_95_fu_3210_p2   |   icmp   |      0|  0|   20|          32|          32|
    |icmp_ln895_96_fu_3232_p2   |   icmp   |      0|  0|   20|          32|          32|
    |icmp_ln895_97_fu_3248_p2   |   icmp   |      0|  0|   20|          32|          32|
    |icmp_ln895_98_fu_3264_p2   |   icmp   |      0|  0|   20|          32|          32|
    |icmp_ln895_99_fu_3280_p2   |   icmp   |      0|  0|   20|          32|          32|
    |icmp_ln895_9_fu_1648_p2    |   icmp   |      0|  0|   20|          32|          32|
    |icmp_ln895_fu_1504_p2      |   icmp   |      0|  0|   20|          32|          32|
    |out_0_V                    |  select  |      0|  0|   32|           1|          32|
    |out_10_V                   |  select  |      0|  0|   32|           1|          32|
    |out_11_V                   |  select  |      0|  0|   32|           1|          32|
    |out_12_V                   |  select  |      0|  0|   32|           1|          32|
    |out_13_V                   |  select  |      0|  0|   32|           1|          32|
    |out_14_V                   |  select  |      0|  0|   32|           1|          32|
    |out_15_V                   |  select  |      0|  0|   32|           1|          32|
    |out_16_V                   |  select  |      0|  0|   32|           1|          32|
    |out_17_V                   |  select  |      0|  0|   32|           1|          32|
    |out_18_V                   |  select  |      0|  0|   32|           1|          32|
    |out_19_V                   |  select  |      0|  0|   32|           1|          32|
    |out_1_V                    |  select  |      0|  0|   32|           1|          32|
    |out_20_V                   |  select  |      0|  0|   32|           1|          32|
    |out_21_V                   |  select  |      0|  0|   32|           1|          32|
    |out_22_V                   |  select  |      0|  0|   32|           1|          32|
    |out_23_V                   |  select  |      0|  0|   32|           1|          32|
    |out_24_V                   |  select  |      0|  0|   32|           1|          32|
    |out_25_V                   |  select  |      0|  0|   32|           1|          32|
    |out_26_V                   |  select  |      0|  0|   32|           1|          32|
    |out_27_V                   |  select  |      0|  0|   32|           1|          32|
    |out_28_V                   |  select  |      0|  0|   32|           1|          32|
    |out_29_V                   |  select  |      0|  0|   32|           1|          32|
    |out_2_V                    |  select  |      0|  0|   32|           1|          32|
    |out_30_V                   |  select  |      0|  0|   32|           1|          32|
    |out_31_V                   |  select  |      0|  0|   32|           1|          32|
    |out_32_V                   |  select  |      0|  0|   32|           1|          32|
    |out_33_V                   |  select  |      0|  0|   32|           1|          32|
    |out_34_V                   |  select  |      0|  0|   32|           1|          32|
    |out_35_V                   |  select  |      0|  0|   32|           1|          32|
    |out_36_V                   |  select  |      0|  0|   32|           1|          32|
    |out_37_V                   |  select  |      0|  0|   32|           1|          32|
    |out_38_V                   |  select  |      0|  0|   32|           1|          32|
    |out_39_V                   |  select  |      0|  0|   32|           1|          32|
    |out_3_V                    |  select  |      0|  0|   32|           1|          32|
    |out_40_V                   |  select  |      0|  0|   32|           1|          32|
    |out_41_V                   |  select  |      0|  0|   32|           1|          32|
    |out_42_V                   |  select  |      0|  0|   32|           1|          32|
    |out_43_V                   |  select  |      0|  0|   32|           1|          32|
    |out_44_V                   |  select  |      0|  0|   32|           1|          32|
    |out_45_V                   |  select  |      0|  0|   32|           1|          32|
    |out_46_V                   |  select  |      0|  0|   32|           1|          32|
    |out_47_V                   |  select  |      0|  0|   32|           1|          32|
    |out_48_V                   |  select  |      0|  0|   32|           1|          32|
    |out_49_V                   |  select  |      0|  0|   32|           1|          32|
    |out_4_V                    |  select  |      0|  0|   32|           1|          32|
    |out_50_V                   |  select  |      0|  0|   32|           1|          32|
    |out_51_V                   |  select  |      0|  0|   32|           1|          32|
    |out_52_V                   |  select  |      0|  0|   32|           1|          32|
    |out_53_V                   |  select  |      0|  0|   32|           1|          32|
    |out_54_V                   |  select  |      0|  0|   32|           1|          32|
    |out_55_V                   |  select  |      0|  0|   32|           1|          32|
    |out_56_V                   |  select  |      0|  0|   32|           1|          32|
    |out_57_V                   |  select  |      0|  0|   32|           1|          32|
    |out_58_V                   |  select  |      0|  0|   32|           1|          32|
    |out_59_V                   |  select  |      0|  0|   32|           1|          32|
    |out_5_V                    |  select  |      0|  0|   32|           1|          32|
    |out_60_V                   |  select  |      0|  0|   32|           1|          32|
    |out_61_V                   |  select  |      0|  0|   32|           1|          32|
    |out_62_V                   |  select  |      0|  0|   32|           1|          32|
    |out_63_V                   |  select  |      0|  0|   32|           1|          32|
    |out_6_V                    |  select  |      0|  0|   32|           1|          32|
    |out_7_V                    |  select  |      0|  0|   32|           1|          32|
    |out_8_V                    |  select  |      0|  0|   32|           1|          32|
    |out_9_V                    |  select  |      0|  0|   32|           1|          32|
    |s_0_V_fu_1514_p3           |  select  |      0|  0|   32|           1|          32|
    |s_10_V_fu_1674_p3          |  select  |      0|  0|   32|           1|          32|
    |s_11_V_fu_1690_p3          |  select  |      0|  0|   32|           1|          32|
    |s_12_V_fu_1706_p3          |  select  |      0|  0|   32|           1|          32|
    |s_13_V_fu_1722_p3          |  select  |      0|  0|   32|           1|          32|
    |s_14_V_fu_1738_p3          |  select  |      0|  0|   32|           1|          32|
    |s_15_V_fu_1754_p3          |  select  |      0|  0|   32|           1|          32|
    |s_16_V_fu_1770_p3          |  select  |      0|  0|   32|           1|          32|
    |s_17_V_fu_1786_p3          |  select  |      0|  0|   32|           1|          32|
    |s_18_V_fu_1802_p3          |  select  |      0|  0|   32|           1|          32|
    |s_19_V_fu_1818_p3          |  select  |      0|  0|   32|           1|          32|
    |s_1_V_fu_1530_p3           |  select  |      0|  0|   32|           1|          32|
    |s_20_V_fu_1834_p3          |  select  |      0|  0|   32|           1|          32|
    |s_21_V_fu_1850_p3          |  select  |      0|  0|   32|           1|          32|
    |s_22_V_fu_1866_p3          |  select  |      0|  0|   32|           1|          32|
    |s_23_V_fu_1882_p3          |  select  |      0|  0|   32|           1|          32|
    |s_24_V_fu_1898_p3          |  select  |      0|  0|   32|           1|          32|
    |s_25_V_fu_1914_p3          |  select  |      0|  0|   32|           1|          32|
    |s_26_V_fu_1930_p3          |  select  |      0|  0|   32|           1|          32|
    |s_27_V_fu_1946_p3          |  select  |      0|  0|   32|           1|          32|
    |s_28_V_fu_1962_p3          |  select  |      0|  0|   32|           1|          32|
    |s_29_V_fu_1978_p3          |  select  |      0|  0|   32|           1|          32|
    |s_2_V_fu_1546_p3           |  select  |      0|  0|   32|           1|          32|
    |s_30_V_fu_1994_p3          |  select  |      0|  0|   32|           1|          32|
    |s_31_V_fu_2010_p3          |  select  |      0|  0|   32|           1|          32|
    |s_32_V_fu_1508_p3          |  select  |      0|  0|   32|           1|          32|
    |s_33_V_fu_1524_p3          |  select  |      0|  0|   32|           1|          32|
    |s_34_V_fu_1540_p3          |  select  |      0|  0|   32|           1|          32|
    |s_35_V_fu_1556_p3          |  select  |      0|  0|   32|           1|          32|
    |s_36_V_fu_1572_p3          |  select  |      0|  0|   32|           1|          32|
    |s_37_V_fu_1588_p3          |  select  |      0|  0|   32|           1|          32|
    |s_38_V_fu_1604_p3          |  select  |      0|  0|   32|           1|          32|
    |s_39_V_fu_1620_p3          |  select  |      0|  0|   32|           1|          32|
    |s_3_V_fu_1562_p3           |  select  |      0|  0|   32|           1|          32|
    |s_40_V_fu_1636_p3          |  select  |      0|  0|   32|           1|          32|
    |s_41_V_fu_1652_p3          |  select  |      0|  0|   32|           1|          32|
    |s_42_V_fu_1668_p3          |  select  |      0|  0|   32|           1|          32|
    |s_43_V_fu_1684_p3          |  select  |      0|  0|   32|           1|          32|
    |s_44_V_fu_1700_p3          |  select  |      0|  0|   32|           1|          32|
    |s_45_V_fu_1716_p3          |  select  |      0|  0|   32|           1|          32|
    |s_46_V_fu_1732_p3          |  select  |      0|  0|   32|           1|          32|
    |s_47_V_fu_1748_p3          |  select  |      0|  0|   32|           1|          32|
    |s_48_V_fu_1764_p3          |  select  |      0|  0|   32|           1|          32|
    |s_49_V_fu_1780_p3          |  select  |      0|  0|   32|           1|          32|
    |s_4_V_fu_1578_p3           |  select  |      0|  0|   32|           1|          32|
    |s_50_V_fu_1796_p3          |  select  |      0|  0|   32|           1|          32|
    |s_51_V_fu_1812_p3          |  select  |      0|  0|   32|           1|          32|
    |s_52_V_fu_1828_p3          |  select  |      0|  0|   32|           1|          32|
    |s_53_V_fu_1844_p3          |  select  |      0|  0|   32|           1|          32|
    |s_54_V_fu_1860_p3          |  select  |      0|  0|   32|           1|          32|
    |s_55_V_fu_1876_p3          |  select  |      0|  0|   32|           1|          32|
    |s_56_V_fu_1892_p3          |  select  |      0|  0|   32|           1|          32|
    |s_57_V_fu_1908_p3          |  select  |      0|  0|   32|           1|          32|
    |s_58_V_fu_1924_p3          |  select  |      0|  0|   32|           1|          32|
    |s_59_V_fu_1940_p3          |  select  |      0|  0|   32|           1|          32|
    |s_5_V_fu_1594_p3           |  select  |      0|  0|   32|           1|          32|
    |s_60_V_fu_1956_p3          |  select  |      0|  0|   32|           1|          32|
    |s_61_V_fu_1972_p3          |  select  |      0|  0|   32|           1|          32|
    |s_62_V_fu_1988_p3          |  select  |      0|  0|   32|           1|          32|
    |s_63_V_fu_2004_p3          |  select  |      0|  0|   32|           1|          32|
    |s_6_V_fu_1610_p3           |  select  |      0|  0|   32|           1|          32|
    |s_7_V_fu_1626_p3           |  select  |      0|  0|   32|           1|          32|
    |s_8_V_fu_1642_p3           |  select  |      0|  0|   32|           1|          32|
    |s_9_V_fu_1658_p3           |  select  |      0|  0|   32|           1|          32|
    |t_0_V_fu_2213_p3           |  select  |      0|  0|   32|           1|          32|
    |t_10_V_fu_2313_p3          |  select  |      0|  0|   32|           1|          32|
    |t_11_V_fu_2323_p3          |  select  |      0|  0|   32|           1|          32|
    |t_12_V_fu_2333_p3          |  select  |      0|  0|   32|           1|          32|
    |t_13_V_fu_2343_p3          |  select  |      0|  0|   32|           1|          32|
    |t_14_V_fu_2353_p3          |  select  |      0|  0|   32|           1|          32|
    |t_15_V_fu_2363_p3          |  select  |      0|  0|   32|           1|          32|
    |t_16_V_fu_2208_p3          |  select  |      0|  0|   32|           1|          32|
    |t_17_V_fu_2218_p3          |  select  |      0|  0|   32|           1|          32|
    |t_18_V_fu_2228_p3          |  select  |      0|  0|   32|           1|          32|
    |t_19_V_fu_2238_p3          |  select  |      0|  0|   32|           1|          32|
    |t_1_V_fu_2223_p3           |  select  |      0|  0|   32|           1|          32|
    |t_20_V_fu_2248_p3          |  select  |      0|  0|   32|           1|          32|
    |t_21_V_fu_2258_p3          |  select  |      0|  0|   32|           1|          32|
    |t_22_V_fu_2268_p3          |  select  |      0|  0|   32|           1|          32|
    |t_23_V_fu_2278_p3          |  select  |      0|  0|   32|           1|          32|
    |t_24_V_fu_2288_p3          |  select  |      0|  0|   32|           1|          32|
    |t_25_V_fu_2298_p3          |  select  |      0|  0|   32|           1|          32|
    |t_26_V_fu_2308_p3          |  select  |      0|  0|   32|           1|          32|
    |t_27_V_fu_2318_p3          |  select  |      0|  0|   32|           1|          32|
    |t_28_V_fu_2328_p3          |  select  |      0|  0|   32|           1|          32|
    |t_29_V_fu_2338_p3          |  select  |      0|  0|   32|           1|          32|
    |t_2_V_fu_2233_p3           |  select  |      0|  0|   32|           1|          32|
    |t_30_V_fu_2348_p3          |  select  |      0|  0|   32|           1|          32|
    |t_31_V_fu_2358_p3          |  select  |      0|  0|   32|           1|          32|
    |t_32_V_fu_2373_p3          |  select  |      0|  0|   32|           1|          32|
    |t_33_V_fu_2383_p3          |  select  |      0|  0|   32|           1|          32|
    |t_34_V_fu_2393_p3          |  select  |      0|  0|   32|           1|          32|
    |t_35_V_fu_2403_p3          |  select  |      0|  0|   32|           1|          32|
    |t_36_V_fu_2413_p3          |  select  |      0|  0|   32|           1|          32|
    |t_37_V_fu_2423_p3          |  select  |      0|  0|   32|           1|          32|
    |t_38_V_fu_2433_p3          |  select  |      0|  0|   32|           1|          32|
    |t_39_V_fu_2443_p3          |  select  |      0|  0|   32|           1|          32|
    |t_3_V_fu_2243_p3           |  select  |      0|  0|   32|           1|          32|
    |t_40_V_fu_2453_p3          |  select  |      0|  0|   32|           1|          32|
    |t_41_V_fu_2463_p3          |  select  |      0|  0|   32|           1|          32|
    |t_42_V_fu_2473_p3          |  select  |      0|  0|   32|           1|          32|
    |t_43_V_fu_2483_p3          |  select  |      0|  0|   32|           1|          32|
    |t_44_V_fu_2493_p3          |  select  |      0|  0|   32|           1|          32|
    |t_45_V_fu_2503_p3          |  select  |      0|  0|   32|           1|          32|
    |t_46_V_fu_2513_p3          |  select  |      0|  0|   32|           1|          32|
    |t_47_V_fu_2523_p3          |  select  |      0|  0|   32|           1|          32|
    |t_48_V_fu_2368_p3          |  select  |      0|  0|   32|           1|          32|
    |t_49_V_fu_2378_p3          |  select  |      0|  0|   32|           1|          32|
    |t_4_V_fu_2253_p3           |  select  |      0|  0|   32|           1|          32|
    |t_50_V_fu_2388_p3          |  select  |      0|  0|   32|           1|          32|
    |t_51_V_fu_2398_p3          |  select  |      0|  0|   32|           1|          32|
    |t_52_V_fu_2408_p3          |  select  |      0|  0|   32|           1|          32|
    |t_53_V_fu_2418_p3          |  select  |      0|  0|   32|           1|          32|
    |t_54_V_fu_2428_p3          |  select  |      0|  0|   32|           1|          32|
    |t_55_V_fu_2438_p3          |  select  |      0|  0|   32|           1|          32|
    |t_56_V_fu_2448_p3          |  select  |      0|  0|   32|           1|          32|
    |t_57_V_fu_2458_p3          |  select  |      0|  0|   32|           1|          32|
    |t_58_V_fu_2468_p3          |  select  |      0|  0|   32|           1|          32|
    |t_59_V_fu_2478_p3          |  select  |      0|  0|   32|           1|          32|
    |t_5_V_fu_2263_p3           |  select  |      0|  0|   32|           1|          32|
    |t_60_V_fu_2488_p3          |  select  |      0|  0|   32|           1|          32|
    |t_61_V_fu_2498_p3          |  select  |      0|  0|   32|           1|          32|
    |t_62_V_fu_2508_p3          |  select  |      0|  0|   32|           1|          32|
    |t_63_V_fu_2518_p3          |  select  |      0|  0|   32|           1|          32|
    |t_6_V_fu_2273_p3           |  select  |      0|  0|   32|           1|          32|
    |t_7_V_fu_2283_p3           |  select  |      0|  0|   32|           1|          32|
    |t_8_V_fu_2293_p3           |  select  |      0|  0|   32|           1|          32|
    |t_9_V_fu_2303_p3           |  select  |      0|  0|   32|           1|          32|
    |u_0_V_fu_2542_p3           |  select  |      0|  0|   32|           1|          32|
    |u_10_V_fu_2578_p3          |  select  |      0|  0|   32|           1|          32|
    |u_11_V_fu_2600_p3          |  select  |      0|  0|   32|           1|          32|
    |u_12_V_fu_2622_p3          |  select  |      0|  0|   32|           1|          32|
    |u_13_V_fu_2644_p3          |  select  |      0|  0|   32|           1|          32|
    |u_14_V_fu_2666_p3          |  select  |      0|  0|   32|           1|          32|
    |u_15_V_fu_2688_p3          |  select  |      0|  0|   32|           1|          32|
    |u_16_V_fu_2718_p3          |  select  |      0|  0|   32|           1|          32|
    |u_17_V_fu_2740_p3          |  select  |      0|  0|   32|           1|          32|
    |u_18_V_fu_2762_p3          |  select  |      0|  0|   32|           1|          32|
    |u_19_V_fu_2784_p3          |  select  |      0|  0|   32|           1|          32|
    |u_1_V_fu_2564_p3           |  select  |      0|  0|   32|           1|          32|
    |u_20_V_fu_2806_p3          |  select  |      0|  0|   32|           1|          32|
    |u_21_V_fu_2828_p3          |  select  |      0|  0|   32|           1|          32|
    |u_22_V_fu_2850_p3          |  select  |      0|  0|   32|           1|          32|
    |u_23_V_fu_2872_p3          |  select  |      0|  0|   32|           1|          32|
    |u_24_V_fu_2710_p3          |  select  |      0|  0|   32|           1|          32|
    |u_25_V_fu_2732_p3          |  select  |      0|  0|   32|           1|          32|
    |u_26_V_fu_2754_p3          |  select  |      0|  0|   32|           1|          32|
    |u_27_V_fu_2776_p3          |  select  |      0|  0|   32|           1|          32|
    |u_28_V_fu_2798_p3          |  select  |      0|  0|   32|           1|          32|
    |u_29_V_fu_2820_p3          |  select  |      0|  0|   32|           1|          32|
    |u_2_V_fu_2586_p3           |  select  |      0|  0|   32|           1|          32|
    |u_30_V_fu_2842_p3          |  select  |      0|  0|   32|           1|          32|
    |u_31_V_fu_2864_p3          |  select  |      0|  0|   32|           1|          32|
    |u_32_V_fu_2894_p3          |  select  |      0|  0|   32|           1|          32|
    |u_33_V_fu_2916_p3          |  select  |      0|  0|   32|           1|          32|
    |u_34_V_fu_2938_p3          |  select  |      0|  0|   32|           1|          32|
    |u_35_V_fu_2960_p3          |  select  |      0|  0|   32|           1|          32|
    |u_36_V_fu_2982_p3          |  select  |      0|  0|   32|           1|          32|
    |u_37_V_fu_3004_p3          |  select  |      0|  0|   32|           1|          32|
    |u_38_V_fu_3026_p3          |  select  |      0|  0|   32|           1|          32|
    |u_39_V_fu_3048_p3          |  select  |      0|  0|   32|           1|          32|
    |u_3_V_fu_2608_p3           |  select  |      0|  0|   32|           1|          32|
    |u_40_V_fu_2886_p3          |  select  |      0|  0|   32|           1|          32|
    |u_41_V_fu_2908_p3          |  select  |      0|  0|   32|           1|          32|
    |u_42_V_fu_2930_p3          |  select  |      0|  0|   32|           1|          32|
    |u_43_V_fu_2952_p3          |  select  |      0|  0|   32|           1|          32|
    |u_44_V_fu_2974_p3          |  select  |      0|  0|   32|           1|          32|
    |u_45_V_fu_2996_p3          |  select  |      0|  0|   32|           1|          32|
    |u_46_V_fu_3018_p3          |  select  |      0|  0|   32|           1|          32|
    |u_47_V_fu_3040_p3          |  select  |      0|  0|   32|           1|          32|
    |u_48_V_fu_3070_p3          |  select  |      0|  0|   32|           1|          32|
    |u_49_V_fu_3092_p3          |  select  |      0|  0|   32|           1|          32|
    |u_4_V_fu_2630_p3           |  select  |      0|  0|   32|           1|          32|
    |u_50_V_fu_3114_p3          |  select  |      0|  0|   32|           1|          32|
    |u_51_V_fu_3136_p3          |  select  |      0|  0|   32|           1|          32|
    |u_52_V_fu_3158_p3          |  select  |      0|  0|   32|           1|          32|
    |u_53_V_fu_3180_p3          |  select  |      0|  0|   32|           1|          32|
    |u_54_V_fu_3202_p3          |  select  |      0|  0|   32|           1|          32|
    |u_55_V_fu_3224_p3          |  select  |      0|  0|   32|           1|          32|
    |u_56_V_fu_3062_p3          |  select  |      0|  0|   32|           1|          32|
    |u_57_V_fu_3084_p3          |  select  |      0|  0|   32|           1|          32|
    |u_58_V_fu_3106_p3          |  select  |      0|  0|   32|           1|          32|
    |u_59_V_fu_3128_p3          |  select  |      0|  0|   32|           1|          32|
    |u_5_V_fu_2652_p3           |  select  |      0|  0|   32|           1|          32|
    |u_60_V_fu_3150_p3          |  select  |      0|  0|   32|           1|          32|
    |u_61_V_fu_3172_p3          |  select  |      0|  0|   32|           1|          32|
    |u_62_V_fu_3194_p3          |  select  |      0|  0|   32|           1|          32|
    |u_63_V_fu_3216_p3          |  select  |      0|  0|   32|           1|          32|
    |u_6_V_fu_2674_p3           |  select  |      0|  0|   32|           1|          32|
    |u_7_V_fu_2696_p3           |  select  |      0|  0|   32|           1|          32|
    |u_8_V_fu_2534_p3           |  select  |      0|  0|   32|           1|          32|
    |u_9_V_fu_2556_p3           |  select  |      0|  0|   32|           1|          32|
    |v_0_V_fu_3242_p3           |  select  |      0|  0|   32|           1|          32|
    |v_10_V_fu_3338_p3          |  select  |      0|  0|   32|           1|          32|
    |v_11_V_fu_3354_p3          |  select  |      0|  0|   32|           1|          32|
    |v_12_V_fu_3300_p3          |  select  |      0|  0|   32|           1|          32|
    |v_13_V_fu_3316_p3          |  select  |      0|  0|   32|           1|          32|
    |v_14_V_fu_3332_p3          |  select  |      0|  0|   32|           1|          32|
    |v_15_V_fu_3348_p3          |  select  |      0|  0|   32|           1|          32|
    |v_16_V_fu_3370_p3          |  select  |      0|  0|   32|           1|          32|
    |v_17_V_fu_3386_p3          |  select  |      0|  0|   32|           1|          32|
    |v_18_V_fu_3402_p3          |  select  |      0|  0|   32|           1|          32|
    |v_19_V_fu_3418_p3          |  select  |      0|  0|   32|           1|          32|
    |v_1_V_fu_3258_p3           |  select  |      0|  0|   32|           1|          32|
    |v_20_V_fu_3364_p3          |  select  |      0|  0|   32|           1|          32|
    |v_21_V_fu_3380_p3          |  select  |      0|  0|   32|           1|          32|
    |v_22_V_fu_3396_p3          |  select  |      0|  0|   32|           1|          32|
    |v_23_V_fu_3412_p3          |  select  |      0|  0|   32|           1|          32|
    |v_24_V_fu_3434_p3          |  select  |      0|  0|   32|           1|          32|
    |v_25_V_fu_3450_p3          |  select  |      0|  0|   32|           1|          32|
    |v_26_V_fu_3466_p3          |  select  |      0|  0|   32|           1|          32|
    |v_27_V_fu_3482_p3          |  select  |      0|  0|   32|           1|          32|
    |v_28_V_fu_3428_p3          |  select  |      0|  0|   32|           1|          32|
    |v_29_V_fu_3444_p3          |  select  |      0|  0|   32|           1|          32|
    |v_2_V_fu_3274_p3           |  select  |      0|  0|   32|           1|          32|
    |v_30_V_fu_3460_p3          |  select  |      0|  0|   32|           1|          32|
    |v_31_V_fu_3476_p3          |  select  |      0|  0|   32|           1|          32|
    |v_32_V_fu_3498_p3          |  select  |      0|  0|   32|           1|          32|
    |v_33_V_fu_3514_p3          |  select  |      0|  0|   32|           1|          32|
    |v_34_V_fu_3530_p3          |  select  |      0|  0|   32|           1|          32|
    |v_35_V_fu_3546_p3          |  select  |      0|  0|   32|           1|          32|
    |v_36_V_fu_3492_p3          |  select  |      0|  0|   32|           1|          32|
    |v_37_V_fu_3508_p3          |  select  |      0|  0|   32|           1|          32|
    |v_38_V_fu_3524_p3          |  select  |      0|  0|   32|           1|          32|
    |v_39_V_fu_3540_p3          |  select  |      0|  0|   32|           1|          32|
    |v_3_V_fu_3290_p3           |  select  |      0|  0|   32|           1|          32|
    |v_40_V_fu_3562_p3          |  select  |      0|  0|   32|           1|          32|
    |v_41_V_fu_3578_p3          |  select  |      0|  0|   32|           1|          32|
    |v_42_V_fu_3594_p3          |  select  |      0|  0|   32|           1|          32|
    |v_43_V_fu_3610_p3          |  select  |      0|  0|   32|           1|          32|
    |v_44_V_fu_3556_p3          |  select  |      0|  0|   32|           1|          32|
    |v_45_V_fu_3572_p3          |  select  |      0|  0|   32|           1|          32|
    |v_46_V_fu_3588_p3          |  select  |      0|  0|   32|           1|          32|
    |v_47_V_fu_3604_p3          |  select  |      0|  0|   32|           1|          32|
    |v_48_V_fu_3626_p3          |  select  |      0|  0|   32|           1|          32|
    |v_49_V_fu_3642_p3          |  select  |      0|  0|   32|           1|          32|
    |v_4_V_fu_3236_p3           |  select  |      0|  0|   32|           1|          32|
    |v_50_V_fu_3658_p3          |  select  |      0|  0|   32|           1|          32|
    |v_51_V_fu_3674_p3          |  select  |      0|  0|   32|           1|          32|
    |v_52_V_fu_3620_p3          |  select  |      0|  0|   32|           1|          32|
    |v_53_V_fu_3636_p3          |  select  |      0|  0|   32|           1|          32|
    |v_54_V_fu_3652_p3          |  select  |      0|  0|   32|           1|          32|
    |v_55_V_fu_3668_p3          |  select  |      0|  0|   32|           1|          32|
    |v_56_V_fu_3690_p3          |  select  |      0|  0|   32|           1|          32|
    |v_57_V_fu_3706_p3          |  select  |      0|  0|   32|           1|          32|
    |v_58_V_fu_3722_p3          |  select  |      0|  0|   32|           1|          32|
    |v_59_V_fu_3738_p3          |  select  |      0|  0|   32|           1|          32|
    |v_5_V_fu_3252_p3           |  select  |      0|  0|   32|           1|          32|
    |v_60_V_fu_3684_p3          |  select  |      0|  0|   32|           1|          32|
    |v_61_V_fu_3700_p3          |  select  |      0|  0|   32|           1|          32|
    |v_62_V_fu_3716_p3          |  select  |      0|  0|   32|           1|          32|
    |v_63_V_fu_3732_p3          |  select  |      0|  0|   32|           1|          32|
    |v_6_V_fu_3268_p3           |  select  |      0|  0|   32|           1|          32|
    |v_7_V_fu_3284_p3           |  select  |      0|  0|   32|           1|          32|
    |v_8_V_fu_3306_p3           |  select  |      0|  0|   32|           1|          32|
    |v_9_V_fu_3322_p3           |  select  |      0|  0|   32|           1|          32|
    |w_0_V_fu_3941_p3           |  select  |      0|  0|   32|           1|          32|
    |w_10_V_fu_3976_p3          |  select  |      0|  0|   32|           1|          32|
    |w_11_V_fu_3986_p3          |  select  |      0|  0|   32|           1|          32|
    |w_12_V_fu_4001_p3          |  select  |      0|  0|   32|           1|          32|
    |w_13_V_fu_4011_p3          |  select  |      0|  0|   32|           1|          32|
    |w_14_V_fu_3996_p3          |  select  |      0|  0|   32|           1|          32|
    |w_15_V_fu_4006_p3          |  select  |      0|  0|   32|           1|          32|
    |w_16_V_fu_4021_p3          |  select  |      0|  0|   32|           1|          32|
    |w_17_V_fu_4031_p3          |  select  |      0|  0|   32|           1|          32|
    |w_18_V_fu_4016_p3          |  select  |      0|  0|   32|           1|          32|
    |w_19_V_fu_4026_p3          |  select  |      0|  0|   32|           1|          32|
    |w_1_V_fu_3951_p3           |  select  |      0|  0|   32|           1|          32|
    |w_20_V_fu_4041_p3          |  select  |      0|  0|   32|           1|          32|
    |w_21_V_fu_4051_p3          |  select  |      0|  0|   32|           1|          32|
    |w_22_V_fu_4036_p3          |  select  |      0|  0|   32|           1|          32|
    |w_23_V_fu_4046_p3          |  select  |      0|  0|   32|           1|          32|
    |w_24_V_fu_4061_p3          |  select  |      0|  0|   32|           1|          32|
    |w_25_V_fu_4071_p3          |  select  |      0|  0|   32|           1|          32|
    |w_26_V_fu_4056_p3          |  select  |      0|  0|   32|           1|          32|
    |w_27_V_fu_4066_p3          |  select  |      0|  0|   32|           1|          32|
    |w_28_V_fu_4081_p3          |  select  |      0|  0|   32|           1|          32|
    |w_29_V_fu_4091_p3          |  select  |      0|  0|   32|           1|          32|
    |w_2_V_fu_3936_p3           |  select  |      0|  0|   32|           1|          32|
    |w_30_V_fu_4076_p3          |  select  |      0|  0|   32|           1|          32|
    |w_31_V_fu_4086_p3          |  select  |      0|  0|   32|           1|          32|
    |w_32_V_fu_4101_p3          |  select  |      0|  0|   32|           1|          32|
    |w_33_V_fu_4111_p3          |  select  |      0|  0|   32|           1|          32|
    |w_34_V_fu_4096_p3          |  select  |      0|  0|   32|           1|          32|
    |w_35_V_fu_4106_p3          |  select  |      0|  0|   32|           1|          32|
    |w_36_V_fu_4121_p3          |  select  |      0|  0|   32|           1|          32|
    |w_37_V_fu_4131_p3          |  select  |      0|  0|   32|           1|          32|
    |w_38_V_fu_4116_p3          |  select  |      0|  0|   32|           1|          32|
    |w_39_V_fu_4126_p3          |  select  |      0|  0|   32|           1|          32|
    |w_3_V_fu_3946_p3           |  select  |      0|  0|   32|           1|          32|
    |w_40_V_fu_4141_p3          |  select  |      0|  0|   32|           1|          32|
    |w_41_V_fu_4151_p3          |  select  |      0|  0|   32|           1|          32|
    |w_42_V_fu_4136_p3          |  select  |      0|  0|   32|           1|          32|
    |w_43_V_fu_4146_p3          |  select  |      0|  0|   32|           1|          32|
    |w_44_V_fu_4161_p3          |  select  |      0|  0|   32|           1|          32|
    |w_45_V_fu_4171_p3          |  select  |      0|  0|   32|           1|          32|
    |w_46_V_fu_4156_p3          |  select  |      0|  0|   32|           1|          32|
    |w_47_V_fu_4166_p3          |  select  |      0|  0|   32|           1|          32|
    |w_48_V_fu_4181_p3          |  select  |      0|  0|   32|           1|          32|
    |w_49_V_fu_4191_p3          |  select  |      0|  0|   32|           1|          32|
    |w_4_V_fu_3961_p3           |  select  |      0|  0|   32|           1|          32|
    |w_50_V_fu_4176_p3          |  select  |      0|  0|   32|           1|          32|
    |w_51_V_fu_4186_p3          |  select  |      0|  0|   32|           1|          32|
    |w_52_V_fu_4201_p3          |  select  |      0|  0|   32|           1|          32|
    |w_53_V_fu_4211_p3          |  select  |      0|  0|   32|           1|          32|
    |w_54_V_fu_4196_p3          |  select  |      0|  0|   32|           1|          32|
    |w_55_V_fu_4206_p3          |  select  |      0|  0|   32|           1|          32|
    |w_56_V_fu_4221_p3          |  select  |      0|  0|   32|           1|          32|
    |w_57_V_fu_4231_p3          |  select  |      0|  0|   32|           1|          32|
    |w_58_V_fu_4216_p3          |  select  |      0|  0|   32|           1|          32|
    |w_59_V_fu_4226_p3          |  select  |      0|  0|   32|           1|          32|
    |w_5_V_fu_3971_p3           |  select  |      0|  0|   32|           1|          32|
    |w_60_V_fu_4241_p3          |  select  |      0|  0|   32|           1|          32|
    |w_61_V_fu_4251_p3          |  select  |      0|  0|   32|           1|          32|
    |w_62_V_fu_4236_p3          |  select  |      0|  0|   32|           1|          32|
    |w_63_V_fu_4246_p3          |  select  |      0|  0|   32|           1|          32|
    |w_6_V_fu_3956_p3           |  select  |      0|  0|   32|           1|          32|
    |w_7_V_fu_3966_p3           |  select  |      0|  0|   32|           1|          32|
    |w_8_V_fu_3981_p3           |  select  |      0|  0|   32|           1|          32|
    |w_9_V_fu_3991_p3           |  select  |      0|  0|   32|           1|          32|
    |ap_enable_pp0              |    xor   |      0|  0|    2|           1|           2|
    +---------------------------+----------+-------+---+-----+------------+------------+
    |Total                      |          |      0|  0|16132|        6530|       18435|
    +---------------------------+----------+-------+---+-----+------------+------------+

    * Multiplexer: 
    +-------------------------+----+-----------+-----+-----------+
    |           Name          | LUT| Input Size| Bits| Total Bits|
    +-------------------------+----+-----------+-----+-----------+
    |ap_NS_fsm                |  47|         10|    1|         10|
    |ap_enable_reg_pp0_iter0  |   9|          2|    1|          2|
    |ap_enable_reg_pp0_iter1  |   9|          2|    1|          2|
    +-------------------------+----+-----------+-----+-----------+
    |Total                    |  65|         14|    3|         14|
    +-------------------------+----+-----------+-----+-----------+

    * Register: 
    +-----------------------------+----+----+-----+-----------+
    |             Name            | FF | LUT| Bits| Const Bits|
    +-----------------------------+----+----+-----+-----------+
    |ap_CS_fsm                    |   9|   0|    9|          0|
    |ap_enable_reg_pp0_iter0_reg  |   1|   0|    1|          0|
    |ap_enable_reg_pp0_iter1      |   1|   0|    1|          0|
    |icmp_ln895_128_reg_6880      |   1|   0|    1|          0|
    |icmp_ln895_129_reg_6886      |   1|   0|    1|          0|
    |icmp_ln895_130_reg_6892      |   1|   0|    1|          0|
    |icmp_ln895_131_reg_6898      |   1|   0|    1|          0|
    |icmp_ln895_132_reg_6904      |   1|   0|    1|          0|
    |icmp_ln895_133_reg_6910      |   1|   0|    1|          0|
    |icmp_ln895_134_reg_6916      |   1|   0|    1|          0|
    |icmp_ln895_135_reg_6922      |   1|   0|    1|          0|
    |icmp_ln895_136_reg_6928      |   1|   0|    1|          0|
    |icmp_ln895_137_reg_6934      |   1|   0|    1|          0|
    |icmp_ln895_138_reg_6940      |   1|   0|    1|          0|
    |icmp_ln895_139_reg_6946      |   1|   0|    1|          0|
    |icmp_ln895_140_reg_6952      |   1|   0|    1|          0|
    |icmp_ln895_141_reg_6958      |   1|   0|    1|          0|
    |icmp_ln895_142_reg_6964      |   1|   0|    1|          0|
    |icmp_ln895_143_reg_6970      |   1|   0|    1|          0|
    |icmp_ln895_144_reg_6976      |   1|   0|    1|          0|
    |icmp_ln895_145_reg_6982      |   1|   0|    1|          0|
    |icmp_ln895_146_reg_6988      |   1|   0|    1|          0|
    |icmp_ln895_147_reg_6994      |   1|   0|    1|          0|
    |icmp_ln895_148_reg_7000      |   1|   0|    1|          0|
    |icmp_ln895_149_reg_7006      |   1|   0|    1|          0|
    |icmp_ln895_150_reg_7012      |   1|   0|    1|          0|
    |icmp_ln895_151_reg_7018      |   1|   0|    1|          0|
    |icmp_ln895_152_reg_7024      |   1|   0|    1|          0|
    |icmp_ln895_153_reg_7030      |   1|   0|    1|          0|
    |icmp_ln895_154_reg_7036      |   1|   0|    1|          0|
    |icmp_ln895_155_reg_7042      |   1|   0|    1|          0|
    |icmp_ln895_156_reg_7048      |   1|   0|    1|          0|
    |icmp_ln895_157_reg_7054      |   1|   0|    1|          0|
    |icmp_ln895_158_reg_7060      |   1|   0|    1|          0|
    |icmp_ln895_159_reg_7066      |   1|   0|    1|          0|
    |icmp_ln895_32_reg_5856       |   1|   0|    1|          0|
    |icmp_ln895_33_reg_5862       |   1|   0|    1|          0|
    |icmp_ln895_34_reg_5868       |   1|   0|    1|          0|
    |icmp_ln895_35_reg_5874       |   1|   0|    1|          0|
    |icmp_ln895_36_reg_5880       |   1|   0|    1|          0|
    |icmp_ln895_37_reg_5886       |   1|   0|    1|          0|
    |icmp_ln895_38_reg_5892       |   1|   0|    1|          0|
    |icmp_ln895_39_reg_5898       |   1|   0|    1|          0|
    |icmp_ln895_40_reg_5904       |   1|   0|    1|          0|
    |icmp_ln895_41_reg_5910       |   1|   0|    1|          0|
    |icmp_ln895_42_reg_5916       |   1|   0|    1|          0|
    |icmp_ln895_43_reg_5922       |   1|   0|    1|          0|
    |icmp_ln895_44_reg_5928       |   1|   0|    1|          0|
    |icmp_ln895_45_reg_5934       |   1|   0|    1|          0|
    |icmp_ln895_46_reg_5940       |   1|   0|    1|          0|
    |icmp_ln895_47_reg_5946       |   1|   0|    1|          0|
    |icmp_ln895_48_reg_5952       |   1|   0|    1|          0|
    |icmp_ln895_49_reg_5958       |   1|   0|    1|          0|
    |icmp_ln895_50_reg_5964       |   1|   0|    1|          0|
    |icmp_ln895_51_reg_5970       |   1|   0|    1|          0|
    |icmp_ln895_52_reg_5976       |   1|   0|    1|          0|
    |icmp_ln895_53_reg_5982       |   1|   0|    1|          0|
    |icmp_ln895_54_reg_5988       |   1|   0|    1|          0|
    |icmp_ln895_55_reg_5994       |   1|   0|    1|          0|
    |icmp_ln895_56_reg_6000       |   1|   0|    1|          0|
    |icmp_ln895_57_reg_6006       |   1|   0|    1|          0|
    |icmp_ln895_58_reg_6012       |   1|   0|    1|          0|
    |icmp_ln895_59_reg_6018       |   1|   0|    1|          0|
    |icmp_ln895_60_reg_6024       |   1|   0|    1|          0|
    |icmp_ln895_61_reg_6030       |   1|   0|    1|          0|
    |icmp_ln895_62_reg_6036       |   1|   0|    1|          0|
    |icmp_ln895_63_reg_6042       |   1|   0|    1|          0|
    |r_0_V_reg_5024               |  32|   0|   32|          0|
    |r_10_V_reg_5094              |  32|   0|   32|          0|
    |r_11_V_reg_5101              |  32|   0|   32|          0|
    |r_12_V_reg_5108              |  32|   0|   32|          0|
    |r_13_V_reg_5115              |  32|   0|   32|          0|
    |r_14_V_reg_5122              |  32|   0|   32|          0|
    |r_15_V_reg_5129              |  32|   0|   32|          0|
    |r_16_V_reg_5136              |  32|   0|   32|          0|
    |r_17_V_reg_5143              |  32|   0|   32|          0|
    |r_18_V_reg_5150              |  32|   0|   32|          0|
    |r_19_V_reg_5157              |  32|   0|   32|          0|
    |r_1_V_reg_5031               |  32|   0|   32|          0|
    |r_20_V_reg_5164              |  32|   0|   32|          0|
    |r_21_V_reg_5171              |  32|   0|   32|          0|
    |r_22_V_reg_5178              |  32|   0|   32|          0|
    |r_23_V_reg_5185              |  32|   0|   32|          0|
    |r_24_V_reg_5192              |  32|   0|   32|          0|
    |r_25_V_reg_5199              |  32|   0|   32|          0|
    |r_26_V_reg_5206              |  32|   0|   32|          0|
    |r_27_V_reg_5213              |  32|   0|   32|          0|
    |r_28_V_reg_5220              |  32|   0|   32|          0|
    |r_29_V_reg_5227              |  32|   0|   32|          0|
    |r_2_V_reg_5038               |  32|   0|   32|          0|
    |r_30_V_reg_5234              |  32|   0|   32|          0|
    |r_31_V_reg_5241              |  32|   0|   32|          0|
    |r_32_V_reg_5248              |  32|   0|   32|          0|
    |r_33_V_reg_5255              |  32|   0|   32|          0|
    |r_34_V_reg_5262              |  32|   0|   32|          0|
    |r_35_V_reg_5269              |  32|   0|   32|          0|
    |r_36_V_reg_5276              |  32|   0|   32|          0|
    |r_37_V_reg_5283              |  32|   0|   32|          0|
    |r_38_V_reg_5290              |  32|   0|   32|          0|
    |r_39_V_reg_5297              |  32|   0|   32|          0|
    |r_3_V_reg_5045               |  32|   0|   32|          0|
    |r_40_V_reg_5304              |  32|   0|   32|          0|
    |r_41_V_reg_5311              |  32|   0|   32|          0|
    |r_42_V_reg_5318              |  32|   0|   32|          0|
    |r_43_V_reg_5325              |  32|   0|   32|          0|
    |r_44_V_reg_5332              |  32|   0|   32|          0|
    |r_45_V_reg_5339              |  32|   0|   32|          0|
    |r_46_V_reg_5346              |  32|   0|   32|          0|
    |r_47_V_reg_5353              |  32|   0|   32|          0|
    |r_48_V_reg_5360              |  32|   0|   32|          0|
    |r_49_V_reg_5367              |  32|   0|   32|          0|
    |r_4_V_reg_5052               |  32|   0|   32|          0|
    |r_50_V_reg_5374              |  32|   0|   32|          0|
    |r_51_V_reg_5381              |  32|   0|   32|          0|
    |r_52_V_reg_5388              |  32|   0|   32|          0|
    |r_53_V_reg_5395              |  32|   0|   32|          0|
    |r_54_V_reg_5402              |  32|   0|   32|          0|
    |r_55_V_reg_5409              |  32|   0|   32|          0|
    |r_56_V_reg_5416              |  32|   0|   32|          0|
    |r_57_V_reg_5423              |  32|   0|   32|          0|
    |r_58_V_reg_5430              |  32|   0|   32|          0|
    |r_59_V_reg_5437              |  32|   0|   32|          0|
    |r_5_V_reg_5059               |  32|   0|   32|          0|
    |r_60_V_reg_5444              |  32|   0|   32|          0|
    |r_61_V_reg_5451              |  32|   0|   32|          0|
    |r_62_V_reg_5458              |  32|   0|   32|          0|
    |r_63_V_reg_5465              |  32|   0|   32|          0|
    |r_6_V_reg_5066               |  32|   0|   32|          0|
    |r_7_V_reg_5073               |  32|   0|   32|          0|
    |r_8_V_reg_5080               |  32|   0|   32|          0|
    |r_9_V_reg_5087               |  32|   0|   32|          0|
    |s_0_V_reg_5478               |  32|   0|   32|          0|
    |s_10_V_reg_5598              |  32|   0|   32|          0|
    |s_11_V_reg_5610              |  32|   0|   32|          0|
    |s_12_V_reg_5622              |  32|   0|   32|          0|
    |s_13_V_reg_5634              |  32|   0|   32|          0|
    |s_14_V_reg_5646              |  32|   0|   32|          0|
    |s_15_V_reg_5658              |  32|   0|   32|          0|
    |s_16_V_reg_5670              |  32|   0|   32|          0|
    |s_17_V_reg_5682              |  32|   0|   32|          0|
    |s_18_V_reg_5694              |  32|   0|   32|          0|
    |s_19_V_reg_5706              |  32|   0|   32|          0|
    |s_1_V_reg_5490               |  32|   0|   32|          0|
    |s_20_V_reg_5718              |  32|   0|   32|          0|
    |s_21_V_reg_5730              |  32|   0|   32|          0|
    |s_22_V_reg_5742              |  32|   0|   32|          0|
    |s_23_V_reg_5754              |  32|   0|   32|          0|
    |s_24_V_reg_5766              |  32|   0|   32|          0|
    |s_25_V_reg_5778              |  32|   0|   32|          0|
    |s_26_V_reg_5790              |  32|   0|   32|          0|
    |s_27_V_reg_5802              |  32|   0|   32|          0|
    |s_28_V_reg_5814              |  32|   0|   32|          0|
    |s_29_V_reg_5826              |  32|   0|   32|          0|
    |s_2_V_reg_5502               |  32|   0|   32|          0|
    |s_30_V_reg_5838              |  32|   0|   32|          0|
    |s_31_V_reg_5850              |  32|   0|   32|          0|
    |s_32_V_reg_5472              |  32|   0|   32|          0|
    |s_33_V_reg_5484              |  32|   0|   32|          0|
    |s_34_V_reg_5496              |  32|   0|   32|          0|
    |s_35_V_reg_5508              |  32|   0|   32|          0|
    |s_36_V_reg_5520              |  32|   0|   32|          0|
    |s_37_V_reg_5532              |  32|   0|   32|          0|
    |s_38_V_reg_5544              |  32|   0|   32|          0|
    |s_39_V_reg_5556              |  32|   0|   32|          0|
    |s_3_V_reg_5514               |  32|   0|   32|          0|
    |s_40_V_reg_5568              |  32|   0|   32|          0|
    |s_41_V_reg_5580              |  32|   0|   32|          0|
    |s_42_V_reg_5592              |  32|   0|   32|          0|
    |s_43_V_reg_5604              |  32|   0|   32|          0|
    |s_44_V_reg_5616              |  32|   0|   32|          0|
    |s_45_V_reg_5628              |  32|   0|   32|          0|
    |s_46_V_reg_5640              |  32|   0|   32|          0|
    |s_47_V_reg_5652              |  32|   0|   32|          0|
    |s_48_V_reg_5664              |  32|   0|   32|          0|
    |s_49_V_reg_5676              |  32|   0|   32|          0|
    |s_4_V_reg_5526               |  32|   0|   32|          0|
    |s_50_V_reg_5688              |  32|   0|   32|          0|
    |s_51_V_reg_5700              |  32|   0|   32|          0|
    |s_52_V_reg_5712              |  32|   0|   32|          0|
    |s_53_V_reg_5724              |  32|   0|   32|          0|
    |s_54_V_reg_5736              |  32|   0|   32|          0|
    |s_55_V_reg_5748              |  32|   0|   32|          0|
    |s_56_V_reg_5760              |  32|   0|   32|          0|
    |s_57_V_reg_5772              |  32|   0|   32|          0|
    |s_58_V_reg_5784              |  32|   0|   32|          0|
    |s_59_V_reg_5796              |  32|   0|   32|          0|
    |s_5_V_reg_5538               |  32|   0|   32|          0|
    |s_60_V_reg_5808              |  32|   0|   32|          0|
    |s_61_V_reg_5820              |  32|   0|   32|          0|
    |s_62_V_reg_5832              |  32|   0|   32|          0|
    |s_63_V_reg_5844              |  32|   0|   32|          0|
    |s_6_V_reg_5550               |  32|   0|   32|          0|
    |s_7_V_reg_5562               |  32|   0|   32|          0|
    |s_8_V_reg_5574               |  32|   0|   32|          0|
    |s_9_V_reg_5586               |  32|   0|   32|          0|
    |u_0_V_reg_6055               |  32|   0|   32|          0|
    |u_10_V_reg_6076              |  32|   0|   32|          0|
    |u_11_V_reg_6090              |  32|   0|   32|          0|
    |u_12_V_reg_6104              |  32|   0|   32|          0|
    |u_13_V_reg_6118              |  32|   0|   32|          0|
    |u_14_V_reg_6132              |  32|   0|   32|          0|
    |u_15_V_reg_6146              |  32|   0|   32|          0|
    |u_16_V_reg_6167              |  32|   0|   32|          0|
    |u_17_V_reg_6181              |  32|   0|   32|          0|
    |u_18_V_reg_6195              |  32|   0|   32|          0|
    |u_19_V_reg_6209              |  32|   0|   32|          0|
    |u_1_V_reg_6069               |  32|   0|   32|          0|
    |u_20_V_reg_6223              |  32|   0|   32|          0|
    |u_21_V_reg_6237              |  32|   0|   32|          0|
    |u_22_V_reg_6251              |  32|   0|   32|          0|
    |u_23_V_reg_6265              |  32|   0|   32|          0|
    |u_24_V_reg_6160              |  32|   0|   32|          0|
    |u_25_V_reg_6174              |  32|   0|   32|          0|
    |u_26_V_reg_6188              |  32|   0|   32|          0|
    |u_27_V_reg_6202              |  32|   0|   32|          0|
    |u_28_V_reg_6216              |  32|   0|   32|          0|
    |u_29_V_reg_6230              |  32|   0|   32|          0|
    |u_2_V_reg_6083               |  32|   0|   32|          0|
    |u_30_V_reg_6244              |  32|   0|   32|          0|
    |u_31_V_reg_6258              |  32|   0|   32|          0|
    |u_32_V_reg_6279              |  32|   0|   32|          0|
    |u_33_V_reg_6293              |  32|   0|   32|          0|
    |u_34_V_reg_6307              |  32|   0|   32|          0|
    |u_35_V_reg_6321              |  32|   0|   32|          0|
    |u_36_V_reg_6335              |  32|   0|   32|          0|
    |u_37_V_reg_6349              |  32|   0|   32|          0|
    |u_38_V_reg_6363              |  32|   0|   32|          0|
    |u_39_V_reg_6377              |  32|   0|   32|          0|
    |u_3_V_reg_6097               |  32|   0|   32|          0|
    |u_40_V_reg_6272              |  32|   0|   32|          0|
    |u_41_V_reg_6286              |  32|   0|   32|          0|
    |u_42_V_reg_6300              |  32|   0|   32|          0|
    |u_43_V_reg_6314              |  32|   0|   32|          0|
    |u_44_V_reg_6328              |  32|   0|   32|          0|
    |u_45_V_reg_6342              |  32|   0|   32|          0|
    |u_46_V_reg_6356              |  32|   0|   32|          0|
    |u_47_V_reg_6370              |  32|   0|   32|          0|
    |u_48_V_reg_6391              |  32|   0|   32|          0|
    |u_49_V_reg_6405              |  32|   0|   32|          0|
    |u_4_V_reg_6111               |  32|   0|   32|          0|
    |u_50_V_reg_6419              |  32|   0|   32|          0|
    |u_51_V_reg_6433              |  32|   0|   32|          0|
    |u_52_V_reg_6447              |  32|   0|   32|          0|
    |u_53_V_reg_6461              |  32|   0|   32|          0|
    |u_54_V_reg_6475              |  32|   0|   32|          0|
    |u_55_V_reg_6489              |  32|   0|   32|          0|
    |u_56_V_reg_6384              |  32|   0|   32|          0|
    |u_57_V_reg_6398              |  32|   0|   32|          0|
    |u_58_V_reg_6412              |  32|   0|   32|          0|
    |u_59_V_reg_6426              |  32|   0|   32|          0|
    |u_5_V_reg_6125               |  32|   0|   32|          0|
    |u_60_V_reg_6440              |  32|   0|   32|          0|
    |u_61_V_reg_6454              |  32|   0|   32|          0|
    |u_62_V_reg_6468              |  32|   0|   32|          0|
    |u_63_V_reg_6482              |  32|   0|   32|          0|
    |u_6_V_reg_6139               |  32|   0|   32|          0|
    |u_7_V_reg_6153               |  32|   0|   32|          0|
    |u_8_V_reg_6048               |  32|   0|   32|          0|
    |u_9_V_reg_6062               |  32|   0|   32|          0|
    |v_0_V_reg_6502               |  32|   0|   32|          0|
    |v_10_V_reg_6574              |  32|   0|   32|          0|
    |v_11_V_reg_6586              |  32|   0|   32|          0|
    |v_12_V_reg_6544              |  32|   0|   32|          0|
    |v_13_V_reg_6556              |  32|   0|   32|          0|
    |v_14_V_reg_6568              |  32|   0|   32|          0|
    |v_15_V_reg_6580              |  32|   0|   32|          0|
    |v_16_V_reg_6598              |  32|   0|   32|          0|
    |v_17_V_reg_6610              |  32|   0|   32|          0|
    |v_18_V_reg_6622              |  32|   0|   32|          0|
    |v_19_V_reg_6634              |  32|   0|   32|          0|
    |v_1_V_reg_6514               |  32|   0|   32|          0|
    |v_20_V_reg_6592              |  32|   0|   32|          0|
    |v_21_V_reg_6604              |  32|   0|   32|          0|
    |v_22_V_reg_6616              |  32|   0|   32|          0|
    |v_23_V_reg_6628              |  32|   0|   32|          0|
    |v_24_V_reg_6646              |  32|   0|   32|          0|
    |v_25_V_reg_6658              |  32|   0|   32|          0|
    |v_26_V_reg_6670              |  32|   0|   32|          0|
    |v_27_V_reg_6682              |  32|   0|   32|          0|
    |v_28_V_reg_6640              |  32|   0|   32|          0|
    |v_29_V_reg_6652              |  32|   0|   32|          0|
    |v_2_V_reg_6526               |  32|   0|   32|          0|
    |v_30_V_reg_6664              |  32|   0|   32|          0|
    |v_31_V_reg_6676              |  32|   0|   32|          0|
    |v_32_V_reg_6694              |  32|   0|   32|          0|
    |v_33_V_reg_6706              |  32|   0|   32|          0|
    |v_34_V_reg_6718              |  32|   0|   32|          0|
    |v_35_V_reg_6730              |  32|   0|   32|          0|
    |v_36_V_reg_6688              |  32|   0|   32|          0|
    |v_37_V_reg_6700              |  32|   0|   32|          0|
    |v_38_V_reg_6712              |  32|   0|   32|          0|
    |v_39_V_reg_6724              |  32|   0|   32|          0|
    |v_3_V_reg_6538               |  32|   0|   32|          0|
    |v_40_V_reg_6742              |  32|   0|   32|          0|
    |v_41_V_reg_6754              |  32|   0|   32|          0|
    |v_42_V_reg_6766              |  32|   0|   32|          0|
    |v_43_V_reg_6778              |  32|   0|   32|          0|
    |v_44_V_reg_6736              |  32|   0|   32|          0|
    |v_45_V_reg_6748              |  32|   0|   32|          0|
    |v_46_V_reg_6760              |  32|   0|   32|          0|
    |v_47_V_reg_6772              |  32|   0|   32|          0|
    |v_48_V_reg_6790              |  32|   0|   32|          0|
    |v_49_V_reg_6802              |  32|   0|   32|          0|
    |v_4_V_reg_6496               |  32|   0|   32|          0|
    |v_50_V_reg_6814              |  32|   0|   32|          0|
    |v_51_V_reg_6826              |  32|   0|   32|          0|
    |v_52_V_reg_6784              |  32|   0|   32|          0|
    |v_53_V_reg_6796              |  32|   0|   32|          0|
    |v_54_V_reg_6808              |  32|   0|   32|          0|
    |v_55_V_reg_6820              |  32|   0|   32|          0|
    |v_56_V_reg_6838              |  32|   0|   32|          0|
    |v_57_V_reg_6850              |  32|   0|   32|          0|
    |v_58_V_reg_6862              |  32|   0|   32|          0|
    |v_59_V_reg_6874              |  32|   0|   32|          0|
    |v_5_V_reg_6508               |  32|   0|   32|          0|
    |v_60_V_reg_6832              |  32|   0|   32|          0|
    |v_61_V_reg_6844              |  32|   0|   32|          0|
    |v_62_V_reg_6856              |  32|   0|   32|          0|
    |v_63_V_reg_6868              |  32|   0|   32|          0|
    |v_6_V_reg_6520               |  32|   0|   32|          0|
    |v_7_V_reg_6532               |  32|   0|   32|          0|
    |v_8_V_reg_6550               |  32|   0|   32|          0|
    |v_9_V_reg_6562               |  32|   0|   32|          0|
    +-----------------------------+----+----+-----+-----------+
    |Total                        |8267|   0| 8267|          0|
    +-----------------------------+----+----+-----+-----------+



================================================================
== Interface
================================================================
* Summary: 
+-----------------+-----+-----+------------+---------------+--------------+
|    RTL Ports    | Dir | Bits|  Protocol  | Source Object |    C Type    |
+-----------------+-----+-----+------------+---------------+--------------+
|ap_clk           |  in |    1| ap_ctrl_hs | bitonicSort64 | return value |
|ap_rst           |  in |    1| ap_ctrl_hs | bitonicSort64 | return value |
|ap_start         |  in |    1| ap_ctrl_hs | bitonicSort64 | return value |
|ap_done          | out |    1| ap_ctrl_hs | bitonicSort64 | return value |
|ap_idle          | out |    1| ap_ctrl_hs | bitonicSort64 | return value |
|ap_ready         | out |    1| ap_ctrl_hs | bitonicSort64 | return value |
|in_0_V           |  in |   32|   ap_none  |     in_0_V    |    pointer   |
|in_1_V           |  in |   32|   ap_none  |     in_1_V    |    pointer   |
|in_2_V           |  in |   32|   ap_none  |     in_2_V    |    pointer   |
|in_3_V           |  in |   32|   ap_none  |     in_3_V    |    pointer   |
|in_4_V           |  in |   32|   ap_none  |     in_4_V    |    pointer   |
|in_5_V           |  in |   32|   ap_none  |     in_5_V    |    pointer   |
|in_6_V           |  in |   32|   ap_none  |     in_6_V    |    pointer   |
|in_7_V           |  in |   32|   ap_none  |     in_7_V    |    pointer   |
|in_8_V           |  in |   32|   ap_none  |     in_8_V    |    pointer   |
|in_9_V           |  in |   32|   ap_none  |     in_9_V    |    pointer   |
|in_10_V          |  in |   32|   ap_none  |    in_10_V    |    pointer   |
|in_11_V          |  in |   32|   ap_none  |    in_11_V    |    pointer   |
|in_12_V          |  in |   32|   ap_none  |    in_12_V    |    pointer   |
|in_13_V          |  in |   32|   ap_none  |    in_13_V    |    pointer   |
|in_14_V          |  in |   32|   ap_none  |    in_14_V    |    pointer   |
|in_15_V          |  in |   32|   ap_none  |    in_15_V    |    pointer   |
|in_16_V          |  in |   32|   ap_none  |    in_16_V    |    pointer   |
|in_17_V          |  in |   32|   ap_none  |    in_17_V    |    pointer   |
|in_18_V          |  in |   32|   ap_none  |    in_18_V    |    pointer   |
|in_19_V          |  in |   32|   ap_none  |    in_19_V    |    pointer   |
|in_20_V          |  in |   32|   ap_none  |    in_20_V    |    pointer   |
|in_21_V          |  in |   32|   ap_none  |    in_21_V    |    pointer   |
|in_22_V          |  in |   32|   ap_none  |    in_22_V    |    pointer   |
|in_23_V          |  in |   32|   ap_none  |    in_23_V    |    pointer   |
|in_24_V          |  in |   32|   ap_none  |    in_24_V    |    pointer   |
|in_25_V          |  in |   32|   ap_none  |    in_25_V    |    pointer   |
|in_26_V          |  in |   32|   ap_none  |    in_26_V    |    pointer   |
|in_27_V          |  in |   32|   ap_none  |    in_27_V    |    pointer   |
|in_28_V          |  in |   32|   ap_none  |    in_28_V    |    pointer   |
|in_29_V          |  in |   32|   ap_none  |    in_29_V    |    pointer   |
|in_30_V          |  in |   32|   ap_none  |    in_30_V    |    pointer   |
|in_31_V          |  in |   32|   ap_none  |    in_31_V    |    pointer   |
|in_32_V          |  in |   32|   ap_none  |    in_32_V    |    pointer   |
|in_33_V          |  in |   32|   ap_none  |    in_33_V    |    pointer   |
|in_34_V          |  in |   32|   ap_none  |    in_34_V    |    pointer   |
|in_35_V          |  in |   32|   ap_none  |    in_35_V    |    pointer   |
|in_36_V          |  in |   32|   ap_none  |    in_36_V    |    pointer   |
|in_37_V          |  in |   32|   ap_none  |    in_37_V    |    pointer   |
|in_38_V          |  in |   32|   ap_none  |    in_38_V    |    pointer   |
|in_39_V          |  in |   32|   ap_none  |    in_39_V    |    pointer   |
|in_40_V          |  in |   32|   ap_none  |    in_40_V    |    pointer   |
|in_41_V          |  in |   32|   ap_none  |    in_41_V    |    pointer   |
|in_42_V          |  in |   32|   ap_none  |    in_42_V    |    pointer   |
|in_43_V          |  in |   32|   ap_none  |    in_43_V    |    pointer   |
|in_44_V          |  in |   32|   ap_none  |    in_44_V    |    pointer   |
|in_45_V          |  in |   32|   ap_none  |    in_45_V    |    pointer   |
|in_46_V          |  in |   32|   ap_none  |    in_46_V    |    pointer   |
|in_47_V          |  in |   32|   ap_none  |    in_47_V    |    pointer   |
|in_48_V          |  in |   32|   ap_none  |    in_48_V    |    pointer   |
|in_49_V          |  in |   32|   ap_none  |    in_49_V    |    pointer   |
|in_50_V          |  in |   32|   ap_none  |    in_50_V    |    pointer   |
|in_51_V          |  in |   32|   ap_none  |    in_51_V    |    pointer   |
|in_52_V          |  in |   32|   ap_none  |    in_52_V    |    pointer   |
|in_53_V          |  in |   32|   ap_none  |    in_53_V    |    pointer   |
|in_54_V          |  in |   32|   ap_none  |    in_54_V    |    pointer   |
|in_55_V          |  in |   32|   ap_none  |    in_55_V    |    pointer   |
|in_56_V          |  in |   32|   ap_none  |    in_56_V    |    pointer   |
|in_57_V          |  in |   32|   ap_none  |    in_57_V    |    pointer   |
|in_58_V          |  in |   32|   ap_none  |    in_58_V    |    pointer   |
|in_59_V          |  in |   32|   ap_none  |    in_59_V    |    pointer   |
|in_60_V          |  in |   32|   ap_none  |    in_60_V    |    pointer   |
|in_61_V          |  in |   32|   ap_none  |    in_61_V    |    pointer   |
|in_62_V          |  in |   32|   ap_none  |    in_62_V    |    pointer   |
|in_63_V          |  in |   32|   ap_none  |    in_63_V    |    pointer   |
|out_0_V          | out |   32|   ap_vld   |    out_0_V    |    pointer   |
|out_0_V_ap_vld   | out |    1|   ap_vld   |    out_0_V    |    pointer   |
|out_1_V          | out |   32|   ap_vld   |    out_1_V    |    pointer   |
|out_1_V_ap_vld   | out |    1|   ap_vld   |    out_1_V    |    pointer   |
|out_2_V          | out |   32|   ap_vld   |    out_2_V    |    pointer   |
|out_2_V_ap_vld   | out |    1|   ap_vld   |    out_2_V    |    pointer   |
|out_3_V          | out |   32|   ap_vld   |    out_3_V    |    pointer   |
|out_3_V_ap_vld   | out |    1|   ap_vld   |    out_3_V    |    pointer   |
|out_4_V          | out |   32|   ap_vld   |    out_4_V    |    pointer   |
|out_4_V_ap_vld   | out |    1|   ap_vld   |    out_4_V    |    pointer   |
|out_5_V          | out |   32|   ap_vld   |    out_5_V    |    pointer   |
|out_5_V_ap_vld   | out |    1|   ap_vld   |    out_5_V    |    pointer   |
|out_6_V          | out |   32|   ap_vld   |    out_6_V    |    pointer   |
|out_6_V_ap_vld   | out |    1|   ap_vld   |    out_6_V    |    pointer   |
|out_7_V          | out |   32|   ap_vld   |    out_7_V    |    pointer   |
|out_7_V_ap_vld   | out |    1|   ap_vld   |    out_7_V    |    pointer   |
|out_8_V          | out |   32|   ap_vld   |    out_8_V    |    pointer   |
|out_8_V_ap_vld   | out |    1|   ap_vld   |    out_8_V    |    pointer   |
|out_9_V          | out |   32|   ap_vld   |    out_9_V    |    pointer   |
|out_9_V_ap_vld   | out |    1|   ap_vld   |    out_9_V    |    pointer   |
|out_10_V         | out |   32|   ap_vld   |    out_10_V   |    pointer   |
|out_10_V_ap_vld  | out |    1|   ap_vld   |    out_10_V   |    pointer   |
|out_11_V         | out |   32|   ap_vld   |    out_11_V   |    pointer   |
|out_11_V_ap_vld  | out |    1|   ap_vld   |    out_11_V   |    pointer   |
|out_12_V         | out |   32|   ap_vld   |    out_12_V   |    pointer   |
|out_12_V_ap_vld  | out |    1|   ap_vld   |    out_12_V   |    pointer   |
|out_13_V         | out |   32|   ap_vld   |    out_13_V   |    pointer   |
|out_13_V_ap_vld  | out |    1|   ap_vld   |    out_13_V   |    pointer   |
|out_14_V         | out |   32|   ap_vld   |    out_14_V   |    pointer   |
|out_14_V_ap_vld  | out |    1|   ap_vld   |    out_14_V   |    pointer   |
|out_15_V         | out |   32|   ap_vld   |    out_15_V   |    pointer   |
|out_15_V_ap_vld  | out |    1|   ap_vld   |    out_15_V   |    pointer   |
|out_16_V         | out |   32|   ap_vld   |    out_16_V   |    pointer   |
|out_16_V_ap_vld  | out |    1|   ap_vld   |    out_16_V   |    pointer   |
|out_17_V         | out |   32|   ap_vld   |    out_17_V   |    pointer   |
|out_17_V_ap_vld  | out |    1|   ap_vld   |    out_17_V   |    pointer   |
|out_18_V         | out |   32|   ap_vld   |    out_18_V   |    pointer   |
|out_18_V_ap_vld  | out |    1|   ap_vld   |    out_18_V   |    pointer   |
|out_19_V         | out |   32|   ap_vld   |    out_19_V   |    pointer   |
|out_19_V_ap_vld  | out |    1|   ap_vld   |    out_19_V   |    pointer   |
|out_20_V         | out |   32|   ap_vld   |    out_20_V   |    pointer   |
|out_20_V_ap_vld  | out |    1|   ap_vld   |    out_20_V   |    pointer   |
|out_21_V         | out |   32|   ap_vld   |    out_21_V   |    pointer   |
|out_21_V_ap_vld  | out |    1|   ap_vld   |    out_21_V   |    pointer   |
|out_22_V         | out |   32|   ap_vld   |    out_22_V   |    pointer   |
|out_22_V_ap_vld  | out |    1|   ap_vld   |    out_22_V   |    pointer   |
|out_23_V         | out |   32|   ap_vld   |    out_23_V   |    pointer   |
|out_23_V_ap_vld  | out |    1|   ap_vld   |    out_23_V   |    pointer   |
|out_24_V         | out |   32|   ap_vld   |    out_24_V   |    pointer   |
|out_24_V_ap_vld  | out |    1|   ap_vld   |    out_24_V   |    pointer   |
|out_25_V         | out |   32|   ap_vld   |    out_25_V   |    pointer   |
|out_25_V_ap_vld  | out |    1|   ap_vld   |    out_25_V   |    pointer   |
|out_26_V         | out |   32|   ap_vld   |    out_26_V   |    pointer   |
|out_26_V_ap_vld  | out |    1|   ap_vld   |    out_26_V   |    pointer   |
|out_27_V         | out |   32|   ap_vld   |    out_27_V   |    pointer   |
|out_27_V_ap_vld  | out |    1|   ap_vld   |    out_27_V   |    pointer   |
|out_28_V         | out |   32|   ap_vld   |    out_28_V   |    pointer   |
|out_28_V_ap_vld  | out |    1|   ap_vld   |    out_28_V   |    pointer   |
|out_29_V         | out |   32|   ap_vld   |    out_29_V   |    pointer   |
|out_29_V_ap_vld  | out |    1|   ap_vld   |    out_29_V   |    pointer   |
|out_30_V         | out |   32|   ap_vld   |    out_30_V   |    pointer   |
|out_30_V_ap_vld  | out |    1|   ap_vld   |    out_30_V   |    pointer   |
|out_31_V         | out |   32|   ap_vld   |    out_31_V   |    pointer   |
|out_31_V_ap_vld  | out |    1|   ap_vld   |    out_31_V   |    pointer   |
|out_32_V         | out |   32|   ap_vld   |    out_32_V   |    pointer   |
|out_32_V_ap_vld  | out |    1|   ap_vld   |    out_32_V   |    pointer   |
|out_33_V         | out |   32|   ap_vld   |    out_33_V   |    pointer   |
|out_33_V_ap_vld  | out |    1|   ap_vld   |    out_33_V   |    pointer   |
|out_34_V         | out |   32|   ap_vld   |    out_34_V   |    pointer   |
|out_34_V_ap_vld  | out |    1|   ap_vld   |    out_34_V   |    pointer   |
|out_35_V         | out |   32|   ap_vld   |    out_35_V   |    pointer   |
|out_35_V_ap_vld  | out |    1|   ap_vld   |    out_35_V   |    pointer   |
|out_36_V         | out |   32|   ap_vld   |    out_36_V   |    pointer   |
|out_36_V_ap_vld  | out |    1|   ap_vld   |    out_36_V   |    pointer   |
|out_37_V         | out |   32|   ap_vld   |    out_37_V   |    pointer   |
|out_37_V_ap_vld  | out |    1|   ap_vld   |    out_37_V   |    pointer   |
|out_38_V         | out |   32|   ap_vld   |    out_38_V   |    pointer   |
|out_38_V_ap_vld  | out |    1|   ap_vld   |    out_38_V   |    pointer   |
|out_39_V         | out |   32|   ap_vld   |    out_39_V   |    pointer   |
|out_39_V_ap_vld  | out |    1|   ap_vld   |    out_39_V   |    pointer   |
|out_40_V         | out |   32|   ap_vld   |    out_40_V   |    pointer   |
|out_40_V_ap_vld  | out |    1|   ap_vld   |    out_40_V   |    pointer   |
|out_41_V         | out |   32|   ap_vld   |    out_41_V   |    pointer   |
|out_41_V_ap_vld  | out |    1|   ap_vld   |    out_41_V   |    pointer   |
|out_42_V         | out |   32|   ap_vld   |    out_42_V   |    pointer   |
|out_42_V_ap_vld  | out |    1|   ap_vld   |    out_42_V   |    pointer   |
|out_43_V         | out |   32|   ap_vld   |    out_43_V   |    pointer   |
|out_43_V_ap_vld  | out |    1|   ap_vld   |    out_43_V   |    pointer   |
|out_44_V         | out |   32|   ap_vld   |    out_44_V   |    pointer   |
|out_44_V_ap_vld  | out |    1|   ap_vld   |    out_44_V   |    pointer   |
|out_45_V         | out |   32|   ap_vld   |    out_45_V   |    pointer   |
|out_45_V_ap_vld  | out |    1|   ap_vld   |    out_45_V   |    pointer   |
|out_46_V         | out |   32|   ap_vld   |    out_46_V   |    pointer   |
|out_46_V_ap_vld  | out |    1|   ap_vld   |    out_46_V   |    pointer   |
|out_47_V         | out |   32|   ap_vld   |    out_47_V   |    pointer   |
|out_47_V_ap_vld  | out |    1|   ap_vld   |    out_47_V   |    pointer   |
|out_48_V         | out |   32|   ap_vld   |    out_48_V   |    pointer   |
|out_48_V_ap_vld  | out |    1|   ap_vld   |    out_48_V   |    pointer   |
|out_49_V         | out |   32|   ap_vld   |    out_49_V   |    pointer   |
|out_49_V_ap_vld  | out |    1|   ap_vld   |    out_49_V   |    pointer   |
|out_50_V         | out |   32|   ap_vld   |    out_50_V   |    pointer   |
|out_50_V_ap_vld  | out |    1|   ap_vld   |    out_50_V   |    pointer   |
|out_51_V         | out |   32|   ap_vld   |    out_51_V   |    pointer   |
|out_51_V_ap_vld  | out |    1|   ap_vld   |    out_51_V   |    pointer   |
|out_52_V         | out |   32|   ap_vld   |    out_52_V   |    pointer   |
|out_52_V_ap_vld  | out |    1|   ap_vld   |    out_52_V   |    pointer   |
|out_53_V         | out |   32|   ap_vld   |    out_53_V   |    pointer   |
|out_53_V_ap_vld  | out |    1|   ap_vld   |    out_53_V   |    pointer   |
|out_54_V         | out |   32|   ap_vld   |    out_54_V   |    pointer   |
|out_54_V_ap_vld  | out |    1|   ap_vld   |    out_54_V   |    pointer   |
|out_55_V         | out |   32|   ap_vld   |    out_55_V   |    pointer   |
|out_55_V_ap_vld  | out |    1|   ap_vld   |    out_55_V   |    pointer   |
|out_56_V         | out |   32|   ap_vld   |    out_56_V   |    pointer   |
|out_56_V_ap_vld  | out |    1|   ap_vld   |    out_56_V   |    pointer   |
|out_57_V         | out |   32|   ap_vld   |    out_57_V   |    pointer   |
|out_57_V_ap_vld  | out |    1|   ap_vld   |    out_57_V   |    pointer   |
|out_58_V         | out |   32|   ap_vld   |    out_58_V   |    pointer   |
|out_58_V_ap_vld  | out |    1|   ap_vld   |    out_58_V   |    pointer   |
|out_59_V         | out |   32|   ap_vld   |    out_59_V   |    pointer   |
|out_59_V_ap_vld  | out |    1|   ap_vld   |    out_59_V   |    pointer   |
|out_60_V         | out |   32|   ap_vld   |    out_60_V   |    pointer   |
|out_60_V_ap_vld  | out |    1|   ap_vld   |    out_60_V   |    pointer   |
|out_61_V         | out |   32|   ap_vld   |    out_61_V   |    pointer   |
|out_61_V_ap_vld  | out |    1|   ap_vld   |    out_61_V   |    pointer   |
|out_62_V         | out |   32|   ap_vld   |    out_62_V   |    pointer   |
|out_62_V_ap_vld  | out |    1|   ap_vld   |    out_62_V   |    pointer   |
|out_63_V         | out |   32|   ap_vld   |    out_63_V   |    pointer   |
|out_63_V_ap_vld  | out |    1|   ap_vld   |    out_63_V   |    pointer   |
+-----------------+-----+-----+------------+---------------+--------------+

