

================================================================
== Vivado HLS Report for 'bitonic32Inc'
================================================================
* Date:           Sun Aug  9 05:07:17 2020

* Version:        2019.1 (Build 2552052 on Fri May 24 15:28:33 MDT 2019)
* Project:        bitonicSort64
* Solution:       solution1
* Product family: virtexuplus
* Target device:  xcvu9p-flgc2104-1-e


================================================================
== Performance Estimates
================================================================
+ Timing (ns): 
    * Summary: 
    +--------+-------+----------+------------+
    |  Clock | Target| Estimated| Uncertainty|
    +--------+-------+----------+------------+
    |ap_clk  |   2.78|     1.890|        0.83|
    +--------+-------+----------+------------+

+ Latency (clock cycles): 
    * Summary: 
    +-----+-----+-----+-----+----------+
    |  Latency  |  Interval | Pipeline |
    | min | max | min | max |   Type   |
    +-----+-----+-----+-----+----------+
    |    9|    9|    9|    9| function |
    +-----+-----+-----+-----+----------+

    + Detail: 
        * Instance: 
        N/A

        * Loop: 
        N/A



================================================================
== Utilization Estimates
================================================================
* Summary: 
+---------------------+---------+-------+---------+---------+-----+
|         Name        | BRAM_18K| DSP48E|    FF   |   LUT   | URAM|
+---------------------+---------+-------+---------+---------+-----+
|DSP                  |        -|      -|        -|        -|    -|
|Expression           |        -|      -|        0|    20164|    -|
|FIFO                 |        -|      -|        -|        -|    -|
|Instance             |        -|      -|        -|        -|    -|
|Memory               |        -|      -|        -|        -|    -|
|Multiplexer          |        -|      -|        -|       65|    -|
|Register             |        -|      -|     9307|        -|    -|
+---------------------+---------+-------+---------+---------+-----+
|Total                |        0|      0|     9307|    20229|    0|
+---------------------+---------+-------+---------+---------+-----+
|Available SLR        |     1440|   2280|   788160|   394080|  320|
+---------------------+---------+-------+---------+---------+-----+
|Utilization SLR (%)  |        0|      0|        1|        5|    0|
+---------------------+---------+-------+---------+---------+-----+
|Available            |     4320|   6840|  2364480|  1182240|  960|
+---------------------+---------+-------+---------+---------+-----+
|Utilization (%)      |        0|      0|    ~0   |        1|    0|
+---------------------+---------+-------+---------+---------+-----+

+ Detail: 
    * Instance: 
    N/A

    * DSP48E: 
    N/A

    * Memory: 
    N/A

    * FIFO: 
    N/A

    * Expression: 
    +----------------------------+----------+-------+---+-----+------------+------------+
    |        Variable Name       | Operation| DSP48E| FF| LUT | Bitwidth P0| Bitwidth P1|
    +----------------------------+----------+-------+---+-----+------------+------------+
    |ap_block_pp0_stage0_11001   |    and   |      0|  0|    2|           1|           1|
    |icmp_ln895_192_fu_446_p2    |   icmp   |      0|  0|   20|          32|          32|
    |icmp_ln895_193_fu_468_p2    |   icmp   |      0|  0|   20|          32|          32|
    |icmp_ln895_194_fu_490_p2    |   icmp   |      0|  0|   20|          32|          32|
    |icmp_ln895_195_fu_512_p2    |   icmp   |      0|  0|   20|          32|          32|
    |icmp_ln895_196_fu_534_p2    |   icmp   |      0|  0|   20|          32|          32|
    |icmp_ln895_197_fu_556_p2    |   icmp   |      0|  0|   20|          32|          32|
    |icmp_ln895_198_fu_578_p2    |   icmp   |      0|  0|   20|          32|          32|
    |icmp_ln895_199_fu_600_p2    |   icmp   |      0|  0|   20|          32|          32|
    |icmp_ln895_1_fu_292_p2      |   icmp   |      0|  0|   20|          32|          32|
    |icmp_ln895_200_fu_622_p2    |   icmp   |      0|  0|   20|          32|          32|
    |icmp_ln895_201_fu_628_p2    |   icmp   |      0|  0|   20|          32|          32|
    |icmp_ln895_202_fu_634_p2    |   icmp   |      0|  0|   20|          32|          32|
    |icmp_ln895_203_fu_640_p2    |   icmp   |      0|  0|   20|          32|          32|
    |icmp_ln895_204_fu_646_p2    |   icmp   |      0|  0|   20|          32|          32|
    |icmp_ln895_205_fu_652_p2    |   icmp   |      0|  0|   20|          32|          32|
    |icmp_ln895_206_fu_658_p2    |   icmp   |      0|  0|   20|          32|          32|
    |icmp_ln895_207_fu_664_p2    |   icmp   |      0|  0|   20|          32|          32|
    |icmp_ln895_208_fu_670_p2    |   icmp   |      0|  0|   20|          32|          32|
    |icmp_ln895_209_fu_676_p2    |   icmp   |      0|  0|   20|          32|          32|
    |icmp_ln895_210_fu_682_p2    |   icmp   |      0|  0|   20|          32|          32|
    |icmp_ln895_211_fu_688_p2    |   icmp   |      0|  0|   20|          32|          32|
    |icmp_ln895_212_fu_694_p2    |   icmp   |      0|  0|   20|          32|          32|
    |icmp_ln895_213_fu_700_p2    |   icmp   |      0|  0|   20|          32|          32|
    |icmp_ln895_214_fu_706_p2    |   icmp   |      0|  0|   20|          32|          32|
    |icmp_ln895_215_fu_712_p2    |   icmp   |      0|  0|   20|          32|          32|
    |icmp_ln895_216_fu_878_p2    |   icmp   |      0|  0|   20|          32|          32|
    |icmp_ln895_217_fu_900_p2    |   icmp   |      0|  0|   20|          32|          32|
    |icmp_ln895_218_fu_922_p2    |   icmp   |      0|  0|   20|          32|          32|
    |icmp_ln895_219_fu_944_p2    |   icmp   |      0|  0|   20|          32|          32|
    |icmp_ln895_220_fu_966_p2    |   icmp   |      0|  0|   20|          32|          32|
    |icmp_ln895_221_fu_988_p2    |   icmp   |      0|  0|   20|          32|          32|
    |icmp_ln895_222_fu_1010_p2   |   icmp   |      0|  0|   20|          32|          32|
    |icmp_ln895_223_fu_1032_p2   |   icmp   |      0|  0|   20|          32|          32|
    |icmp_ln895_224_fu_1054_p2   |   icmp   |      0|  0|   20|          32|          32|
    |icmp_ln895_225_fu_1076_p2   |   icmp   |      0|  0|   20|          32|          32|
    |icmp_ln895_226_fu_1098_p2   |   icmp   |      0|  0|   20|          32|          32|
    |icmp_ln895_227_fu_1120_p2   |   icmp   |      0|  0|   20|          32|          32|
    |icmp_ln895_228_fu_1142_p2   |   icmp   |      0|  0|   20|          32|          32|
    |icmp_ln895_229_fu_1164_p2   |   icmp   |      0|  0|   20|          32|          32|
    |icmp_ln895_230_fu_1186_p2   |   icmp   |      0|  0|   20|          32|          32|
    |icmp_ln895_231_fu_1208_p2   |   icmp   |      0|  0|   20|          32|          32|
    |icmp_ln895_232_fu_1230_p2   |   icmp   |      0|  0|   20|          32|          32|
    |icmp_ln895_233_fu_1246_p2   |   icmp   |      0|  0|   20|          32|          32|
    |icmp_ln895_234_fu_1262_p2   |   icmp   |      0|  0|   20|          32|          32|
    |icmp_ln895_235_fu_1278_p2   |   icmp   |      0|  0|   20|          32|          32|
    |icmp_ln895_236_fu_1294_p2   |   icmp   |      0|  0|   20|          32|          32|
    |icmp_ln895_237_fu_1310_p2   |   icmp   |      0|  0|   20|          32|          32|
    |icmp_ln895_238_fu_1326_p2   |   icmp   |      0|  0|   20|          32|          32|
    |icmp_ln895_239_fu_1342_p2   |   icmp   |      0|  0|   20|          32|          32|
    |icmp_ln895_240_fu_1358_p2   |   icmp   |      0|  0|   20|          32|          32|
    |icmp_ln895_241_fu_1374_p2   |   icmp   |      0|  0|   20|          32|          32|
    |icmp_ln895_242_fu_1390_p2   |   icmp   |      0|  0|   20|          32|          32|
    |icmp_ln895_243_fu_1406_p2   |   icmp   |      0|  0|   20|          32|          32|
    |icmp_ln895_244_fu_1422_p2   |   icmp   |      0|  0|   20|          32|          32|
    |icmp_ln895_245_fu_1438_p2   |   icmp   |      0|  0|   20|          32|          32|
    |icmp_ln895_246_fu_1454_p2   |   icmp   |      0|  0|   20|          32|          32|
    |icmp_ln895_247_fu_1470_p2   |   icmp   |      0|  0|   20|          32|          32|
    |icmp_ln895_248_fu_1486_p2   |   icmp   |      0|  0|   20|          32|          32|
    |icmp_ln895_249_fu_1492_p2   |   icmp   |      0|  0|   20|          32|          32|
    |icmp_ln895_250_fu_1498_p2   |   icmp   |      0|  0|   20|          32|          32|
    |icmp_ln895_251_fu_1504_p2   |   icmp   |      0|  0|   20|          32|          32|
    |icmp_ln895_252_fu_1510_p2   |   icmp   |      0|  0|   20|          32|          32|
    |icmp_ln895_253_fu_1516_p2   |   icmp   |      0|  0|   20|          32|          32|
    |icmp_ln895_254_fu_1522_p2   |   icmp   |      0|  0|   20|          32|          32|
    |icmp_ln895_255_fu_1528_p2   |   icmp   |      0|  0|   20|          32|          32|
    |icmp_ln895_256_fu_1534_p2   |   icmp   |      0|  0|   20|          32|          32|
    |icmp_ln895_257_fu_1540_p2   |   icmp   |      0|  0|   20|          32|          32|
    |icmp_ln895_258_fu_1546_p2   |   icmp   |      0|  0|   20|          32|          32|
    |icmp_ln895_259_fu_1552_p2   |   icmp   |      0|  0|   20|          32|          32|
    |icmp_ln895_260_fu_1558_p2   |   icmp   |      0|  0|   20|          32|          32|
    |icmp_ln895_261_fu_1564_p2   |   icmp   |      0|  0|   20|          32|          32|
    |icmp_ln895_262_fu_1570_p2   |   icmp   |      0|  0|   20|          32|          32|
    |icmp_ln895_263_fu_1576_p2   |   icmp   |      0|  0|   20|          32|          32|
    |icmp_ln895_264_fu_1742_p2   |   icmp   |      0|  0|   20|          32|          32|
    |icmp_ln895_265_fu_1764_p2   |   icmp   |      0|  0|   20|          32|          32|
    |icmp_ln895_266_fu_1786_p2   |   icmp   |      0|  0|   20|          32|          32|
    |icmp_ln895_267_fu_1808_p2   |   icmp   |      0|  0|   20|          32|          32|
    |icmp_ln895_268_fu_1830_p2   |   icmp   |      0|  0|   20|          32|          32|
    |icmp_ln895_269_fu_1852_p2   |   icmp   |      0|  0|   20|          32|          32|
    |icmp_ln895_270_fu_1874_p2   |   icmp   |      0|  0|   20|          32|          32|
    |icmp_ln895_271_fu_1896_p2   |   icmp   |      0|  0|   20|          32|          32|
    |icmp_ln895_272_fu_1918_p2   |   icmp   |      0|  0|   20|          32|          32|
    |icmp_ln895_273_fu_1940_p2   |   icmp   |      0|  0|   20|          32|          32|
    |icmp_ln895_274_fu_1962_p2   |   icmp   |      0|  0|   20|          32|          32|
    |icmp_ln895_275_fu_1984_p2   |   icmp   |      0|  0|   20|          32|          32|
    |icmp_ln895_276_fu_2006_p2   |   icmp   |      0|  0|   20|          32|          32|
    |icmp_ln895_277_fu_2028_p2   |   icmp   |      0|  0|   20|          32|          32|
    |icmp_ln895_278_fu_2050_p2   |   icmp   |      0|  0|   20|          32|          32|
    |icmp_ln895_279_fu_2072_p2   |   icmp   |      0|  0|   20|          32|          32|
    |icmp_ln895_280_fu_2350_p2   |   icmp   |      0|  0|   20|          32|          32|
    |icmp_ln895_281_fu_2356_p2   |   icmp   |      0|  0|   20|          32|          32|
    |icmp_ln895_282_fu_2362_p2   |   icmp   |      0|  0|   20|          32|          32|
    |icmp_ln895_283_fu_2368_p2   |   icmp   |      0|  0|   20|          32|          32|
    |icmp_ln895_284_fu_2374_p2   |   icmp   |      0|  0|   20|          32|          32|
    |icmp_ln895_285_fu_2380_p2   |   icmp   |      0|  0|   20|          32|          32|
    |icmp_ln895_286_fu_2386_p2   |   icmp   |      0|  0|   20|          32|          32|
    |icmp_ln895_287_fu_2392_p2   |   icmp   |      0|  0|   20|          32|          32|
    |icmp_ln895_288_fu_2398_p2   |   icmp   |      0|  0|   20|          32|          32|
    |icmp_ln895_289_fu_2404_p2   |   icmp   |      0|  0|   20|          32|          32|
    |icmp_ln895_290_fu_2410_p2   |   icmp   |      0|  0|   20|          32|          32|
    |icmp_ln895_291_fu_2416_p2   |   icmp   |      0|  0|   20|          32|          32|
    |icmp_ln895_292_fu_2422_p2   |   icmp   |      0|  0|   20|          32|          32|
    |icmp_ln895_293_fu_2428_p2   |   icmp   |      0|  0|   20|          32|          32|
    |icmp_ln895_294_fu_2434_p2   |   icmp   |      0|  0|   20|          32|          32|
    |icmp_ln895_295_fu_2440_p2   |   icmp   |      0|  0|   20|          32|          32|
    |icmp_ln895_296_fu_2606_p2   |   icmp   |      0|  0|   20|          32|          32|
    |icmp_ln895_297_fu_2628_p2   |   icmp   |      0|  0|   20|          32|          32|
    |icmp_ln895_298_fu_2650_p2   |   icmp   |      0|  0|   20|          32|          32|
    |icmp_ln895_299_fu_2672_p2   |   icmp   |      0|  0|   20|          32|          32|
    |icmp_ln895_2_fu_314_p2      |   icmp   |      0|  0|   20|          32|          32|
    |icmp_ln895_300_fu_2694_p2   |   icmp   |      0|  0|   20|          32|          32|
    |icmp_ln895_301_fu_2716_p2   |   icmp   |      0|  0|   20|          32|          32|
    |icmp_ln895_302_fu_2738_p2   |   icmp   |      0|  0|   20|          32|          32|
    |icmp_ln895_303_fu_2760_p2   |   icmp   |      0|  0|   20|          32|          32|
    |icmp_ln895_304_fu_2782_p2   |   icmp   |      0|  0|   20|          32|          32|
    |icmp_ln895_305_fu_2804_p2   |   icmp   |      0|  0|   20|          32|          32|
    |icmp_ln895_306_fu_2826_p2   |   icmp   |      0|  0|   20|          32|          32|
    |icmp_ln895_307_fu_2848_p2   |   icmp   |      0|  0|   20|          32|          32|
    |icmp_ln895_308_fu_2870_p2   |   icmp   |      0|  0|   20|          32|          32|
    |icmp_ln895_309_fu_2892_p2   |   icmp   |      0|  0|   20|          32|          32|
    |icmp_ln895_310_fu_2914_p2   |   icmp   |      0|  0|   20|          32|          32|
    |icmp_ln895_311_fu_2936_p2   |   icmp   |      0|  0|   20|          32|          32|
    |icmp_ln895_312_fu_2958_p2   |   icmp   |      0|  0|   20|          32|          32|
    |icmp_ln895_313_fu_2974_p2   |   icmp   |      0|  0|   20|          32|          32|
    |icmp_ln895_314_fu_2990_p2   |   icmp   |      0|  0|   20|          32|          32|
    |icmp_ln895_315_fu_3006_p2   |   icmp   |      0|  0|   20|          32|          32|
    |icmp_ln895_316_fu_3022_p2   |   icmp   |      0|  0|   20|          32|          32|
    |icmp_ln895_317_fu_3038_p2   |   icmp   |      0|  0|   20|          32|          32|
    |icmp_ln895_318_fu_3054_p2   |   icmp   |      0|  0|   20|          32|          32|
    |icmp_ln895_319_fu_3070_p2   |   icmp   |      0|  0|   20|          32|          32|
    |icmp_ln895_320_fu_3086_p2   |   icmp   |      0|  0|   20|          32|          32|
    |icmp_ln895_321_fu_3102_p2   |   icmp   |      0|  0|   20|          32|          32|
    |icmp_ln895_322_fu_3118_p2   |   icmp   |      0|  0|   20|          32|          32|
    |icmp_ln895_323_fu_3134_p2   |   icmp   |      0|  0|   20|          32|          32|
    |icmp_ln895_324_fu_3150_p2   |   icmp   |      0|  0|   20|          32|          32|
    |icmp_ln895_325_fu_3166_p2   |   icmp   |      0|  0|   20|          32|          32|
    |icmp_ln895_326_fu_3182_p2   |   icmp   |      0|  0|   20|          32|          32|
    |icmp_ln895_327_fu_3198_p2   |   icmp   |      0|  0|   20|          32|          32|
    |icmp_ln895_328_fu_3214_p2   |   icmp   |      0|  0|   20|          32|          32|
    |icmp_ln895_329_fu_3220_p2   |   icmp   |      0|  0|   20|          32|          32|
    |icmp_ln895_330_fu_3226_p2   |   icmp   |      0|  0|   20|          32|          32|
    |icmp_ln895_331_fu_3232_p2   |   icmp   |      0|  0|   20|          32|          32|
    |icmp_ln895_332_fu_3238_p2   |   icmp   |      0|  0|   20|          32|          32|
    |icmp_ln895_333_fu_3244_p2   |   icmp   |      0|  0|   20|          32|          32|
    |icmp_ln895_334_fu_3250_p2   |   icmp   |      0|  0|   20|          32|          32|
    |icmp_ln895_335_fu_3256_p2   |   icmp   |      0|  0|   20|          32|          32|
    |icmp_ln895_336_fu_3262_p2   |   icmp   |      0|  0|   20|          32|          32|
    |icmp_ln895_337_fu_3268_p2   |   icmp   |      0|  0|   20|          32|          32|
    |icmp_ln895_338_fu_3274_p2   |   icmp   |      0|  0|   20|          32|          32|
    |icmp_ln895_339_fu_3280_p2   |   icmp   |      0|  0|   20|          32|          32|
    |icmp_ln895_340_fu_3286_p2   |   icmp   |      0|  0|   20|          32|          32|
    |icmp_ln895_341_fu_3292_p2   |   icmp   |      0|  0|   20|          32|          32|
    |icmp_ln895_342_fu_3298_p2   |   icmp   |      0|  0|   20|          32|          32|
    |icmp_ln895_343_fu_3304_p2   |   icmp   |      0|  0|   20|          32|          32|
    |icmp_ln895_344_fu_3470_p2   |   icmp   |      0|  0|   20|          32|          32|
    |icmp_ln895_345_fu_3492_p2   |   icmp   |      0|  0|   20|          32|          32|
    |icmp_ln895_346_fu_3514_p2   |   icmp   |      0|  0|   20|          32|          32|
    |icmp_ln895_347_fu_3536_p2   |   icmp   |      0|  0|   20|          32|          32|
    |icmp_ln895_348_fu_3558_p2   |   icmp   |      0|  0|   20|          32|          32|
    |icmp_ln895_349_fu_3580_p2   |   icmp   |      0|  0|   20|          32|          32|
    |icmp_ln895_350_fu_3602_p2   |   icmp   |      0|  0|   20|          32|          32|
    |icmp_ln895_351_fu_3624_p2   |   icmp   |      0|  0|   20|          32|          32|
    |icmp_ln895_352_fu_3646_p2   |   icmp   |      0|  0|   20|          32|          32|
    |icmp_ln895_353_fu_3668_p2   |   icmp   |      0|  0|   20|          32|          32|
    |icmp_ln895_354_fu_3690_p2   |   icmp   |      0|  0|   20|          32|          32|
    |icmp_ln895_355_fu_3712_p2   |   icmp   |      0|  0|   20|          32|          32|
    |icmp_ln895_356_fu_3734_p2   |   icmp   |      0|  0|   20|          32|          32|
    |icmp_ln895_357_fu_3756_p2   |   icmp   |      0|  0|   20|          32|          32|
    |icmp_ln895_358_fu_3778_p2   |   icmp   |      0|  0|   20|          32|          32|
    |icmp_ln895_359_fu_3800_p2   |   icmp   |      0|  0|   20|          32|          32|
    |icmp_ln895_360_fu_3822_p2   |   icmp   |      0|  0|   20|          32|          32|
    |icmp_ln895_361_fu_3838_p2   |   icmp   |      0|  0|   20|          32|          32|
    |icmp_ln895_362_fu_3854_p2   |   icmp   |      0|  0|   20|          32|          32|
    |icmp_ln895_363_fu_3870_p2   |   icmp   |      0|  0|   20|          32|          32|
    |icmp_ln895_364_fu_3886_p2   |   icmp   |      0|  0|   20|          32|          32|
    |icmp_ln895_365_fu_3902_p2   |   icmp   |      0|  0|   20|          32|          32|
    |icmp_ln895_366_fu_3918_p2   |   icmp   |      0|  0|   20|          32|          32|
    |icmp_ln895_367_fu_3934_p2   |   icmp   |      0|  0|   20|          32|          32|
    |icmp_ln895_368_fu_3950_p2   |   icmp   |      0|  0|   20|          32|          32|
    |icmp_ln895_369_fu_3966_p2   |   icmp   |      0|  0|   20|          32|          32|
    |icmp_ln895_370_fu_3982_p2   |   icmp   |      0|  0|   20|          32|          32|
    |icmp_ln895_371_fu_3998_p2   |   icmp   |      0|  0|   20|          32|          32|
    |icmp_ln895_372_fu_4014_p2   |   icmp   |      0|  0|   20|          32|          32|
    |icmp_ln895_373_fu_4030_p2   |   icmp   |      0|  0|   20|          32|          32|
    |icmp_ln895_374_fu_4046_p2   |   icmp   |      0|  0|   20|          32|          32|
    |icmp_ln895_375_fu_4062_p2   |   icmp   |      0|  0|   20|          32|          32|
    |icmp_ln895_376_fu_4078_p2   |   icmp   |      0|  0|   20|          32|          32|
    |icmp_ln895_377_fu_4084_p2   |   icmp   |      0|  0|   20|          32|          32|
    |icmp_ln895_378_fu_4090_p2   |   icmp   |      0|  0|   20|          32|          32|
    |icmp_ln895_379_fu_4096_p2   |   icmp   |      0|  0|   20|          32|          32|
    |icmp_ln895_380_fu_4102_p2   |   icmp   |      0|  0|   20|          32|          32|
    |icmp_ln895_381_fu_4108_p2   |   icmp   |      0|  0|   20|          32|          32|
    |icmp_ln895_382_fu_4114_p2   |   icmp   |      0|  0|   20|          32|          32|
    |icmp_ln895_383_fu_4120_p2   |   icmp   |      0|  0|   20|          32|          32|
    |icmp_ln895_384_fu_4126_p2   |   icmp   |      0|  0|   20|          32|          32|
    |icmp_ln895_385_fu_4132_p2   |   icmp   |      0|  0|   20|          32|          32|
    |icmp_ln895_386_fu_4138_p2   |   icmp   |      0|  0|   20|          32|          32|
    |icmp_ln895_387_fu_4144_p2   |   icmp   |      0|  0|   20|          32|          32|
    |icmp_ln895_388_fu_4150_p2   |   icmp   |      0|  0|   20|          32|          32|
    |icmp_ln895_389_fu_4156_p2   |   icmp   |      0|  0|   20|          32|          32|
    |icmp_ln895_390_fu_4162_p2   |   icmp   |      0|  0|   20|          32|          32|
    |icmp_ln895_391_fu_4168_p2   |   icmp   |      0|  0|   20|          32|          32|
    |icmp_ln895_392_fu_4334_p2   |   icmp   |      0|  0|   20|          32|          32|
    |icmp_ln895_393_fu_4356_p2   |   icmp   |      0|  0|   20|          32|          32|
    |icmp_ln895_394_fu_4378_p2   |   icmp   |      0|  0|   20|          32|          32|
    |icmp_ln895_395_fu_4400_p2   |   icmp   |      0|  0|   20|          32|          32|
    |icmp_ln895_396_fu_4422_p2   |   icmp   |      0|  0|   20|          32|          32|
    |icmp_ln895_397_fu_4444_p2   |   icmp   |      0|  0|   20|          32|          32|
    |icmp_ln895_398_fu_4466_p2   |   icmp   |      0|  0|   20|          32|          32|
    |icmp_ln895_399_fu_4488_p2   |   icmp   |      0|  0|   20|          32|          32|
    |icmp_ln895_3_fu_336_p2      |   icmp   |      0|  0|   20|          32|          32|
    |icmp_ln895_400_fu_4510_p2   |   icmp   |      0|  0|   20|          32|          32|
    |icmp_ln895_401_fu_4532_p2   |   icmp   |      0|  0|   20|          32|          32|
    |icmp_ln895_402_fu_4554_p2   |   icmp   |      0|  0|   20|          32|          32|
    |icmp_ln895_403_fu_4576_p2   |   icmp   |      0|  0|   20|          32|          32|
    |icmp_ln895_404_fu_4598_p2   |   icmp   |      0|  0|   20|          32|          32|
    |icmp_ln895_405_fu_4620_p2   |   icmp   |      0|  0|   20|          32|          32|
    |icmp_ln895_406_fu_4642_p2   |   icmp   |      0|  0|   20|          32|          32|
    |icmp_ln895_407_fu_4664_p2   |   icmp   |      0|  0|   20|          32|          32|
    |icmp_ln895_4_fu_358_p2      |   icmp   |      0|  0|   20|          32|          32|
    |icmp_ln895_5_fu_380_p2      |   icmp   |      0|  0|   20|          32|          32|
    |icmp_ln895_60_fu_2094_p2    |   icmp   |      0|  0|   20|          32|          32|
    |icmp_ln895_61_fu_2110_p2    |   icmp   |      0|  0|   20|          32|          32|
    |icmp_ln895_62_fu_2126_p2    |   icmp   |      0|  0|   20|          32|          32|
    |icmp_ln895_63_fu_2142_p2    |   icmp   |      0|  0|   20|          32|          32|
    |icmp_ln895_64_fu_2158_p2    |   icmp   |      0|  0|   20|          32|          32|
    |icmp_ln895_65_fu_2174_p2    |   icmp   |      0|  0|   20|          32|          32|
    |icmp_ln895_66_fu_2190_p2    |   icmp   |      0|  0|   20|          32|          32|
    |icmp_ln895_67_fu_2206_p2    |   icmp   |      0|  0|   20|          32|          32|
    |icmp_ln895_68_fu_2222_p2    |   icmp   |      0|  0|   20|          32|          32|
    |icmp_ln895_69_fu_2238_p2    |   icmp   |      0|  0|   20|          32|          32|
    |icmp_ln895_6_fu_402_p2      |   icmp   |      0|  0|   20|          32|          32|
    |icmp_ln895_70_fu_2254_p2    |   icmp   |      0|  0|   20|          32|          32|
    |icmp_ln895_71_fu_2270_p2    |   icmp   |      0|  0|   20|          32|          32|
    |icmp_ln895_72_fu_2286_p2    |   icmp   |      0|  0|   20|          32|          32|
    |icmp_ln895_73_fu_2302_p2    |   icmp   |      0|  0|   20|          32|          32|
    |icmp_ln895_74_fu_2318_p2    |   icmp   |      0|  0|   20|          32|          32|
    |icmp_ln895_75_fu_2334_p2    |   icmp   |      0|  0|   20|          32|          32|
    |icmp_ln895_7_fu_424_p2      |   icmp   |      0|  0|   20|          32|          32|
    |icmp_ln895_fu_270_p2        |   icmp   |      0|  0|   20|          32|          32|
    |a_0_V_fu_284_p3             |  select  |      0|  0|   32|           1|          32|
    |a_10_V_fu_496_p3            |  select  |      0|  0|   32|           1|          32|
    |a_11_V_fu_504_p3            |  select  |      0|  0|   32|           1|          32|
    |a_12_V_fu_350_p3            |  select  |      0|  0|   32|           1|          32|
    |a_13_V_fu_342_p3            |  select  |      0|  0|   32|           1|          32|
    |a_14_V_fu_518_p3            |  select  |      0|  0|   32|           1|          32|
    |a_15_V_fu_526_p3            |  select  |      0|  0|   32|           1|          32|
    |a_16_V_fu_372_p3            |  select  |      0|  0|   32|           1|          32|
    |a_17_V_fu_364_p3            |  select  |      0|  0|   32|           1|          32|
    |a_18_V_fu_540_p3            |  select  |      0|  0|   32|           1|          32|
    |a_19_V_fu_548_p3            |  select  |      0|  0|   32|           1|          32|
    |a_1_V_fu_276_p3             |  select  |      0|  0|   32|           1|          32|
    |a_20_V_fu_394_p3            |  select  |      0|  0|   32|           1|          32|
    |a_21_V_fu_386_p3            |  select  |      0|  0|   32|           1|          32|
    |a_22_V_fu_562_p3            |  select  |      0|  0|   32|           1|          32|
    |a_23_V_fu_570_p3            |  select  |      0|  0|   32|           1|          32|
    |a_24_V_fu_416_p3            |  select  |      0|  0|   32|           1|          32|
    |a_25_V_fu_408_p3            |  select  |      0|  0|   32|           1|          32|
    |a_26_V_fu_584_p3            |  select  |      0|  0|   32|           1|          32|
    |a_27_V_fu_592_p3            |  select  |      0|  0|   32|           1|          32|
    |a_28_V_fu_438_p3            |  select  |      0|  0|   32|           1|          32|
    |a_29_V_fu_430_p3            |  select  |      0|  0|   32|           1|          32|
    |a_2_V_fu_452_p3             |  select  |      0|  0|   32|           1|          32|
    |a_30_V_fu_606_p3            |  select  |      0|  0|   32|           1|          32|
    |a_31_V_fu_614_p3            |  select  |      0|  0|   32|           1|          32|
    |a_3_V_fu_460_p3             |  select  |      0|  0|   32|           1|          32|
    |a_4_V_fu_306_p3             |  select  |      0|  0|   32|           1|          32|
    |a_5_V_fu_298_p3             |  select  |      0|  0|   32|           1|          32|
    |a_6_V_fu_474_p3             |  select  |      0|  0|   32|           1|          32|
    |a_7_V_fu_482_p3             |  select  |      0|  0|   32|           1|          32|
    |a_8_V_fu_328_p3             |  select  |      0|  0|   32|           1|          32|
    |a_9_V_fu_320_p3             |  select  |      0|  0|   32|           1|          32|
    |b_0_V_fu_723_p3             |  select  |      0|  0|   32|           1|          32|
    |b_10_V_fu_758_p3            |  select  |      0|  0|   32|           1|          32|
    |b_11_V_fu_768_p3            |  select  |      0|  0|   32|           1|          32|
    |b_12_V_fu_778_p3            |  select  |      0|  0|   32|           1|          32|
    |b_13_V_fu_788_p3            |  select  |      0|  0|   32|           1|          32|
    |b_14_V_fu_783_p3            |  select  |      0|  0|   32|           1|          32|
    |b_15_V_fu_793_p3            |  select  |      0|  0|   32|           1|          32|
    |b_16_V_fu_803_p3            |  select  |      0|  0|   32|           1|          32|
    |b_17_V_fu_813_p3            |  select  |      0|  0|   32|           1|          32|
    |b_18_V_fu_798_p3            |  select  |      0|  0|   32|           1|          32|
    |b_19_V_fu_808_p3            |  select  |      0|  0|   32|           1|          32|
    |b_1_V_fu_733_p3             |  select  |      0|  0|   32|           1|          32|
    |b_20_V_fu_818_p3            |  select  |      0|  0|   32|           1|          32|
    |b_21_V_fu_828_p3            |  select  |      0|  0|   32|           1|          32|
    |b_22_V_fu_823_p3            |  select  |      0|  0|   32|           1|          32|
    |b_23_V_fu_833_p3            |  select  |      0|  0|   32|           1|          32|
    |b_24_V_fu_843_p3            |  select  |      0|  0|   32|           1|          32|
    |b_25_V_fu_853_p3            |  select  |      0|  0|   32|           1|          32|
    |b_26_V_fu_838_p3            |  select  |      0|  0|   32|           1|          32|
    |b_27_V_fu_848_p3            |  select  |      0|  0|   32|           1|          32|
    |b_28_V_fu_858_p3            |  select  |      0|  0|   32|           1|          32|
    |b_29_V_fu_868_p3            |  select  |      0|  0|   32|           1|          32|
    |b_2_V_fu_718_p3             |  select  |      0|  0|   32|           1|          32|
    |b_30_V_fu_863_p3            |  select  |      0|  0|   32|           1|          32|
    |b_31_V_fu_873_p3            |  select  |      0|  0|   32|           1|          32|
    |b_3_V_fu_728_p3             |  select  |      0|  0|   32|           1|          32|
    |b_4_V_fu_738_p3             |  select  |      0|  0|   32|           1|          32|
    |b_5_V_fu_748_p3             |  select  |      0|  0|   32|           1|          32|
    |b_6_V_fu_743_p3             |  select  |      0|  0|   32|           1|          32|
    |b_7_V_fu_753_p3             |  select  |      0|  0|   32|           1|          32|
    |b_8_V_fu_763_p3             |  select  |      0|  0|   32|           1|          32|
    |b_9_V_fu_773_p3             |  select  |      0|  0|   32|           1|          32|
    |c_0_V_fu_892_p3             |  select  |      0|  0|   32|           1|          32|
    |c_10_V_fu_958_p3            |  select  |      0|  0|   32|           1|          32|
    |c_11_V_fu_950_p3            |  select  |      0|  0|   32|           1|          32|
    |c_12_V_fu_1104_p3           |  select  |      0|  0|   32|           1|          32|
    |c_13_V_fu_1112_p3           |  select  |      0|  0|   32|           1|          32|
    |c_14_V_fu_1126_p3           |  select  |      0|  0|   32|           1|          32|
    |c_15_V_fu_1134_p3           |  select  |      0|  0|   32|           1|          32|
    |c_16_V_fu_980_p3            |  select  |      0|  0|   32|           1|          32|
    |c_17_V_fu_972_p3            |  select  |      0|  0|   32|           1|          32|
    |c_18_V_fu_1002_p3           |  select  |      0|  0|   32|           1|          32|
    |c_19_V_fu_994_p3            |  select  |      0|  0|   32|           1|          32|
    |c_1_V_fu_884_p3             |  select  |      0|  0|   32|           1|          32|
    |c_20_V_fu_1148_p3           |  select  |      0|  0|   32|           1|          32|
    |c_21_V_fu_1156_p3           |  select  |      0|  0|   32|           1|          32|
    |c_22_V_fu_1170_p3           |  select  |      0|  0|   32|           1|          32|
    |c_23_V_fu_1178_p3           |  select  |      0|  0|   32|           1|          32|
    |c_24_V_fu_1024_p3           |  select  |      0|  0|   32|           1|          32|
    |c_25_V_fu_1016_p3           |  select  |      0|  0|   32|           1|          32|
    |c_26_V_fu_1046_p3           |  select  |      0|  0|   32|           1|          32|
    |c_27_V_fu_1038_p3           |  select  |      0|  0|   32|           1|          32|
    |c_28_V_fu_1192_p3           |  select  |      0|  0|   32|           1|          32|
    |c_29_V_fu_1200_p3           |  select  |      0|  0|   32|           1|          32|
    |c_2_V_fu_914_p3             |  select  |      0|  0|   32|           1|          32|
    |c_30_V_fu_1214_p3           |  select  |      0|  0|   32|           1|          32|
    |c_31_V_fu_1222_p3           |  select  |      0|  0|   32|           1|          32|
    |c_3_V_fu_906_p3             |  select  |      0|  0|   32|           1|          32|
    |c_4_V_fu_1060_p3            |  select  |      0|  0|   32|           1|          32|
    |c_5_V_fu_1068_p3            |  select  |      0|  0|   32|           1|          32|
    |c_6_V_fu_1082_p3            |  select  |      0|  0|   32|           1|          32|
    |c_7_V_fu_1090_p3            |  select  |      0|  0|   32|           1|          32|
    |c_8_V_fu_936_p3             |  select  |      0|  0|   32|           1|          32|
    |c_9_V_fu_928_p3             |  select  |      0|  0|   32|           1|          32|
    |d_0_V_fu_1240_p3            |  select  |      0|  0|   32|           1|          32|
    |d_10_V_fu_1330_p3           |  select  |      0|  0|   32|           1|          32|
    |d_11_V_fu_1346_p3           |  select  |      0|  0|   32|           1|          32|
    |d_12_V_fu_1304_p3           |  select  |      0|  0|   32|           1|          32|
    |d_13_V_fu_1320_p3           |  select  |      0|  0|   32|           1|          32|
    |d_14_V_fu_1336_p3           |  select  |      0|  0|   32|           1|          32|
    |d_15_V_fu_1352_p3           |  select  |      0|  0|   32|           1|          32|
    |d_16_V_fu_1368_p3           |  select  |      0|  0|   32|           1|          32|
    |d_17_V_fu_1384_p3           |  select  |      0|  0|   32|           1|          32|
    |d_18_V_fu_1400_p3           |  select  |      0|  0|   32|           1|          32|
    |d_19_V_fu_1416_p3           |  select  |      0|  0|   32|           1|          32|
    |d_1_V_fu_1256_p3            |  select  |      0|  0|   32|           1|          32|
    |d_20_V_fu_1362_p3           |  select  |      0|  0|   32|           1|          32|
    |d_21_V_fu_1378_p3           |  select  |      0|  0|   32|           1|          32|
    |d_22_V_fu_1394_p3           |  select  |      0|  0|   32|           1|          32|
    |d_23_V_fu_1410_p3           |  select  |      0|  0|   32|           1|          32|
    |d_24_V_fu_1426_p3           |  select  |      0|  0|   32|           1|          32|
    |d_25_V_fu_1442_p3           |  select  |      0|  0|   32|           1|          32|
    |d_26_V_fu_1458_p3           |  select  |      0|  0|   32|           1|          32|
    |d_27_V_fu_1474_p3           |  select  |      0|  0|   32|           1|          32|
    |d_28_V_fu_1432_p3           |  select  |      0|  0|   32|           1|          32|
    |d_29_V_fu_1448_p3           |  select  |      0|  0|   32|           1|          32|
    |d_2_V_fu_1272_p3            |  select  |      0|  0|   32|           1|          32|
    |d_30_V_fu_1464_p3           |  select  |      0|  0|   32|           1|          32|
    |d_31_V_fu_1480_p3           |  select  |      0|  0|   32|           1|          32|
    |d_3_V_fu_1288_p3            |  select  |      0|  0|   32|           1|          32|
    |d_4_V_fu_1234_p3            |  select  |      0|  0|   32|           1|          32|
    |d_5_V_fu_1250_p3            |  select  |      0|  0|   32|           1|          32|
    |d_6_V_fu_1266_p3            |  select  |      0|  0|   32|           1|          32|
    |d_7_V_fu_1282_p3            |  select  |      0|  0|   32|           1|          32|
    |d_8_V_fu_1298_p3            |  select  |      0|  0|   32|           1|          32|
    |d_9_V_fu_1314_p3            |  select  |      0|  0|   32|           1|          32|
    |e_0_V_fu_1587_p3            |  select  |      0|  0|   32|           1|          32|
    |e_10_V_fu_1627_p3           |  select  |      0|  0|   32|           1|          32|
    |e_11_V_fu_1637_p3           |  select  |      0|  0|   32|           1|          32|
    |e_12_V_fu_1642_p3           |  select  |      0|  0|   32|           1|          32|
    |e_13_V_fu_1652_p3           |  select  |      0|  0|   32|           1|          32|
    |e_14_V_fu_1647_p3           |  select  |      0|  0|   32|           1|          32|
    |e_15_V_fu_1657_p3           |  select  |      0|  0|   32|           1|          32|
    |e_16_V_fu_1667_p3           |  select  |      0|  0|   32|           1|          32|
    |e_17_V_fu_1677_p3           |  select  |      0|  0|   32|           1|          32|
    |e_18_V_fu_1662_p3           |  select  |      0|  0|   32|           1|          32|
    |e_19_V_fu_1672_p3           |  select  |      0|  0|   32|           1|          32|
    |e_1_V_fu_1597_p3            |  select  |      0|  0|   32|           1|          32|
    |e_20_V_fu_1687_p3           |  select  |      0|  0|   32|           1|          32|
    |e_21_V_fu_1697_p3           |  select  |      0|  0|   32|           1|          32|
    |e_22_V_fu_1682_p3           |  select  |      0|  0|   32|           1|          32|
    |e_23_V_fu_1692_p3           |  select  |      0|  0|   32|           1|          32|
    |e_24_V_fu_1702_p3           |  select  |      0|  0|   32|           1|          32|
    |e_25_V_fu_1712_p3           |  select  |      0|  0|   32|           1|          32|
    |e_26_V_fu_1707_p3           |  select  |      0|  0|   32|           1|          32|
    |e_27_V_fu_1717_p3           |  select  |      0|  0|   32|           1|          32|
    |e_28_V_fu_1722_p3           |  select  |      0|  0|   32|           1|          32|
    |e_29_V_fu_1732_p3           |  select  |      0|  0|   32|           1|          32|
    |e_2_V_fu_1582_p3            |  select  |      0|  0|   32|           1|          32|
    |e_30_V_fu_1727_p3           |  select  |      0|  0|   32|           1|          32|
    |e_31_V_fu_1737_p3           |  select  |      0|  0|   32|           1|          32|
    |e_3_V_fu_1592_p3            |  select  |      0|  0|   32|           1|          32|
    |e_4_V_fu_1607_p3            |  select  |      0|  0|   32|           1|          32|
    |e_5_V_fu_1617_p3            |  select  |      0|  0|   32|           1|          32|
    |e_6_V_fu_1602_p3            |  select  |      0|  0|   32|           1|          32|
    |e_7_V_fu_1612_p3            |  select  |      0|  0|   32|           1|          32|
    |e_8_V_fu_1622_p3            |  select  |      0|  0|   32|           1|          32|
    |e_9_V_fu_1632_p3            |  select  |      0|  0|   32|           1|          32|
    |f_0_V_fu_1756_p3            |  select  |      0|  0|   32|           1|          32|
    |f_10_V_fu_1858_p3           |  select  |      0|  0|   32|           1|          32|
    |f_11_V_fu_1866_p3           |  select  |      0|  0|   32|           1|          32|
    |f_12_V_fu_1880_p3           |  select  |      0|  0|   32|           1|          32|
    |f_13_V_fu_1888_p3           |  select  |      0|  0|   32|           1|          32|
    |f_14_V_fu_1902_p3           |  select  |      0|  0|   32|           1|          32|
    |f_15_V_fu_1910_p3           |  select  |      0|  0|   32|           1|          32|
    |f_16_V_fu_1932_p3           |  select  |      0|  0|   32|           1|          32|
    |f_17_V_fu_1924_p3           |  select  |      0|  0|   32|           1|          32|
    |f_18_V_fu_1954_p3           |  select  |      0|  0|   32|           1|          32|
    |f_19_V_fu_1946_p3           |  select  |      0|  0|   32|           1|          32|
    |f_1_V_fu_1748_p3            |  select  |      0|  0|   32|           1|          32|
    |f_20_V_fu_1976_p3           |  select  |      0|  0|   32|           1|          32|
    |f_21_V_fu_1968_p3           |  select  |      0|  0|   32|           1|          32|
    |f_22_V_fu_1998_p3           |  select  |      0|  0|   32|           1|          32|
    |f_23_V_fu_1990_p3           |  select  |      0|  0|   32|           1|          32|
    |f_24_V_fu_2012_p3           |  select  |      0|  0|   32|           1|          32|
    |f_25_V_fu_2020_p3           |  select  |      0|  0|   32|           1|          32|
    |f_26_V_fu_2034_p3           |  select  |      0|  0|   32|           1|          32|
    |f_27_V_fu_2042_p3           |  select  |      0|  0|   32|           1|          32|
    |f_28_V_fu_2056_p3           |  select  |      0|  0|   32|           1|          32|
    |f_29_V_fu_2064_p3           |  select  |      0|  0|   32|           1|          32|
    |f_2_V_fu_1778_p3            |  select  |      0|  0|   32|           1|          32|
    |f_30_V_fu_2078_p3           |  select  |      0|  0|   32|           1|          32|
    |f_31_V_fu_2086_p3           |  select  |      0|  0|   32|           1|          32|
    |f_3_V_fu_1770_p3            |  select  |      0|  0|   32|           1|          32|
    |f_4_V_fu_1800_p3            |  select  |      0|  0|   32|           1|          32|
    |f_5_V_fu_1792_p3            |  select  |      0|  0|   32|           1|          32|
    |f_6_V_fu_1822_p3            |  select  |      0|  0|   32|           1|          32|
    |f_7_V_fu_1814_p3            |  select  |      0|  0|   32|           1|          32|
    |f_8_V_fu_1836_p3            |  select  |      0|  0|   32|           1|          32|
    |f_9_V_fu_1844_p3            |  select  |      0|  0|   32|           1|          32|
    |g_0_V_fu_2104_p3            |  select  |      0|  0|   32|           1|          32|
    |g_10_V_fu_2130_p3           |  select  |      0|  0|   32|           1|          32|
    |g_11_V_fu_2146_p3           |  select  |      0|  0|   32|           1|          32|
    |g_12_V_fu_2162_p3           |  select  |      0|  0|   32|           1|          32|
    |g_13_V_fu_2178_p3           |  select  |      0|  0|   32|           1|          32|
    |g_14_V_fu_2194_p3           |  select  |      0|  0|   32|           1|          32|
    |g_15_V_fu_2210_p3           |  select  |      0|  0|   32|           1|          32|
    |g_16_V_fu_2226_p3           |  select  |      0|  0|   32|           1|          32|
    |g_17_V_fu_2242_p3           |  select  |      0|  0|   32|           1|          32|
    |g_18_V_fu_2258_p3           |  select  |      0|  0|   32|           1|          32|
    |g_19_V_fu_2274_p3           |  select  |      0|  0|   32|           1|          32|
    |g_1_V_fu_2120_p3            |  select  |      0|  0|   32|           1|          32|
    |g_20_V_fu_2290_p3           |  select  |      0|  0|   32|           1|          32|
    |g_21_V_fu_2306_p3           |  select  |      0|  0|   32|           1|          32|
    |g_22_V_fu_2322_p3           |  select  |      0|  0|   32|           1|          32|
    |g_23_V_fu_2338_p3           |  select  |      0|  0|   32|           1|          32|
    |g_24_V_fu_2232_p3           |  select  |      0|  0|   32|           1|          32|
    |g_25_V_fu_2248_p3           |  select  |      0|  0|   32|           1|          32|
    |g_26_V_fu_2264_p3           |  select  |      0|  0|   32|           1|          32|
    |g_27_V_fu_2280_p3           |  select  |      0|  0|   32|           1|          32|
    |g_28_V_fu_2296_p3           |  select  |      0|  0|   32|           1|          32|
    |g_29_V_fu_2312_p3           |  select  |      0|  0|   32|           1|          32|
    |g_2_V_fu_2136_p3            |  select  |      0|  0|   32|           1|          32|
    |g_30_V_fu_2328_p3           |  select  |      0|  0|   32|           1|          32|
    |g_31_V_fu_2344_p3           |  select  |      0|  0|   32|           1|          32|
    |g_3_V_fu_2152_p3            |  select  |      0|  0|   32|           1|          32|
    |g_4_V_fu_2168_p3            |  select  |      0|  0|   32|           1|          32|
    |g_5_V_fu_2184_p3            |  select  |      0|  0|   32|           1|          32|
    |g_6_V_fu_2200_p3            |  select  |      0|  0|   32|           1|          32|
    |g_7_V_fu_2216_p3            |  select  |      0|  0|   32|           1|          32|
    |g_8_V_fu_2098_p3            |  select  |      0|  0|   32|           1|          32|
    |g_9_V_fu_2114_p3            |  select  |      0|  0|   32|           1|          32|
    |h_0_V_fu_2451_p3            |  select  |      0|  0|   32|           1|          32|
    |h_10_V_fu_2511_p3           |  select  |      0|  0|   32|           1|          32|
    |h_11_V_fu_2521_p3           |  select  |      0|  0|   32|           1|          32|
    |h_12_V_fu_2486_p3           |  select  |      0|  0|   32|           1|          32|
    |h_13_V_fu_2496_p3           |  select  |      0|  0|   32|           1|          32|
    |h_14_V_fu_2506_p3           |  select  |      0|  0|   32|           1|          32|
    |h_15_V_fu_2516_p3           |  select  |      0|  0|   32|           1|          32|
    |h_16_V_fu_2526_p3           |  select  |      0|  0|   32|           1|          32|
    |h_17_V_fu_2536_p3           |  select  |      0|  0|   32|           1|          32|
    |h_18_V_fu_2546_p3           |  select  |      0|  0|   32|           1|          32|
    |h_19_V_fu_2556_p3           |  select  |      0|  0|   32|           1|          32|
    |h_1_V_fu_2461_p3            |  select  |      0|  0|   32|           1|          32|
    |h_20_V_fu_2531_p3           |  select  |      0|  0|   32|           1|          32|
    |h_21_V_fu_2541_p3           |  select  |      0|  0|   32|           1|          32|
    |h_22_V_fu_2551_p3           |  select  |      0|  0|   32|           1|          32|
    |h_23_V_fu_2561_p3           |  select  |      0|  0|   32|           1|          32|
    |h_24_V_fu_2566_p3           |  select  |      0|  0|   32|           1|          32|
    |h_25_V_fu_2576_p3           |  select  |      0|  0|   32|           1|          32|
    |h_26_V_fu_2586_p3           |  select  |      0|  0|   32|           1|          32|
    |h_27_V_fu_2596_p3           |  select  |      0|  0|   32|           1|          32|
    |h_28_V_fu_2571_p3           |  select  |      0|  0|   32|           1|          32|
    |h_29_V_fu_2581_p3           |  select  |      0|  0|   32|           1|          32|
    |h_2_V_fu_2471_p3            |  select  |      0|  0|   32|           1|          32|
    |h_30_V_fu_2591_p3           |  select  |      0|  0|   32|           1|          32|
    |h_31_V_fu_2601_p3           |  select  |      0|  0|   32|           1|          32|
    |h_3_V_fu_2481_p3            |  select  |      0|  0|   32|           1|          32|
    |h_4_V_fu_2446_p3            |  select  |      0|  0|   32|           1|          32|
    |h_5_V_fu_2456_p3            |  select  |      0|  0|   32|           1|          32|
    |h_6_V_fu_2466_p3            |  select  |      0|  0|   32|           1|          32|
    |h_7_V_fu_2476_p3            |  select  |      0|  0|   32|           1|          32|
    |h_8_V_fu_2491_p3            |  select  |      0|  0|   32|           1|          32|
    |h_9_V_fu_2501_p3            |  select  |      0|  0|   32|           1|          32|
    |l_0_V_fu_2620_p3            |  select  |      0|  0|   32|           1|          32|
    |l_10_V_fu_2700_p3           |  select  |      0|  0|   32|           1|          32|
    |l_11_V_fu_2722_p3           |  select  |      0|  0|   32|           1|          32|
    |l_12_V_fu_2752_p3           |  select  |      0|  0|   32|           1|          32|
    |l_13_V_fu_2774_p3           |  select  |      0|  0|   32|           1|          32|
    |l_14_V_fu_2744_p3           |  select  |      0|  0|   32|           1|          32|
    |l_15_V_fu_2766_p3           |  select  |      0|  0|   32|           1|          32|
    |l_16_V_fu_2788_p3           |  select  |      0|  0|   32|           1|          32|
    |l_17_V_fu_2810_p3           |  select  |      0|  0|   32|           1|          32|
    |l_18_V_fu_2796_p3           |  select  |      0|  0|   32|           1|          32|
    |l_19_V_fu_2818_p3           |  select  |      0|  0|   32|           1|          32|
    |l_1_V_fu_2642_p3            |  select  |      0|  0|   32|           1|          32|
    |l_20_V_fu_2832_p3           |  select  |      0|  0|   32|           1|          32|
    |l_21_V_fu_2854_p3           |  select  |      0|  0|   32|           1|          32|
    |l_22_V_fu_2840_p3           |  select  |      0|  0|   32|           1|          32|
    |l_23_V_fu_2862_p3           |  select  |      0|  0|   32|           1|          32|
    |l_24_V_fu_2876_p3           |  select  |      0|  0|   32|           1|          32|
    |l_25_V_fu_2898_p3           |  select  |      0|  0|   32|           1|          32|
    |l_26_V_fu_2884_p3           |  select  |      0|  0|   32|           1|          32|
    |l_27_V_fu_2906_p3           |  select  |      0|  0|   32|           1|          32|
    |l_28_V_fu_2920_p3           |  select  |      0|  0|   32|           1|          32|
    |l_29_V_fu_2942_p3           |  select  |      0|  0|   32|           1|          32|
    |l_2_V_fu_2612_p3            |  select  |      0|  0|   32|           1|          32|
    |l_30_V_fu_2928_p3           |  select  |      0|  0|   32|           1|          32|
    |l_31_V_fu_2950_p3           |  select  |      0|  0|   32|           1|          32|
    |l_3_V_fu_2634_p3            |  select  |      0|  0|   32|           1|          32|
    |l_4_V_fu_2664_p3            |  select  |      0|  0|   32|           1|          32|
    |l_5_V_fu_2686_p3            |  select  |      0|  0|   32|           1|          32|
    |l_6_V_fu_2656_p3            |  select  |      0|  0|   32|           1|          32|
    |l_7_V_fu_2678_p3            |  select  |      0|  0|   32|           1|          32|
    |l_8_V_fu_2708_p3            |  select  |      0|  0|   32|           1|          32|
    |l_9_V_fu_2730_p3            |  select  |      0|  0|   32|           1|          32|
    |m_0_V_fu_2968_p3            |  select  |      0|  0|   32|           1|          32|
    |m_10_V_fu_3048_p3           |  select  |      0|  0|   32|           1|          32|
    |m_11_V_fu_3042_p3           |  select  |      0|  0|   32|           1|          32|
    |m_12_V_fu_3064_p3           |  select  |      0|  0|   32|           1|          32|
    |m_13_V_fu_3058_p3           |  select  |      0|  0|   32|           1|          32|
    |m_14_V_fu_3080_p3           |  select  |      0|  0|   32|           1|          32|
    |m_15_V_fu_3074_p3           |  select  |      0|  0|   32|           1|          32|
    |m_16_V_fu_3090_p3           |  select  |      0|  0|   32|           1|          32|
    |m_17_V_fu_3096_p3           |  select  |      0|  0|   32|           1|          32|
    |m_18_V_fu_3106_p3           |  select  |      0|  0|   32|           1|          32|
    |m_19_V_fu_3112_p3           |  select  |      0|  0|   32|           1|          32|
    |m_1_V_fu_2962_p3            |  select  |      0|  0|   32|           1|          32|
    |m_20_V_fu_3122_p3           |  select  |      0|  0|   32|           1|          32|
    |m_21_V_fu_3128_p3           |  select  |      0|  0|   32|           1|          32|
    |m_22_V_fu_3138_p3           |  select  |      0|  0|   32|           1|          32|
    |m_23_V_fu_3144_p3           |  select  |      0|  0|   32|           1|          32|
    |m_24_V_fu_3154_p3           |  select  |      0|  0|   32|           1|          32|
    |m_25_V_fu_3160_p3           |  select  |      0|  0|   32|           1|          32|
    |m_26_V_fu_3170_p3           |  select  |      0|  0|   32|           1|          32|
    |m_27_V_fu_3176_p3           |  select  |      0|  0|   32|           1|          32|
    |m_28_V_fu_3186_p3           |  select  |      0|  0|   32|           1|          32|
    |m_29_V_fu_3192_p3           |  select  |      0|  0|   32|           1|          32|
    |m_2_V_fu_2984_p3            |  select  |      0|  0|   32|           1|          32|
    |m_30_V_fu_3202_p3           |  select  |      0|  0|   32|           1|          32|
    |m_31_V_fu_3208_p3           |  select  |      0|  0|   32|           1|          32|
    |m_3_V_fu_2978_p3            |  select  |      0|  0|   32|           1|          32|
    |m_4_V_fu_3000_p3            |  select  |      0|  0|   32|           1|          32|
    |m_5_V_fu_2994_p3            |  select  |      0|  0|   32|           1|          32|
    |m_6_V_fu_3016_p3            |  select  |      0|  0|   32|           1|          32|
    |m_7_V_fu_3010_p3            |  select  |      0|  0|   32|           1|          32|
    |m_8_V_fu_3032_p3            |  select  |      0|  0|   32|           1|          32|
    |m_9_V_fu_3026_p3            |  select  |      0|  0|   32|           1|          32|
    |n_0_V_fu_3315_p3            |  select  |      0|  0|   32|           1|          32|
    |n_10_V_fu_3415_p3           |  select  |      0|  0|   32|           1|          32|
    |n_11_V_fu_3425_p3           |  select  |      0|  0|   32|           1|          32|
    |n_12_V_fu_3435_p3           |  select  |      0|  0|   32|           1|          32|
    |n_13_V_fu_3445_p3           |  select  |      0|  0|   32|           1|          32|
    |n_14_V_fu_3455_p3           |  select  |      0|  0|   32|           1|          32|
    |n_15_V_fu_3465_p3           |  select  |      0|  0|   32|           1|          32|
    |n_16_V_fu_3310_p3           |  select  |      0|  0|   32|           1|          32|
    |n_17_V_fu_3320_p3           |  select  |      0|  0|   32|           1|          32|
    |n_18_V_fu_3330_p3           |  select  |      0|  0|   32|           1|          32|
    |n_19_V_fu_3340_p3           |  select  |      0|  0|   32|           1|          32|
    |n_1_V_fu_3325_p3            |  select  |      0|  0|   32|           1|          32|
    |n_20_V_fu_3350_p3           |  select  |      0|  0|   32|           1|          32|
    |n_21_V_fu_3360_p3           |  select  |      0|  0|   32|           1|          32|
    |n_22_V_fu_3370_p3           |  select  |      0|  0|   32|           1|          32|
    |n_23_V_fu_3380_p3           |  select  |      0|  0|   32|           1|          32|
    |n_24_V_fu_3390_p3           |  select  |      0|  0|   32|           1|          32|
    |n_25_V_fu_3400_p3           |  select  |      0|  0|   32|           1|          32|
    |n_26_V_fu_3410_p3           |  select  |      0|  0|   32|           1|          32|
    |n_27_V_fu_3420_p3           |  select  |      0|  0|   32|           1|          32|
    |n_28_V_fu_3430_p3           |  select  |      0|  0|   32|           1|          32|
    |n_29_V_fu_3440_p3           |  select  |      0|  0|   32|           1|          32|
    |n_2_V_fu_3335_p3            |  select  |      0|  0|   32|           1|          32|
    |n_30_V_fu_3450_p3           |  select  |      0|  0|   32|           1|          32|
    |n_31_V_fu_3460_p3           |  select  |      0|  0|   32|           1|          32|
    |n_3_V_fu_3345_p3            |  select  |      0|  0|   32|           1|          32|
    |n_4_V_fu_3355_p3            |  select  |      0|  0|   32|           1|          32|
    |n_5_V_fu_3365_p3            |  select  |      0|  0|   32|           1|          32|
    |n_6_V_fu_3375_p3            |  select  |      0|  0|   32|           1|          32|
    |n_7_V_fu_3385_p3            |  select  |      0|  0|   32|           1|          32|
    |n_8_V_fu_3395_p3            |  select  |      0|  0|   32|           1|          32|
    |n_9_V_fu_3405_p3            |  select  |      0|  0|   32|           1|          32|
    |o_0_V_fu_3484_p3            |  select  |      0|  0|   32|           1|          32|
    |o_10_V_fu_3520_p3           |  select  |      0|  0|   32|           1|          32|
    |o_11_V_fu_3542_p3           |  select  |      0|  0|   32|           1|          32|
    |o_12_V_fu_3564_p3           |  select  |      0|  0|   32|           1|          32|
    |o_13_V_fu_3586_p3           |  select  |      0|  0|   32|           1|          32|
    |o_14_V_fu_3608_p3           |  select  |      0|  0|   32|           1|          32|
    |o_15_V_fu_3630_p3           |  select  |      0|  0|   32|           1|          32|
    |o_16_V_fu_3660_p3           |  select  |      0|  0|   32|           1|          32|
    |o_17_V_fu_3682_p3           |  select  |      0|  0|   32|           1|          32|
    |o_18_V_fu_3704_p3           |  select  |      0|  0|   32|           1|          32|
    |o_19_V_fu_3726_p3           |  select  |      0|  0|   32|           1|          32|
    |o_1_V_fu_3506_p3            |  select  |      0|  0|   32|           1|          32|
    |o_20_V_fu_3748_p3           |  select  |      0|  0|   32|           1|          32|
    |o_21_V_fu_3770_p3           |  select  |      0|  0|   32|           1|          32|
    |o_22_V_fu_3792_p3           |  select  |      0|  0|   32|           1|          32|
    |o_23_V_fu_3814_p3           |  select  |      0|  0|   32|           1|          32|
    |o_24_V_fu_3652_p3           |  select  |      0|  0|   32|           1|          32|
    |o_25_V_fu_3674_p3           |  select  |      0|  0|   32|           1|          32|
    |o_26_V_fu_3696_p3           |  select  |      0|  0|   32|           1|          32|
    |o_27_V_fu_3718_p3           |  select  |      0|  0|   32|           1|          32|
    |o_28_V_fu_3740_p3           |  select  |      0|  0|   32|           1|          32|
    |o_29_V_fu_3762_p3           |  select  |      0|  0|   32|           1|          32|
    |o_2_V_fu_3528_p3            |  select  |      0|  0|   32|           1|          32|
    |o_30_V_fu_3784_p3           |  select  |      0|  0|   32|           1|          32|
    |o_31_V_fu_3806_p3           |  select  |      0|  0|   32|           1|          32|
    |o_3_V_fu_3550_p3            |  select  |      0|  0|   32|           1|          32|
    |o_4_V_fu_3572_p3            |  select  |      0|  0|   32|           1|          32|
    |o_5_V_fu_3594_p3            |  select  |      0|  0|   32|           1|          32|
    |o_6_V_fu_3616_p3            |  select  |      0|  0|   32|           1|          32|
    |o_7_V_fu_3638_p3            |  select  |      0|  0|   32|           1|          32|
    |o_8_V_fu_3476_p3            |  select  |      0|  0|   32|           1|          32|
    |o_9_V_fu_3498_p3            |  select  |      0|  0|   32|           1|          32|
    |p_0_V_fu_3832_p3            |  select  |      0|  0|   32|           1|          32|
    |p_10_V_fu_3928_p3           |  select  |      0|  0|   32|           1|          32|
    |p_11_V_fu_3944_p3           |  select  |      0|  0|   32|           1|          32|
    |p_12_V_fu_3890_p3           |  select  |      0|  0|   32|           1|          32|
    |p_13_V_fu_3906_p3           |  select  |      0|  0|   32|           1|          32|
    |p_14_V_fu_3922_p3           |  select  |      0|  0|   32|           1|          32|
    |p_15_V_fu_3938_p3           |  select  |      0|  0|   32|           1|          32|
    |p_16_V_fu_3960_p3           |  select  |      0|  0|   32|           1|          32|
    |p_17_V_fu_3976_p3           |  select  |      0|  0|   32|           1|          32|
    |p_18_V_fu_3992_p3           |  select  |      0|  0|   32|           1|          32|
    |p_19_V_fu_4008_p3           |  select  |      0|  0|   32|           1|          32|
    |p_1_V_fu_3848_p3            |  select  |      0|  0|   32|           1|          32|
    |p_20_V_fu_3954_p3           |  select  |      0|  0|   32|           1|          32|
    |p_21_V_fu_3970_p3           |  select  |      0|  0|   32|           1|          32|
    |p_22_V_fu_3986_p3           |  select  |      0|  0|   32|           1|          32|
    |p_23_V_fu_4002_p3           |  select  |      0|  0|   32|           1|          32|
    |p_24_V_fu_4024_p3           |  select  |      0|  0|   32|           1|          32|
    |p_25_V_fu_4040_p3           |  select  |      0|  0|   32|           1|          32|
    |p_26_V_fu_4056_p3           |  select  |      0|  0|   32|           1|          32|
    |p_27_V_fu_4072_p3           |  select  |      0|  0|   32|           1|          32|
    |p_28_V_fu_4018_p3           |  select  |      0|  0|   32|           1|          32|
    |p_29_V_fu_4034_p3           |  select  |      0|  0|   32|           1|          32|
    |p_2_V_fu_3864_p3            |  select  |      0|  0|   32|           1|          32|
    |p_30_V_fu_4050_p3           |  select  |      0|  0|   32|           1|          32|
    |p_31_V_fu_4066_p3           |  select  |      0|  0|   32|           1|          32|
    |p_3_V_fu_3880_p3            |  select  |      0|  0|   32|           1|          32|
    |p_4_V_fu_3826_p3            |  select  |      0|  0|   32|           1|          32|
    |p_5_V_fu_3842_p3            |  select  |      0|  0|   32|           1|          32|
    |p_6_V_fu_3858_p3            |  select  |      0|  0|   32|           1|          32|
    |p_7_V_fu_3874_p3            |  select  |      0|  0|   32|           1|          32|
    |p_8_V_fu_3896_p3            |  select  |      0|  0|   32|           1|          32|
    |p_9_V_fu_3912_p3            |  select  |      0|  0|   32|           1|          32|
    |q_0_V_fu_4179_p3            |  select  |      0|  0|   32|           1|          32|
    |q_10_V_fu_4214_p3           |  select  |      0|  0|   32|           1|          32|
    |q_11_V_fu_4224_p3           |  select  |      0|  0|   32|           1|          32|
    |q_12_V_fu_4239_p3           |  select  |      0|  0|   32|           1|          32|
    |q_13_V_fu_4249_p3           |  select  |      0|  0|   32|           1|          32|
    |q_14_V_fu_4234_p3           |  select  |      0|  0|   32|           1|          32|
    |q_15_V_fu_4244_p3           |  select  |      0|  0|   32|           1|          32|
    |q_16_V_fu_4259_p3           |  select  |      0|  0|   32|           1|          32|
    |q_17_V_fu_4269_p3           |  select  |      0|  0|   32|           1|          32|
    |q_18_V_fu_4254_p3           |  select  |      0|  0|   32|           1|          32|
    |q_19_V_fu_4264_p3           |  select  |      0|  0|   32|           1|          32|
    |q_1_V_fu_4189_p3            |  select  |      0|  0|   32|           1|          32|
    |q_20_V_fu_4279_p3           |  select  |      0|  0|   32|           1|          32|
    |q_21_V_fu_4289_p3           |  select  |      0|  0|   32|           1|          32|
    |q_22_V_fu_4274_p3           |  select  |      0|  0|   32|           1|          32|
    |q_23_V_fu_4284_p3           |  select  |      0|  0|   32|           1|          32|
    |q_24_V_fu_4299_p3           |  select  |      0|  0|   32|           1|          32|
    |q_25_V_fu_4309_p3           |  select  |      0|  0|   32|           1|          32|
    |q_26_V_fu_4294_p3           |  select  |      0|  0|   32|           1|          32|
    |q_27_V_fu_4304_p3           |  select  |      0|  0|   32|           1|          32|
    |q_28_V_fu_4319_p3           |  select  |      0|  0|   32|           1|          32|
    |q_29_V_fu_4329_p3           |  select  |      0|  0|   32|           1|          32|
    |q_2_V_fu_4174_p3            |  select  |      0|  0|   32|           1|          32|
    |q_30_V_fu_4314_p3           |  select  |      0|  0|   32|           1|          32|
    |q_31_V_fu_4324_p3           |  select  |      0|  0|   32|           1|          32|
    |q_3_V_fu_4184_p3            |  select  |      0|  0|   32|           1|          32|
    |q_4_V_fu_4199_p3            |  select  |      0|  0|   32|           1|          32|
    |q_5_V_fu_4209_p3            |  select  |      0|  0|   32|           1|          32|
    |q_6_V_fu_4194_p3            |  select  |      0|  0|   32|           1|          32|
    |q_7_V_fu_4204_p3            |  select  |      0|  0|   32|           1|          32|
    |q_8_V_fu_4219_p3            |  select  |      0|  0|   32|           1|          32|
    |q_9_V_fu_4229_p3            |  select  |      0|  0|   32|           1|          32|
    |select_ln10_192_fu_4362_p3  |  select  |      0|  0|   32|           1|          32|
    |select_ln10_193_fu_4384_p3  |  select  |      0|  0|   32|           1|          32|
    |select_ln10_194_fu_4406_p3  |  select  |      0|  0|   32|           1|          32|
    |select_ln10_195_fu_4428_p3  |  select  |      0|  0|   32|           1|          32|
    |select_ln10_196_fu_4450_p3  |  select  |      0|  0|   32|           1|          32|
    |select_ln10_197_fu_4472_p3  |  select  |      0|  0|   32|           1|          32|
    |select_ln10_198_fu_4494_p3  |  select  |      0|  0|   32|           1|          32|
    |select_ln10_199_fu_4516_p3  |  select  |      0|  0|   32|           1|          32|
    |select_ln10_200_fu_4538_p3  |  select  |      0|  0|   32|           1|          32|
    |select_ln10_201_fu_4560_p3  |  select  |      0|  0|   32|           1|          32|
    |select_ln10_202_fu_4582_p3  |  select  |      0|  0|   32|           1|          32|
    |select_ln10_203_fu_4604_p3  |  select  |      0|  0|   32|           1|          32|
    |select_ln10_204_fu_4626_p3  |  select  |      0|  0|   32|           1|          32|
    |select_ln10_205_fu_4648_p3  |  select  |      0|  0|   32|           1|          32|
    |select_ln10_206_fu_4670_p3  |  select  |      0|  0|   32|           1|          32|
    |select_ln10_fu_4340_p3      |  select  |      0|  0|   32|           1|          32|
    |select_ln11_192_fu_4370_p3  |  select  |      0|  0|   32|           1|          32|
    |select_ln11_193_fu_4392_p3  |  select  |      0|  0|   32|           1|          32|
    |select_ln11_194_fu_4414_p3  |  select  |      0|  0|   32|           1|          32|
    |select_ln11_195_fu_4436_p3  |  select  |      0|  0|   32|           1|          32|
    |select_ln11_196_fu_4458_p3  |  select  |      0|  0|   32|           1|          32|
    |select_ln11_197_fu_4480_p3  |  select  |      0|  0|   32|           1|          32|
    |select_ln11_198_fu_4502_p3  |  select  |      0|  0|   32|           1|          32|
    |select_ln11_199_fu_4524_p3  |  select  |      0|  0|   32|           1|          32|
    |select_ln11_200_fu_4546_p3  |  select  |      0|  0|   32|           1|          32|
    |select_ln11_201_fu_4568_p3  |  select  |      0|  0|   32|           1|          32|
    |select_ln11_202_fu_4590_p3  |  select  |      0|  0|   32|           1|          32|
    |select_ln11_203_fu_4612_p3  |  select  |      0|  0|   32|           1|          32|
    |select_ln11_204_fu_4634_p3  |  select  |      0|  0|   32|           1|          32|
    |select_ln11_205_fu_4656_p3  |  select  |      0|  0|   32|           1|          32|
    |select_ln11_206_fu_4678_p3  |  select  |      0|  0|   32|           1|          32|
    |select_ln11_fu_4348_p3      |  select  |      0|  0|   32|           1|          32|
    |ap_enable_pp0               |    xor   |      0|  0|    2|           1|           2|
    +----------------------------+----------+-------+---+-----+------------+------------+
    |Total                       |          |      0|  0|20164|        8162|       23043|
    +----------------------------+----------+-------+---+-----+------------+------------+

    * Multiplexer: 
    +-------------------------+----+-----------+-----+-----------+
    |           Name          | LUT| Input Size| Bits| Total Bits|
    +-------------------------+----+-----------+-----+-----------+
    |ap_NS_fsm                |  47|         10|    1|         10|
    |ap_enable_reg_pp0_iter0  |   9|          2|    1|          2|
    |ap_enable_reg_pp0_iter1  |   9|          2|    1|          2|
    +-------------------------+----+-----------+-----+-----------+
    |Total                    |  65|         14|    3|         14|
    +-------------------------+----+-----------+-----+-----------+

    * Register: 
    +-----------------------------+----+----+-----+-----------+
    |             Name            | FF | LUT| Bits| Const Bits|
    +-----------------------------+----+----+-----+-----------+
    |a_0_V_reg_4884               |  32|   0|   32|          0|
    |a_10_V_reg_4998              |  32|   0|   32|          0|
    |a_11_V_reg_5004              |  32|   0|   32|          0|
    |a_12_V_reg_4920              |  32|   0|   32|          0|
    |a_13_V_reg_4914              |  32|   0|   32|          0|
    |a_14_V_reg_5010              |  32|   0|   32|          0|
    |a_15_V_reg_5016              |  32|   0|   32|          0|
    |a_16_V_reg_4932              |  32|   0|   32|          0|
    |a_17_V_reg_4926              |  32|   0|   32|          0|
    |a_18_V_reg_5022              |  32|   0|   32|          0|
    |a_19_V_reg_5028              |  32|   0|   32|          0|
    |a_1_V_reg_4878               |  32|   0|   32|          0|
    |a_20_V_reg_4944              |  32|   0|   32|          0|
    |a_21_V_reg_4938              |  32|   0|   32|          0|
    |a_22_V_reg_5034              |  32|   0|   32|          0|
    |a_23_V_reg_5040              |  32|   0|   32|          0|
    |a_24_V_reg_4956              |  32|   0|   32|          0|
    |a_25_V_reg_4950              |  32|   0|   32|          0|
    |a_26_V_reg_5046              |  32|   0|   32|          0|
    |a_27_V_reg_5052              |  32|   0|   32|          0|
    |a_28_V_reg_4968              |  32|   0|   32|          0|
    |a_29_V_reg_4962              |  32|   0|   32|          0|
    |a_2_V_reg_4974               |  32|   0|   32|          0|
    |a_30_V_reg_5058              |  32|   0|   32|          0|
    |a_31_V_reg_5064              |  32|   0|   32|          0|
    |a_3_V_reg_4980               |  32|   0|   32|          0|
    |a_4_V_reg_4896               |  32|   0|   32|          0|
    |a_5_V_reg_4890               |  32|   0|   32|          0|
    |a_6_V_reg_4986               |  32|   0|   32|          0|
    |a_7_V_reg_4992               |  32|   0|   32|          0|
    |a_8_V_reg_4908               |  32|   0|   32|          0|
    |a_9_V_reg_4902               |  32|   0|   32|          0|
    |ap_CS_fsm                    |   9|   0|    9|          0|
    |ap_enable_reg_pp0_iter0_reg  |   1|   0|    1|          0|
    |ap_enable_reg_pp0_iter1      |   1|   0|    1|          0|
    |c_0_V_reg_5173               |  32|   0|   32|          0|
    |c_10_V_reg_5215              |  32|   0|   32|          0|
    |c_11_V_reg_5208              |  32|   0|   32|          0|
    |c_12_V_reg_5306              |  32|   0|   32|          0|
    |c_13_V_reg_5313              |  32|   0|   32|          0|
    |c_14_V_reg_5320              |  32|   0|   32|          0|
    |c_15_V_reg_5327              |  32|   0|   32|          0|
    |c_16_V_reg_5229              |  32|   0|   32|          0|
    |c_17_V_reg_5222              |  32|   0|   32|          0|
    |c_18_V_reg_5243              |  32|   0|   32|          0|
    |c_19_V_reg_5236              |  32|   0|   32|          0|
    |c_1_V_reg_5166               |  32|   0|   32|          0|
    |c_20_V_reg_5334              |  32|   0|   32|          0|
    |c_21_V_reg_5341              |  32|   0|   32|          0|
    |c_22_V_reg_5348              |  32|   0|   32|          0|
    |c_23_V_reg_5355              |  32|   0|   32|          0|
    |c_24_V_reg_5257              |  32|   0|   32|          0|
    |c_25_V_reg_5250              |  32|   0|   32|          0|
    |c_26_V_reg_5271              |  32|   0|   32|          0|
    |c_27_V_reg_5264              |  32|   0|   32|          0|
    |c_28_V_reg_5362              |  32|   0|   32|          0|
    |c_29_V_reg_5369              |  32|   0|   32|          0|
    |c_2_V_reg_5187               |  32|   0|   32|          0|
    |c_30_V_reg_5376              |  32|   0|   32|          0|
    |c_31_V_reg_5383              |  32|   0|   32|          0|
    |c_3_V_reg_5180               |  32|   0|   32|          0|
    |c_4_V_reg_5278               |  32|   0|   32|          0|
    |c_5_V_reg_5285               |  32|   0|   32|          0|
    |c_6_V_reg_5292               |  32|   0|   32|          0|
    |c_7_V_reg_5299               |  32|   0|   32|          0|
    |c_8_V_reg_5201               |  32|   0|   32|          0|
    |c_9_V_reg_5194               |  32|   0|   32|          0|
    |d_0_V_reg_5396               |  32|   0|   32|          0|
    |d_10_V_reg_5462              |  32|   0|   32|          0|
    |d_11_V_reg_5474              |  32|   0|   32|          0|
    |d_12_V_reg_5444              |  32|   0|   32|          0|
    |d_13_V_reg_5456              |  32|   0|   32|          0|
    |d_14_V_reg_5468              |  32|   0|   32|          0|
    |d_15_V_reg_5480              |  32|   0|   32|          0|
    |d_16_V_reg_5492              |  32|   0|   32|          0|
    |d_17_V_reg_5504              |  32|   0|   32|          0|
    |d_18_V_reg_5516              |  32|   0|   32|          0|
    |d_19_V_reg_5528              |  32|   0|   32|          0|
    |d_1_V_reg_5408               |  32|   0|   32|          0|
    |d_20_V_reg_5486              |  32|   0|   32|          0|
    |d_21_V_reg_5498              |  32|   0|   32|          0|
    |d_22_V_reg_5510              |  32|   0|   32|          0|
    |d_23_V_reg_5522              |  32|   0|   32|          0|
    |d_24_V_reg_5534              |  32|   0|   32|          0|
    |d_25_V_reg_5546              |  32|   0|   32|          0|
    |d_26_V_reg_5558              |  32|   0|   32|          0|
    |d_27_V_reg_5570              |  32|   0|   32|          0|
    |d_28_V_reg_5540              |  32|   0|   32|          0|
    |d_29_V_reg_5552              |  32|   0|   32|          0|
    |d_2_V_reg_5420               |  32|   0|   32|          0|
    |d_30_V_reg_5564              |  32|   0|   32|          0|
    |d_31_V_reg_5576              |  32|   0|   32|          0|
    |d_3_V_reg_5432               |  32|   0|   32|          0|
    |d_4_V_reg_5390               |  32|   0|   32|          0|
    |d_5_V_reg_5402               |  32|   0|   32|          0|
    |d_6_V_reg_5414               |  32|   0|   32|          0|
    |d_7_V_reg_5426               |  32|   0|   32|          0|
    |d_8_V_reg_5438               |  32|   0|   32|          0|
    |d_9_V_reg_5450               |  32|   0|   32|          0|
    |f_0_V_reg_5685               |  32|   0|   32|          0|
    |f_10_V_reg_5748              |  32|   0|   32|          0|
    |f_11_V_reg_5755              |  32|   0|   32|          0|
    |f_12_V_reg_5762              |  32|   0|   32|          0|
    |f_13_V_reg_5769              |  32|   0|   32|          0|
    |f_14_V_reg_5776              |  32|   0|   32|          0|
    |f_15_V_reg_5783              |  32|   0|   32|          0|
    |f_16_V_reg_5797              |  32|   0|   32|          0|
    |f_17_V_reg_5790              |  32|   0|   32|          0|
    |f_18_V_reg_5811              |  32|   0|   32|          0|
    |f_19_V_reg_5804              |  32|   0|   32|          0|
    |f_1_V_reg_5678               |  32|   0|   32|          0|
    |f_20_V_reg_5825              |  32|   0|   32|          0|
    |f_21_V_reg_5818              |  32|   0|   32|          0|
    |f_22_V_reg_5839              |  32|   0|   32|          0|
    |f_23_V_reg_5832              |  32|   0|   32|          0|
    |f_24_V_reg_5846              |  32|   0|   32|          0|
    |f_25_V_reg_5853              |  32|   0|   32|          0|
    |f_26_V_reg_5860              |  32|   0|   32|          0|
    |f_27_V_reg_5867              |  32|   0|   32|          0|
    |f_28_V_reg_5874              |  32|   0|   32|          0|
    |f_29_V_reg_5881              |  32|   0|   32|          0|
    |f_2_V_reg_5699               |  32|   0|   32|          0|
    |f_30_V_reg_5888              |  32|   0|   32|          0|
    |f_31_V_reg_5895              |  32|   0|   32|          0|
    |f_3_V_reg_5692               |  32|   0|   32|          0|
    |f_4_V_reg_5713               |  32|   0|   32|          0|
    |f_5_V_reg_5706               |  32|   0|   32|          0|
    |f_6_V_reg_5727               |  32|   0|   32|          0|
    |f_7_V_reg_5720               |  32|   0|   32|          0|
    |f_8_V_reg_5734               |  32|   0|   32|          0|
    |f_9_V_reg_5741               |  32|   0|   32|          0|
    |g_0_V_reg_5908               |  32|   0|   32|          0|
    |g_10_V_reg_5926              |  32|   0|   32|          0|
    |g_11_V_reg_5938              |  32|   0|   32|          0|
    |g_12_V_reg_5950              |  32|   0|   32|          0|
    |g_13_V_reg_5962              |  32|   0|   32|          0|
    |g_14_V_reg_5974              |  32|   0|   32|          0|
    |g_15_V_reg_5986              |  32|   0|   32|          0|
    |g_16_V_reg_5998              |  32|   0|   32|          0|
    |g_17_V_reg_6010              |  32|   0|   32|          0|
    |g_18_V_reg_6022              |  32|   0|   32|          0|
    |g_19_V_reg_6034              |  32|   0|   32|          0|
    |g_1_V_reg_5920               |  32|   0|   32|          0|
    |g_20_V_reg_6046              |  32|   0|   32|          0|
    |g_21_V_reg_6058              |  32|   0|   32|          0|
    |g_22_V_reg_6070              |  32|   0|   32|          0|
    |g_23_V_reg_6082              |  32|   0|   32|          0|
    |g_24_V_reg_6004              |  32|   0|   32|          0|
    |g_25_V_reg_6016              |  32|   0|   32|          0|
    |g_26_V_reg_6028              |  32|   0|   32|          0|
    |g_27_V_reg_6040              |  32|   0|   32|          0|
    |g_28_V_reg_6052              |  32|   0|   32|          0|
    |g_29_V_reg_6064              |  32|   0|   32|          0|
    |g_2_V_reg_5932               |  32|   0|   32|          0|
    |g_30_V_reg_6076              |  32|   0|   32|          0|
    |g_31_V_reg_6088              |  32|   0|   32|          0|
    |g_3_V_reg_5944               |  32|   0|   32|          0|
    |g_4_V_reg_5956               |  32|   0|   32|          0|
    |g_5_V_reg_5968               |  32|   0|   32|          0|
    |g_6_V_reg_5980               |  32|   0|   32|          0|
    |g_7_V_reg_5992               |  32|   0|   32|          0|
    |g_8_V_reg_5902               |  32|   0|   32|          0|
    |g_9_V_reg_5914               |  32|   0|   32|          0|
    |icmp_ln895_200_reg_5070      |   1|   0|    1|          0|
    |icmp_ln895_201_reg_5076      |   1|   0|    1|          0|
    |icmp_ln895_202_reg_5082      |   1|   0|    1|          0|
    |icmp_ln895_203_reg_5088      |   1|   0|    1|          0|
    |icmp_ln895_204_reg_5094      |   1|   0|    1|          0|
    |icmp_ln895_205_reg_5100      |   1|   0|    1|          0|
    |icmp_ln895_206_reg_5106      |   1|   0|    1|          0|
    |icmp_ln895_207_reg_5112      |   1|   0|    1|          0|
    |icmp_ln895_208_reg_5118      |   1|   0|    1|          0|
    |icmp_ln895_209_reg_5124      |   1|   0|    1|          0|
    |icmp_ln895_210_reg_5130      |   1|   0|    1|          0|
    |icmp_ln895_211_reg_5136      |   1|   0|    1|          0|
    |icmp_ln895_212_reg_5142      |   1|   0|    1|          0|
    |icmp_ln895_213_reg_5148      |   1|   0|    1|          0|
    |icmp_ln895_214_reg_5154      |   1|   0|    1|          0|
    |icmp_ln895_215_reg_5160      |   1|   0|    1|          0|
    |icmp_ln895_248_reg_5582      |   1|   0|    1|          0|
    |icmp_ln895_249_reg_5588      |   1|   0|    1|          0|
    |icmp_ln895_250_reg_5594      |   1|   0|    1|          0|
    |icmp_ln895_251_reg_5600      |   1|   0|    1|          0|
    |icmp_ln895_252_reg_5606      |   1|   0|    1|          0|
    |icmp_ln895_253_reg_5612      |   1|   0|    1|          0|
    |icmp_ln895_254_reg_5618      |   1|   0|    1|          0|
    |icmp_ln895_255_reg_5624      |   1|   0|    1|          0|
    |icmp_ln895_256_reg_5630      |   1|   0|    1|          0|
    |icmp_ln895_257_reg_5636      |   1|   0|    1|          0|
    |icmp_ln895_258_reg_5642      |   1|   0|    1|          0|
    |icmp_ln895_259_reg_5648      |   1|   0|    1|          0|
    |icmp_ln895_260_reg_5654      |   1|   0|    1|          0|
    |icmp_ln895_261_reg_5660      |   1|   0|    1|          0|
    |icmp_ln895_262_reg_5666      |   1|   0|    1|          0|
    |icmp_ln895_263_reg_5672      |   1|   0|    1|          0|
    |icmp_ln895_280_reg_6094      |   1|   0|    1|          0|
    |icmp_ln895_281_reg_6100      |   1|   0|    1|          0|
    |icmp_ln895_282_reg_6106      |   1|   0|    1|          0|
    |icmp_ln895_283_reg_6112      |   1|   0|    1|          0|
    |icmp_ln895_284_reg_6118      |   1|   0|    1|          0|
    |icmp_ln895_285_reg_6124      |   1|   0|    1|          0|
    |icmp_ln895_286_reg_6130      |   1|   0|    1|          0|
    |icmp_ln895_287_reg_6136      |   1|   0|    1|          0|
    |icmp_ln895_288_reg_6142      |   1|   0|    1|          0|
    |icmp_ln895_289_reg_6148      |   1|   0|    1|          0|
    |icmp_ln895_290_reg_6154      |   1|   0|    1|          0|
    |icmp_ln895_291_reg_6160      |   1|   0|    1|          0|
    |icmp_ln895_292_reg_6166      |   1|   0|    1|          0|
    |icmp_ln895_293_reg_6172      |   1|   0|    1|          0|
    |icmp_ln895_294_reg_6178      |   1|   0|    1|          0|
    |icmp_ln895_295_reg_6184      |   1|   0|    1|          0|
    |icmp_ln895_328_reg_6606      |   1|   0|    1|          0|
    |icmp_ln895_329_reg_6612      |   1|   0|    1|          0|
    |icmp_ln895_330_reg_6618      |   1|   0|    1|          0|
    |icmp_ln895_331_reg_6624      |   1|   0|    1|          0|
    |icmp_ln895_332_reg_6630      |   1|   0|    1|          0|
    |icmp_ln895_333_reg_6636      |   1|   0|    1|          0|
    |icmp_ln895_334_reg_6642      |   1|   0|    1|          0|
    |icmp_ln895_335_reg_6648      |   1|   0|    1|          0|
    |icmp_ln895_336_reg_6654      |   1|   0|    1|          0|
    |icmp_ln895_337_reg_6660      |   1|   0|    1|          0|
    |icmp_ln895_338_reg_6666      |   1|   0|    1|          0|
    |icmp_ln895_339_reg_6672      |   1|   0|    1|          0|
    |icmp_ln895_340_reg_6678      |   1|   0|    1|          0|
    |icmp_ln895_341_reg_6684      |   1|   0|    1|          0|
    |icmp_ln895_342_reg_6690      |   1|   0|    1|          0|
    |icmp_ln895_343_reg_6696      |   1|   0|    1|          0|
    |icmp_ln895_376_reg_7118      |   1|   0|    1|          0|
    |icmp_ln895_377_reg_7124      |   1|   0|    1|          0|
    |icmp_ln895_378_reg_7130      |   1|   0|    1|          0|
    |icmp_ln895_379_reg_7136      |   1|   0|    1|          0|
    |icmp_ln895_380_reg_7142      |   1|   0|    1|          0|
    |icmp_ln895_381_reg_7148      |   1|   0|    1|          0|
    |icmp_ln895_382_reg_7154      |   1|   0|    1|          0|
    |icmp_ln895_383_reg_7160      |   1|   0|    1|          0|
    |icmp_ln895_384_reg_7166      |   1|   0|    1|          0|
    |icmp_ln895_385_reg_7172      |   1|   0|    1|          0|
    |icmp_ln895_386_reg_7178      |   1|   0|    1|          0|
    |icmp_ln895_387_reg_7184      |   1|   0|    1|          0|
    |icmp_ln895_388_reg_7190      |   1|   0|    1|          0|
    |icmp_ln895_389_reg_7196      |   1|   0|    1|          0|
    |icmp_ln895_390_reg_7202      |   1|   0|    1|          0|
    |icmp_ln895_391_reg_7208      |   1|   0|    1|          0|
    |l_0_V_reg_6197               |  32|   0|   32|          0|
    |l_10_V_reg_6246              |  32|   0|   32|          0|
    |l_11_V_reg_6260              |  32|   0|   32|          0|
    |l_12_V_reg_6281              |  32|   0|   32|          0|
    |l_13_V_reg_6295              |  32|   0|   32|          0|
    |l_14_V_reg_6274              |  32|   0|   32|          0|
    |l_15_V_reg_6288              |  32|   0|   32|          0|
    |l_16_V_reg_6302              |  32|   0|   32|          0|
    |l_17_V_reg_6316              |  32|   0|   32|          0|
    |l_18_V_reg_6309              |  32|   0|   32|          0|
    |l_19_V_reg_6323              |  32|   0|   32|          0|
    |l_1_V_reg_6211               |  32|   0|   32|          0|
    |l_20_V_reg_6330              |  32|   0|   32|          0|
    |l_21_V_reg_6344              |  32|   0|   32|          0|
    |l_22_V_reg_6337              |  32|   0|   32|          0|
    |l_23_V_reg_6351              |  32|   0|   32|          0|
    |l_24_V_reg_6358              |  32|   0|   32|          0|
    |l_25_V_reg_6372              |  32|   0|   32|          0|
    |l_26_V_reg_6365              |  32|   0|   32|          0|
    |l_27_V_reg_6379              |  32|   0|   32|          0|
    |l_28_V_reg_6386              |  32|   0|   32|          0|
    |l_29_V_reg_6400              |  32|   0|   32|          0|
    |l_2_V_reg_6190               |  32|   0|   32|          0|
    |l_30_V_reg_6393              |  32|   0|   32|          0|
    |l_31_V_reg_6407              |  32|   0|   32|          0|
    |l_3_V_reg_6204               |  32|   0|   32|          0|
    |l_4_V_reg_6225               |  32|   0|   32|          0|
    |l_5_V_reg_6239               |  32|   0|   32|          0|
    |l_6_V_reg_6218               |  32|   0|   32|          0|
    |l_7_V_reg_6232               |  32|   0|   32|          0|
    |l_8_V_reg_6253               |  32|   0|   32|          0|
    |l_9_V_reg_6267               |  32|   0|   32|          0|
    |m_0_V_reg_6420               |  32|   0|   32|          0|
    |m_10_V_reg_6480              |  32|   0|   32|          0|
    |m_11_V_reg_6474              |  32|   0|   32|          0|
    |m_12_V_reg_6492              |  32|   0|   32|          0|
    |m_13_V_reg_6486              |  32|   0|   32|          0|
    |m_14_V_reg_6504              |  32|   0|   32|          0|
    |m_15_V_reg_6498              |  32|   0|   32|          0|
    |m_16_V_reg_6510              |  32|   0|   32|          0|
    |m_17_V_reg_6516              |  32|   0|   32|          0|
    |m_18_V_reg_6522              |  32|   0|   32|          0|
    |m_19_V_reg_6528              |  32|   0|   32|          0|
    |m_1_V_reg_6414               |  32|   0|   32|          0|
    |m_20_V_reg_6534              |  32|   0|   32|          0|
    |m_21_V_reg_6540              |  32|   0|   32|          0|
    |m_22_V_reg_6546              |  32|   0|   32|          0|
    |m_23_V_reg_6552              |  32|   0|   32|          0|
    |m_24_V_reg_6558              |  32|   0|   32|          0|
    |m_25_V_reg_6564              |  32|   0|   32|          0|
    |m_26_V_reg_6570              |  32|   0|   32|          0|
    |m_27_V_reg_6576              |  32|   0|   32|          0|
    |m_28_V_reg_6582              |  32|   0|   32|          0|
    |m_29_V_reg_6588              |  32|   0|   32|          0|
    |m_2_V_reg_6432               |  32|   0|   32|          0|
    |m_30_V_reg_6594              |  32|   0|   32|          0|
    |m_31_V_reg_6600              |  32|   0|   32|          0|
    |m_3_V_reg_6426               |  32|   0|   32|          0|
    |m_4_V_reg_6444               |  32|   0|   32|          0|
    |m_5_V_reg_6438               |  32|   0|   32|          0|
    |m_6_V_reg_6456               |  32|   0|   32|          0|
    |m_7_V_reg_6450               |  32|   0|   32|          0|
    |m_8_V_reg_6468               |  32|   0|   32|          0|
    |m_9_V_reg_6462               |  32|   0|   32|          0|
    |o_0_V_reg_6709               |  32|   0|   32|          0|
    |o_10_V_reg_6730              |  32|   0|   32|          0|
    |o_11_V_reg_6744              |  32|   0|   32|          0|
    |o_12_V_reg_6758              |  32|   0|   32|          0|
    |o_13_V_reg_6772              |  32|   0|   32|          0|
    |o_14_V_reg_6786              |  32|   0|   32|          0|
    |o_15_V_reg_6800              |  32|   0|   32|          0|
    |o_16_V_reg_6821              |  32|   0|   32|          0|
    |o_17_V_reg_6835              |  32|   0|   32|          0|
    |o_18_V_reg_6849              |  32|   0|   32|          0|
    |o_19_V_reg_6863              |  32|   0|   32|          0|
    |o_1_V_reg_6723               |  32|   0|   32|          0|
    |o_20_V_reg_6877              |  32|   0|   32|          0|
    |o_21_V_reg_6891              |  32|   0|   32|          0|
    |o_22_V_reg_6905              |  32|   0|   32|          0|
    |o_23_V_reg_6919              |  32|   0|   32|          0|
    |o_24_V_reg_6814              |  32|   0|   32|          0|
    |o_25_V_reg_6828              |  32|   0|   32|          0|
    |o_26_V_reg_6842              |  32|   0|   32|          0|
    |o_27_V_reg_6856              |  32|   0|   32|          0|
    |o_28_V_reg_6870              |  32|   0|   32|          0|
    |o_29_V_reg_6884              |  32|   0|   32|          0|
    |o_2_V_reg_6737               |  32|   0|   32|          0|
    |o_30_V_reg_6898              |  32|   0|   32|          0|
    |o_31_V_reg_6912              |  32|   0|   32|          0|
    |o_3_V_reg_6751               |  32|   0|   32|          0|
    |o_4_V_reg_6765               |  32|   0|   32|          0|
    |o_5_V_reg_6779               |  32|   0|   32|          0|
    |o_6_V_reg_6793               |  32|   0|   32|          0|
    |o_7_V_reg_6807               |  32|   0|   32|          0|
    |o_8_V_reg_6702               |  32|   0|   32|          0|
    |o_9_V_reg_6716               |  32|   0|   32|          0|
    |p_0_V_reg_6932               |  32|   0|   32|          0|
    |p_10_V_reg_7004              |  32|   0|   32|          0|
    |p_11_V_reg_7016              |  32|   0|   32|          0|
    |p_12_V_reg_6974              |  32|   0|   32|          0|
    |p_13_V_reg_6986              |  32|   0|   32|          0|
    |p_14_V_reg_6998              |  32|   0|   32|          0|
    |p_15_V_reg_7010              |  32|   0|   32|          0|
    |p_16_V_reg_7028              |  32|   0|   32|          0|
    |p_17_V_reg_7040              |  32|   0|   32|          0|
    |p_18_V_reg_7052              |  32|   0|   32|          0|
    |p_19_V_reg_7064              |  32|   0|   32|          0|
    |p_1_V_reg_6944               |  32|   0|   32|          0|
    |p_20_V_reg_7022              |  32|   0|   32|          0|
    |p_21_V_reg_7034              |  32|   0|   32|          0|
    |p_22_V_reg_7046              |  32|   0|   32|          0|
    |p_23_V_reg_7058              |  32|   0|   32|          0|
    |p_24_V_reg_7076              |  32|   0|   32|          0|
    |p_25_V_reg_7088              |  32|   0|   32|          0|
    |p_26_V_reg_7100              |  32|   0|   32|          0|
    |p_27_V_reg_7112              |  32|   0|   32|          0|
    |p_28_V_reg_7070              |  32|   0|   32|          0|
    |p_29_V_reg_7082              |  32|   0|   32|          0|
    |p_2_V_reg_6956               |  32|   0|   32|          0|
    |p_30_V_reg_7094              |  32|   0|   32|          0|
    |p_31_V_reg_7106              |  32|   0|   32|          0|
    |p_3_V_reg_6968               |  32|   0|   32|          0|
    |p_4_V_reg_6926               |  32|   0|   32|          0|
    |p_5_V_reg_6938               |  32|   0|   32|          0|
    |p_6_V_reg_6950               |  32|   0|   32|          0|
    |p_7_V_reg_6962               |  32|   0|   32|          0|
    |p_8_V_reg_6980               |  32|   0|   32|          0|
    |p_9_V_reg_6992               |  32|   0|   32|          0|
    +-----------------------------+----+----+-----+-----------+
    |Total                        |9307|   0| 9307|          0|
    +-----------------------------+----+----+-----+-----------+



================================================================
== Interface
================================================================
* Summary: 
+---------------+-----+-----+------------+---------------+--------------+
|   RTL Ports   | Dir | Bits|  Protocol  | Source Object |    C Type    |
+---------------+-----+-----+------------+---------------+--------------+
|ap_clk         |  in |    1| ap_ctrl_hs |  bitonic32Inc | return value |
|ap_rst         |  in |    1| ap_ctrl_hs |  bitonic32Inc | return value |
|ap_start       |  in |    1| ap_ctrl_hs |  bitonic32Inc | return value |
|ap_done        | out |    1| ap_ctrl_hs |  bitonic32Inc | return value |
|ap_idle        | out |    1| ap_ctrl_hs |  bitonic32Inc | return value |
|ap_ready       | out |    1| ap_ctrl_hs |  bitonic32Inc | return value |
|ap_return_0    | out |   32| ap_ctrl_hs |  bitonic32Inc | return value |
|ap_return_1    | out |   32| ap_ctrl_hs |  bitonic32Inc | return value |
|ap_return_2    | out |   32| ap_ctrl_hs |  bitonic32Inc | return value |
|ap_return_3    | out |   32| ap_ctrl_hs |  bitonic32Inc | return value |
|ap_return_4    | out |   32| ap_ctrl_hs |  bitonic32Inc | return value |
|ap_return_5    | out |   32| ap_ctrl_hs |  bitonic32Inc | return value |
|ap_return_6    | out |   32| ap_ctrl_hs |  bitonic32Inc | return value |
|ap_return_7    | out |   32| ap_ctrl_hs |  bitonic32Inc | return value |
|ap_return_8    | out |   32| ap_ctrl_hs |  bitonic32Inc | return value |
|ap_return_9    | out |   32| ap_ctrl_hs |  bitonic32Inc | return value |
|ap_return_10   | out |   32| ap_ctrl_hs |  bitonic32Inc | return value |
|ap_return_11   | out |   32| ap_ctrl_hs |  bitonic32Inc | return value |
|ap_return_12   | out |   32| ap_ctrl_hs |  bitonic32Inc | return value |
|ap_return_13   | out |   32| ap_ctrl_hs |  bitonic32Inc | return value |
|ap_return_14   | out |   32| ap_ctrl_hs |  bitonic32Inc | return value |
|ap_return_15   | out |   32| ap_ctrl_hs |  bitonic32Inc | return value |
|ap_return_16   | out |   32| ap_ctrl_hs |  bitonic32Inc | return value |
|ap_return_17   | out |   32| ap_ctrl_hs |  bitonic32Inc | return value |
|ap_return_18   | out |   32| ap_ctrl_hs |  bitonic32Inc | return value |
|ap_return_19   | out |   32| ap_ctrl_hs |  bitonic32Inc | return value |
|ap_return_20   | out |   32| ap_ctrl_hs |  bitonic32Inc | return value |
|ap_return_21   | out |   32| ap_ctrl_hs |  bitonic32Inc | return value |
|ap_return_22   | out |   32| ap_ctrl_hs |  bitonic32Inc | return value |
|ap_return_23   | out |   32| ap_ctrl_hs |  bitonic32Inc | return value |
|ap_return_24   | out |   32| ap_ctrl_hs |  bitonic32Inc | return value |
|ap_return_25   | out |   32| ap_ctrl_hs |  bitonic32Inc | return value |
|ap_return_26   | out |   32| ap_ctrl_hs |  bitonic32Inc | return value |
|ap_return_27   | out |   32| ap_ctrl_hs |  bitonic32Inc | return value |
|ap_return_28   | out |   32| ap_ctrl_hs |  bitonic32Inc | return value |
|ap_return_29   | out |   32| ap_ctrl_hs |  bitonic32Inc | return value |
|ap_return_30   | out |   32| ap_ctrl_hs |  bitonic32Inc | return value |
|ap_return_31   | out |   32| ap_ctrl_hs |  bitonic32Inc | return value |
|in1_0_V_read   |  in |   32|   ap_none  |  in1_0_V_read |    scalar    |
|in1_1_V_read   |  in |   32|   ap_none  |  in1_1_V_read |    scalar    |
|in1_2_V_read   |  in |   32|   ap_none  |  in1_2_V_read |    scalar    |
|in1_3_V_read   |  in |   32|   ap_none  |  in1_3_V_read |    scalar    |
|in1_4_V_read   |  in |   32|   ap_none  |  in1_4_V_read |    scalar    |
|in1_5_V_read   |  in |   32|   ap_none  |  in1_5_V_read |    scalar    |
|in1_6_V_read   |  in |   32|   ap_none  |  in1_6_V_read |    scalar    |
|in1_7_V_read   |  in |   32|   ap_none  |  in1_7_V_read |    scalar    |
|in1_8_V_read   |  in |   32|   ap_none  |  in1_8_V_read |    scalar    |
|in1_9_V_read   |  in |   32|   ap_none  |  in1_9_V_read |    scalar    |
|in1_10_V_read  |  in |   32|   ap_none  | in1_10_V_read |    scalar    |
|in1_11_V_read  |  in |   32|   ap_none  | in1_11_V_read |    scalar    |
|in1_12_V_read  |  in |   32|   ap_none  | in1_12_V_read |    scalar    |
|in1_13_V_read  |  in |   32|   ap_none  | in1_13_V_read |    scalar    |
|in1_14_V_read  |  in |   32|   ap_none  | in1_14_V_read |    scalar    |
|in1_15_V_read  |  in |   32|   ap_none  | in1_15_V_read |    scalar    |
|in1_16_V_read  |  in |   32|   ap_none  | in1_16_V_read |    scalar    |
|in1_17_V_read  |  in |   32|   ap_none  | in1_17_V_read |    scalar    |
|in1_18_V_read  |  in |   32|   ap_none  | in1_18_V_read |    scalar    |
|in1_19_V_read  |  in |   32|   ap_none  | in1_19_V_read |    scalar    |
|in1_20_V_read  |  in |   32|   ap_none  | in1_20_V_read |    scalar    |
|in1_21_V_read  |  in |   32|   ap_none  | in1_21_V_read |    scalar    |
|in1_22_V_read  |  in |   32|   ap_none  | in1_22_V_read |    scalar    |
|in1_23_V_read  |  in |   32|   ap_none  | in1_23_V_read |    scalar    |
|in1_24_V_read  |  in |   32|   ap_none  | in1_24_V_read |    scalar    |
|in1_25_V_read  |  in |   32|   ap_none  | in1_25_V_read |    scalar    |
|in1_26_V_read  |  in |   32|   ap_none  | in1_26_V_read |    scalar    |
|in1_27_V_read  |  in |   32|   ap_none  | in1_27_V_read |    scalar    |
|in1_28_V_read  |  in |   32|   ap_none  | in1_28_V_read |    scalar    |
|in1_29_V_read  |  in |   32|   ap_none  | in1_29_V_read |    scalar    |
|in1_30_V_read  |  in |   32|   ap_none  | in1_30_V_read |    scalar    |
|in1_31_V_read  |  in |   32|   ap_none  | in1_31_V_read |    scalar    |
+---------------+-----+-----+------------+---------------+--------------+

